#
# A fatal error has been detected by the Java Runtime Environment:
#
#  SIGBUS (0x7) at pc=0x00007faf7809289e, pid=26298, tid=140391143909120
#
# JRE version: OpenJDK Runtime Environment (8.0_20-b26) (build 1.8.0_20-b26)
# Java VM: OpenJDK 64-Bit Server VM (25.20-b23 mixed mode linux-amd64 compressed oops)
# Problematic frame:
# V  [libjvm.so+0x86c89e]
#
# Failed to write core dump. Core dumps have been disabled. To enable core dumping, try "ulimit -c unlimited" before starting Java again
#
# If you would like to submit a bug report, please visit:
#   http://bugreport.sun.com/bugreport/crash.jsp
#

---------------  T H R E A D  ---------------

Current thread (0x00007faf700cd000):  WatcherThread [stack: 0x00007faf5c332000,0x00007faf5c433000] [id=26334]

siginfo: si_signo: 7 (SIGBUS), si_code: 2 (BUS_ADRERR), si_addr: 0x00007faf794c4420

Registers:
RAX=0x0000000009ea9b08, RBX=0x00007faf794c4420, RCX=0x0000000000000000, RDX=0x00007faf78666390
RSP=0x00007faf5c431e00, RBP=0x00007faf5c431e10, RSI=0x0000000000000032, RDI=0x00007faf70019c90
R8 =0x0000000000000001, R9 =0x0000000000000000, R10=0x000000000b896eb2, R11=0x0000000000000000
R12=0x0000000000000008, R13=0x00007faf7001be90, R14=0x0000000000000002, R15=0x00007faf786a8440
RIP=0x00007faf7809289e, EFLAGS=0x0000000000010202, CSGSFS=0x0000000000000033, ERR=0x0000000000000007
  TRAPNO=0x000000000000000e

Top of Stack: (sp=0x00007faf5c431e00)
0x00007faf5c431e00:   00007faf700081a0 0000000000000001
0x00007faf5c431e10:   00007faf5c431e40 00007faf7811c21c
0x00007faf5c431e20:   00007faf5c431e40 0000000000000001
0x00007faf5c431e30:   0000000000000032 0000000000000032
0x00007faf5c431e40:   00007faf5c431e90 00007faf781604d0
0x00007faf5c431e50:   00007faf700ce600 00007faf700081a0
0x00007faf5c431e60:   0000000000000000 0000000000000032
0x00007faf5c431e70:   00007faf700cd000 00007faf700cd000
0x00007faf5c431e80:   0000000000000000 00007faf5c432700
0x00007faf5c431e90:   00007faf5c431f10 00007faf78189b07
0x00007faf5c431ea0:   0000000000000000 0000000000000000
0x00007faf5c431eb0:   0000000000000001 00007faf700cd000
0x00007faf5c431ec0:   00007faf5c431f10 00007faf7801868f
0x00007faf5c431ed0:   00007faf700cd000 0000000000000000
0x00007faf5c431ee0:   00007faf5c431f10 00007faf700ce6f0
0x00007faf5c431ef0:   00007faf700ce600 00007faf700cd000
0x00007faf5c431f00:   0000000000000000 00007faf5c432700
0x00007faf5c431f10:   00007faf5c431f50 00007faf7804f3b2
0x00007faf5c431f20:   0000000000000000 0000000000000000
0x00007faf5c431f30:   0000000000000000 00007faf794cf000
0x00007faf5c431f40:   0000000000000000 00007faf5c432700
0x00007faf5c431f50:   0000000000000000 00007faf786c90a4
0x00007faf5c431f60:   0000000000000000 00007faf5c432700
0x00007faf5c431f70:   00007faf5c432700 5501fc3362255e61
0x00007faf5c431f80:   0000000000000000 00007faf794cf000
0x00007faf5c431f90:   0000000000000000 00007faf5c432700
0x00007faf5c431fa0:   aa5f44b55ce55e61 aa5f0cea42ff5e61
0x00007faf5c431fb0:   0000000000000000 0000000000000000
0x00007faf5c431fc0:   0000000000000000 0000000000000000
0x00007faf5c431fd0:   0000000000000000 0000000000000000
0x00007faf5c431fe0:   0000000000000000 0000000000000000
0x00007faf5c431ff0:   00007faf5c432700 00007faf78ddd7fd 

Instructions: (pc=0x00007faf7809289e)
0x00007faf7809287e:   98 ff 48 8b 47 38 48 85 c0 74 1e 55 48 89 e5 53
0x00007faf7809288e:   48 83 ec 08 48 8b 5f 28 48 8b 10 48 89 c7 ff 12
0x00007faf7809289e:   48 89 03 48 83 c4 08 5b 5d f3 c3 0f 1f 80 00 00
0x00007faf780928ae:   00 00 55 48 89 e5 41 54 53 48 89 fb 48 83 ec 10 

Register to memory mapping:

RAX=0x0000000009ea9b08 is an unknown value
RBX=0x00007faf794c4420 is an unknown value
RCX=0x0000000000000000 is an unknown value
RDX=0x00007faf78666390: <offset 0xe40390> in /usr/lib64/jvm/java-1.8.0-openjdk-1.8.0/jre/lib/amd64/server/libjvm.so at 0x00007faf77826000
RSP=0x00007faf5c431e00 is an unknown value
RBP=0x00007faf5c431e10 is an unknown value
RSI=0x0000000000000032 is an unknown value
RDI=0x00007faf70019c90 is an unknown value
R8 =0x0000000000000001 is an unknown value
R9 =0x0000000000000000 is an unknown value
R10=0x000000000b896eb2 is an unknown value
R11=0x0000000000000000 is an unknown value
R12=0x0000000000000008 is an unknown value
R13=0x00007faf7001be90 is an unknown value
R14=0x0000000000000002 is an unknown value
R15=0x00007faf786a8440: <offset 0xe82440> in /usr/lib64/jvm/java-1.8.0-openjdk-1.8.0/jre/lib/amd64/server/libjvm.so at 0x00007faf77826000


Stack: [0x00007faf5c332000,0x00007faf5c433000],  sp=0x00007faf5c431e00,  free space=1023k
Native frames: (J=compiled Java code, j=interpreted, Vv=VM code, C=native code)
V  [libjvm.so+0x86c89e]
V  [libjvm.so+0x8f621c]
V  [libjvm.so+0x93a4d0]
V  [libjvm.so+0x963b07]
V  [libjvm.so+0x8293b2]


---------------  P R O C E S S  ---------------

Java Threads: ( => current thread )
  0x00007faf70408000 JavaThread "clojure-agent-send-off-pool-0" [_thread_blocked, id=26346, stack(0x00007faf574ff000,0x00007faf57600000)]
  0x00007faf700ca800 JavaThread "Service Thread" daemon [_thread_blocked, id=26333, stack(0x00007faf5c433000,0x00007faf5c534000)]
  0x00007faf700b5000 JavaThread "C1 CompilerThread2" daemon [_thread_blocked, id=26332, stack(0x00007faf5c534000,0x00007faf5c635000)]
  0x00007faf700b3000 JavaThread "C2 CompilerThread1" daemon [_thread_blocked, id=26331, stack(0x00007faf5c635000,0x00007faf5c736000)]
  0x00007faf700b0800 JavaThread "C2 CompilerThread0" daemon [_thread_blocked, id=26330, stack(0x00007faf5c736000,0x00007faf5c837000)]
  0x00007faf700ae000 JavaThread "Signal Dispatcher" daemon [_thread_blocked, id=26329, stack(0x00007faf5c837000,0x00007faf5c938000)]
  0x00007faf7007b000 JavaThread "Finalizer" daemon [_thread_blocked, id=26324, stack(0x00007faf5ca68000,0x00007faf5cb69000)]
  0x00007faf70079000 JavaThread "Reference Handler" daemon [_thread_blocked, id=26323, stack(0x00007faf5cb69000,0x00007faf5cc6a000)]
  0x00007faf70008800 JavaThread "main" [_thread_blocked, id=26301, stack(0x00007faf79397000,0x00007faf79498000)]

Other Threads:
  0x00007faf70072000 VMThread [stack: 0x00007faf5cc6a000,0x00007faf5cd6b000] [id=26322]
=>0x00007faf700cd000 WatcherThread [stack: 0x00007faf5c332000,0x00007faf5c433000] [id=26334]

VM state:not at safepoint (normal execution)

VM Mutex/Monitor currently owned by a thread:  ([mutex/lock_event])
[0x00007faf700081a0] PeriodicTask_lock - owner thread: 0x00007faf700cd000

Heap:
 PSYoungGen      total 326656K, used 164070K [0x00000000d6f80000, 0x00000000f6200000, 0x0000000100000000)
  eden space 324608K, 50% used [0x00000000d6f80000,0x00000000e0e29b08,0x00000000eac80000)
  from space 2048K, 78% used [0x00000000f3e80000,0x00000000f4010000,0x00000000f4080000)
  to   space 18432K, 0% used [0x00000000f5000000,0x00000000f5000000,0x00000000f6200000)
 ParOldGen       total 54784K, used 30308K [0x0000000084e00000, 0x0000000088380000, 0x00000000d6f80000)
  object space 54784K, 55% used [0x0000000084e00000,0x0000000086b99220,0x0000000088380000)
 Metaspace       used 22980K, capacity 29395K, committed 29696K, reserved 1071104K
  class space    used 5415K, capacity 7309K, committed 7424K, reserved 1048576K

Card table byte_map: [0x00007faf7601e000,0x00007faf763f8000] byte_map_base: 0x00007faf75bf7000

Marking Bits: (ParMarkBitMap*) 0x00007faf786a6560
 Begin Bits: [0x00007faf5d270000, 0x00007faf5f138000)
 End Bits:   [0x00007faf5f138000, 0x00007faf61000000)

Polling page: 0x00007faf794cc000

CodeCache: size=245760Kb used=6922Kb max_used=6922Kb free=238837Kb
 bounds [0x00007faf61000000, 0x00007faf616d0000, 0x00007faf70000000]
 total_blobs=2839 nmethods=2500 adapters=253
 compilation: enabled

Compilation events (10 events):
Event: 259.221 Thread 0x00007faf700b5000 2496       1       cljsbuild.util$once_every$fn__138::invoke (4 bytes)
Event: 259.221 Thread 0x00007faf700b5000 nmethod 2496 0x00007faf616c0150 code [0x00007faf616c02a0, 0x00007faf616c03b0]
Event: 259.221 Thread 0x00007faf700b5000 2497       1       cljsbuild.util$once_every$fn__136::<init> (15 bytes)
Event: 259.221 Thread 0x00007faf700b5000 nmethod 2497 0x00007faf616c0410 code [0x00007faf616c0560, 0x00007faf616c0690]
Event: 259.221 Thread 0x00007faf700b5000 2498       1       cljsbuild.util$sleep::invoke (14 bytes)
Event: 259.222 Thread 0x00007faf700b5000 nmethod 2498 0x00007faf616c0710 code [0x00007faf616c0880, 0x00007faf616c09f8]
Event: 387.237 Thread 0x00007faf700b5000 2499   !   1       cljsbuild.util$once_every$fn__136::invoke (62 bytes)
Event: 387.238 Thread 0x00007faf700b5000 nmethod 2499 0x00007faf616c0ad0 code [0x00007faf616c0c80, 0x00007faf616c0f68]
Event: 6074.356 Thread 0x00007faf700b5000 2500 % !   1       user$eval3406::invoke @ 132 (294 bytes)
Event: 6074.357 Thread 0x00007faf700b5000 nmethod 2500% 0x00007faf616c1110 code [0x00007faf616c13a0, 0x00007faf616c1e28]

GC Heap History (10 events):
Event: 5507.336 GC heap before
{Heap before GC invocations=16 (full 1):
 PSYoungGen      total 414720K, used 414720K [0x00000000d6f80000, 0x00000000f8d80000, 0x0000000100000000)
  eden space 406016K, 100% used [0x00000000d6f80000,0x00000000efc00000,0x00000000efc00000)
  from space 8704K, 100% used [0x00000000f8500000,0x00000000f8d80000,0x00000000f8d80000)
  to   space 17408K, 0% used [0x00000000f6b80000,0x00000000f6b80000,0x00000000f7c80000)
 ParOldGen       total 54784K, used 23108K [0x0000000084e00000, 0x0000000088380000, 0x00000000d6f80000)
  object space 54784K, 42% used [0x0000000084e00000,0x0000000086491210,0x0000000088380000)
 Metaspace       used 22980K, capacity 29395K, committed 29696K, reserved 1071104K
  class space    used 5415K, capacity 7309K, committed 7424K, reserved 1048576K
Event: 5507.351 GC heap after
Heap after GC invocations=16 (full 1):
 PSYoungGen      total 390144K, used 1632K [0x00000000d6f80000, 0x00000000f8580000, 0x0000000100000000)
  eden space 388096K, 0% used [0x00000000d6f80000,0x00000000d6f80000,0x00000000eea80000)
  from space 2048K, 79% used [0x00000000f6b80000,0x00000000f6d18000,0x00000000f6d80000)
  to   space 18432K, 0% used [0x00000000f7380000,0x00000000f7380000,0x00000000f8580000)
 ParOldGen       total 54784K, used 30292K [0x0000000084e00000, 0x0000000088380000, 0x00000000d6f80000)
  object space 54784K, 55% used [0x0000000084e00000,0x0000000086b95220,0x0000000088380000)
 Metaspace       used 22980K, capacity 29395K, committed 29696K, reserved 1071104K
  class space    used 5415K, capacity 7309K, committed 7424K, reserved 1048576K
}
Event: 6253.516 GC heap before
{Heap before GC invocations=17 (full 1):
 PSYoungGen      total 390144K, used 389728K [0x00000000d6f80000, 0x00000000f8580000, 0x0000000100000000)
  eden space 388096K, 100% used [0x00000000d6f80000,0x00000000eea80000,0x00000000eea80000)
  from space 2048K, 79% used [0x00000000f6b80000,0x00000000f6d18000,0x00000000f6d80000)
  to   space 18432K, 0% used [0x00000000f7380000,0x00000000f7380000,0x00000000f8580000)
 ParOldGen       total 54784K, used 30292K [0x0000000084e00000, 0x0000000088380000, 0x00000000d6f80000)
  object space 54784K, 55% used [0x0000000084e00000,0x0000000086b95220,0x0000000088380000)
 Metaspace       used 22980K, capacity 29395K, committed 29696K, reserved 1071104K
  class space    used 5415K, capacity 7309K, committed 7424K, reserved 1048576K
Event: 6253.522 GC heap after
Heap after GC invocations=17 (full 1):
 PSYoungGen      total 373248K, used 1600K [0x00000000d6f80000, 0x00000000f7580000, 0x0000000100000000)
  eden space 371200K, 0% used [0x00000000d6f80000,0x00000000d6f80000,0x00000000eda00000)
  from space 2048K, 78% used [0x00000000f7380000,0x00000000f7510000,0x00000000f7580000)
  to   space 18432K, 0% used [0x00000000f5180000,0x00000000f5180000,0x00000000f6380000)
 ParOldGen       total 54784K, used 30300K [0x0000000084e00000, 0x0000000088380000, 0x00000000d6f80000)
  object space 54784K, 55% used [0x0000000084e00000,0x0000000086b97220,0x0000000088380000)
 Metaspace       used 22980K, capacity 29395K, committed 29696K, reserved 1071104K
  class space    used 5415K, capacity 7309K, committed 7424K, reserved 1048576K
}
Event: 6967.147 GC heap before
{Heap before GC invocations=18 (full 1):
 PSYoungGen      total 373248K, used 372800K [0x00000000d6f80000, 0x00000000f7580000, 0x0000000100000000)
  eden space 371200K, 100% used [0x00000000d6f80000,0x00000000eda00000,0x00000000eda00000)
  from space 2048K, 78% used [0x00000000f7380000,0x00000000f7510000,0x00000000f7580000)
  to   space 18432K, 0% used [0x00000000f5180000,0x00000000f5180000,0x00000000f6380000)
 ParOldGen       total 54784K, used 30300K [0x0000000084e00000, 0x0000000088380000, 0x00000000d6f80000)
  object space 54784K, 55% used [0x0000000084e00000,0x0000000086b97220,0x0000000088380000)
 Metaspace       used 22980K, capacity 29395K, committed 29696K, reserved 1071104K
  class space    used 5415K, capacity 7309K, committed 7424K, reserved 1048576K
Event: 6967.151 GC heap after
Heap after GC invocations=18 (full 1):
 PSYoungGen      total 356864K, used 1600K [0x00000000d6f80000, 0x00000000f7400000, 0x0000000100000000)
  eden space 354816K, 0% used [0x00000000d6f80000,0x00000000d6f80000,0x00000000eca00000)
  from space 2048K, 78% used [0x00000000f5180000,0x00000000f5310000,0x00000000f5380000)
  to   space 18944K, 0% used [0x00000000f6180000,0x00000000f6180000,0x00000000f7400000)
 ParOldGen       total 54784K, used 30300K [0x0000000084e00000, 0x0000000088380000, 0x00000000d6f80000)
  object space 54784K, 55% used [0x0000000084e00000,0x0000000086b97220,0x0000000088380000)
 Metaspace       used 22980K, capacity 29395K, committed 29696K, reserved 1071104K
  class space    used 5415K, capacity 7309K, committed 7424K, reserved 1048576K
}
Event: 7638.165 GC heap before
{Heap before GC invocations=19 (full 1):
 PSYoungGen      total 356864K, used 356416K [0x00000000d6f80000, 0x00000000f7400000, 0x0000000100000000)
  eden space 354816K, 100% used [0x00000000d6f80000,0x00000000eca00000,0x00000000eca00000)
  from space 2048K, 78% used [0x00000000f5180000,0x00000000f5310000,0x00000000f5380000)
  to   space 18944K, 0% used [0x00000000f6180000,0x00000000f6180000,0x00000000f7400000)
 ParOldGen       total 54784K, used 30300K [0x0000000084e00000, 0x0000000088380000, 0x00000000d6f80000)
  object space 54784K, 55% used [0x0000000084e00000,0x0000000086b97220,0x0000000088380000)
 Metaspace       used 22980K, capacity 29395K, committed 29696K, reserved 1071104K
  class space    used 5415K, capacity 7309K, committed 7424K, reserved 1048576K
Event: 7638.170 GC heap after
Heap after GC invocations=19 (full 1):
 PSYoungGen      total 341504K, used 1632K [0x00000000d6f80000, 0x00000000f6380000, 0x0000000100000000)
  eden space 339456K, 0% used [0x00000000d6f80000,0x00000000d6f80000,0x00000000ebb00000)
  from space 2048K, 79% used [0x00000000f6180000,0x00000000f6318000,0x00000000f6380000)
  to   space 18944K, 0% used [0x00000000f3e80000,0x00000000f3e80000,0x00000000f5100000)
 ParOldGen       total 54784K, used 30300K [0x0000000084e00000, 0x0000000088380000, 0x00000000d6f80000)
  object space 54784K, 55% used [0x0000000084e00000,0x0000000086b97220,0x0000000088380000)
 Metaspace       used 22980K, capacity 29395K, committed 29696K, reserved 1071104K
  class space    used 5415K, capacity 7309K, committed 7424K, reserved 1048576K
}
Event: 8279.265 GC heap before
{Heap before GC invocations=20 (full 1):
 PSYoungGen      total 341504K, used 341088K [0x00000000d6f80000, 0x00000000f6380000, 0x0000000100000000)
  eden space 339456K, 100% used [0x00000000d6f80000,0x00000000ebb00000,0x00000000ebb00000)
  from space 2048K, 79% used [0x00000000f6180000,0x00000000f6318000,0x00000000f6380000)
  to   space 18944K, 0% used [0x00000000f3e80000,0x00000000f3e80000,0x00000000f5100000)
 ParOldGen       total 54784K, used 30300K [0x0000000084e00000, 0x0000000088380000, 0x00000000d6f80000)
  object space 54784K, 55% used [0x0000000084e00000,0x0000000086b97220,0x0000000088380000)
 Metaspace       used 22980K, capacity 29395K, committed 29696K, reserved 1071104K
  class space    used 5415K, capacity 7309K, committed 7424K, reserved 1048576K
Event: 8279.272 GC heap after
Heap after GC invocations=20 (full 1):
 PSYoungGen      total 326656K, used 1600K [0x00000000d6f80000, 0x00000000f6200000, 0x0000000100000000)
  eden space 324608K, 0% used [0x00000000d6f80000,0x00000000d6f80000,0x00000000eac80000)
  from space 2048K, 78% used [0x00000000f3e80000,0x00000000f4010000,0x00000000f4080000)
  to   space 18432K, 0% used [0x00000000f5000000,0x00000000f5000000,0x00000000f6200000)
 ParOldGen       total 54784K, used 30308K [0x0000000084e00000, 0x0000000088380000, 0x00000000d6f80000)
  object space 54784K, 55% used [0x0000000084e00000,0x0000000086b99220,0x0000000088380000)
 Metaspace       used 22980K, capacity 29395K, committed 29696K, reserved 1071104K
  class space    used 5415K, capacity 7309K, committed 7424K, reserved 1048576K
}

Deoptimization events (0 events):
No events

Internal exceptions (10 events):
Event: 168.786 Thread 0x00007faf70008800 Exception <a 'java/security/PrivilegedActionException'> (0x00000000e061e210) thrown at [/home/abuild/rpmbuild/BUILD/jdk8u20-d1a7ea2c3e10/hotspot/src/share/vm/prims/jvm.cpp, line 1275]
Event: 168.787 Thread 0x00007faf70008800 Exception <a 'java/security/PrivilegedActionException'> (0x00000000e0629de0) thrown at [/home/abuild/rpmbuild/BUILD/jdk8u20-d1a7ea2c3e10/hotspot/src/share/vm/prims/jvm.cpp, line 1275]
Event: 168.788 Thread 0x00007faf70008800 Exception <a 'java/security/PrivilegedActionException'> (0x00000000e0630090) thrown at [/home/abuild/rpmbuild/BUILD/jdk8u20-d1a7ea2c3e10/hotspot/src/share/vm/prims/jvm.cpp, line 1275]
Event: 168.788 Thread 0x00007faf70008800 Exception <a 'java/security/PrivilegedActionException'> (0x00000000e06365a8) thrown at [/home/abuild/rpmbuild/BUILD/jdk8u20-d1a7ea2c3e10/hotspot/src/share/vm/prims/jvm.cpp, line 1275]
Event: 168.790 Thread 0x00007faf70008800 Exception <a 'java/security/PrivilegedActionException'> (0x00000000e064a3c8) thrown at [/home/abuild/rpmbuild/BUILD/jdk8u20-d1a7ea2c3e10/hotspot/src/share/vm/prims/jvm.cpp, line 1275]
Event: 168.799 Thread 0x00007faf70008800 Exception <a 'java/security/PrivilegedActionException'> (0x00000000e06e18e0) thrown at [/home/abuild/rpmbuild/BUILD/jdk8u20-d1a7ea2c3e10/hotspot/src/share/vm/prims/jvm.cpp, line 1275]
Event: 168.799 Thread 0x00007faf70008800 Exception <a 'java/security/PrivilegedActionException'> (0x00000000e06eb5b8) thrown at [/home/abuild/rpmbuild/BUILD/jdk8u20-d1a7ea2c3e10/hotspot/src/share/vm/prims/jvm.cpp, line 1275]
Event: 168.801 Thread 0x00007faf70008800 Exception <a 'java/security/PrivilegedActionException'> (0x00000000e0704218) thrown at [/home/abuild/rpmbuild/BUILD/jdk8u20-d1a7ea2c3e10/hotspot/src/share/vm/prims/jvm.cpp, line 1275]
Event: 168.801 Thread 0x00007faf70008800 Exception <a 'java/security/PrivilegedActionException'> (0x00000000e0706880) thrown at [/home/abuild/rpmbuild/BUILD/jdk8u20-d1a7ea2c3e10/hotspot/src/share/vm/prims/jvm.cpp, line 1275]
Event: 168.813 Thread 0x00007faf70008800 Exception <a 'java/security/PrivilegedActionException'> (0x00000000e0ba8820) thrown at [/home/abuild/rpmbuild/BUILD/jdk8u20-d1a7ea2c3e10/hotspot/src/share/vm/prims/jvm.cpp, line 1275]

Events (10 events):
Event: 5507.336 Executing VM operation: ParallelGCFailedAllocation
Event: 5507.351 Executing VM operation: ParallelGCFailedAllocation done
Event: 6253.516 Executing VM operation: ParallelGCFailedAllocation
Event: 6253.522 Executing VM operation: ParallelGCFailedAllocation done
Event: 6967.147 Executing VM operation: ParallelGCFailedAllocation
Event: 6967.151 Executing VM operation: ParallelGCFailedAllocation done
Event: 7638.165 Executing VM operation: ParallelGCFailedAllocation
Event: 7638.171 Executing VM operation: ParallelGCFailedAllocation done
Event: 8279.265 Executing VM operation: ParallelGCFailedAllocation
Event: 8279.272 Executing VM operation: ParallelGCFailedAllocation done


Dynamic libraries:
00400000-00401000 r-xp 00000000 00:20 249191                             /usr/lib64/jvm/java-1.8.0-openjdk-1.8.0/jre/bin/java
00600000-00601000 r--p 00000000 00:20 249191                             /usr/lib64/jvm/java-1.8.0-openjdk-1.8.0/jre/bin/java
00601000-00602000 rw-p 00001000 00:20 249191                             /usr/lib64/jvm/java-1.8.0-openjdk-1.8.0/jre/bin/java
01aa1000-01ac2000 rw-p 00000000 00:00 0                                  [heap]
84e00000-88380000 rw-p 00000000 00:00 0 
88380000-d6f80000 ---p 00000000 00:00 0 
d6f80000-f6200000 rw-p 00000000 00:00 0 
f6200000-100000000 ---p 00000000 00:00 0 
100000000-100740000 rw-p 00000000 00:00 0 
100740000-140000000 ---p 00000000 00:00 0 
7faf18000000-7faf18021000 rw-p 00000000 00:00 0 
7faf18021000-7faf1c000000 ---p 00000000 00:00 0 
7faf20000000-7faf20021000 rw-p 00000000 00:00 0 
7faf20021000-7faf24000000 ---p 00000000 00:00 0 
7faf24000000-7faf24021000 rw-p 00000000 00:00 0 
7faf24021000-7faf28000000 ---p 00000000 00:00 0 
7faf28000000-7faf28021000 rw-p 00000000 00:00 0 
7faf28021000-7faf2c000000 ---p 00000000 00:00 0 
7faf2c000000-7faf2c75a000 rw-p 00000000 00:00 0 
7faf2c75a000-7faf30000000 ---p 00000000 00:00 0 
7faf30000000-7faf30021000 rw-p 00000000 00:00 0 
7faf30021000-7faf34000000 ---p 00000000 00:00 0 
7faf34000000-7faf34056000 rw-p 00000000 00:00 0 
7faf34056000-7faf38000000 ---p 00000000 00:00 0 
7faf38000000-7faf38021000 rw-p 00000000 00:00 0 
7faf38021000-7faf3c000000 ---p 00000000 00:00 0 
7faf3c000000-7faf3c021000 rw-p 00000000 00:00 0 
7faf3c021000-7faf40000000 ---p 00000000 00:00 0 
7faf40000000-7faf40021000 rw-p 00000000 00:00 0 
7faf40021000-7faf44000000 ---p 00000000 00:00 0 
7faf44000000-7faf4403e000 rw-p 00000000 00:00 0 
7faf4403e000-7faf48000000 ---p 00000000 00:00 0 
7faf48000000-7faf48021000 rw-p 00000000 00:00 0 
7faf48021000-7faf4c000000 ---p 00000000 00:00 0 
7faf50000000-7faf50021000 rw-p 00000000 00:00 0 
7faf50021000-7faf54000000 ---p 00000000 00:00 0 
7faf572ff000-7faf574bf000 rw-p 00000000 00:00 0 
7faf574bf000-7faf574ff000 ---p 00000000 00:00 0 
7faf574ff000-7faf57502000 ---p 00000000 00:00 0 
7faf57502000-7faf57800000 rw-p 00000000 00:00 0                          [stack:26346]
7faf57800000-7faf57a00000 rw-p 00000000 00:00 0 
7faf57a00000-7faf57c00000 rw-p 00000000 00:00 0 
7faf57c00000-7faf57e00000 rw-p 00000000 00:00 0 
7faf57e00000-7faf58000000 rw-p 00000000 00:00 0 
7faf58000000-7faf58021000 rw-p 00000000 00:00 0 
7faf58021000-7faf5c000000 ---p 00000000 00:00 0 
7faf5c099000-7faf5c0c6000 r--s 0028a000 08:04 271693729                  /home/user/.m2/repository/com/google/javascript/closure-compiler/v20140625/closure-compiler-v20140625.jar
7faf5c0c6000-7faf5c2c6000 rw-p 00000000 00:00 0 
7faf5c2c6000-7faf5c305000 r--s 00340000 08:04 7884903                    /home/user/.m2/repository/org/clojure/clojure/1.6.0/clojure-1.6.0.jar
7faf5c305000-7faf5c332000 r--s 004c0000 08:04 7884906                    /home/user/.m2/repository/org/clojure/google-closure-library/0.0-20140718-946a7d39/google-closure-library-0.0-20140718-946a7d39.jar
7faf5c332000-7faf5c333000 ---p 00000000 00:00 0 
7faf5c333000-7faf5c433000 rw-p 00000000 00:00 0                          [stack:26334]
7faf5c433000-7faf5c436000 ---p 00000000 00:00 0 
7faf5c436000-7faf5c534000 rw-p 00000000 00:00 0                          [stack:26333]
7faf5c534000-7faf5c537000 ---p 00000000 00:00 0 
7faf5c537000-7faf5c635000 rw-p 00000000 00:00 0                          [stack:26332]
7faf5c635000-7faf5c638000 ---p 00000000 00:00 0 
7faf5c638000-7faf5c736000 rw-p 00000000 00:00 0                          [stack:26331]
7faf5c736000-7faf5c739000 ---p 00000000 00:00 0 
7faf5c739000-7faf5c837000 rw-p 00000000 00:00 0                          [stack:26330]
7faf5c837000-7faf5c83a000 ---p 00000000 00:00 0 
7faf5c83a000-7faf5c938000 rw-p 00000000 00:00 0                          [stack:26329]
7faf5c938000-7faf5ca68000 r--p 00000000 00:20 111828                     /usr/lib/locale/en_US.utf8/LC_COLLATE
7faf5ca68000-7faf5ca6b000 ---p 00000000 00:00 0 
7faf5ca6b000-7faf5cb69000 rw-p 00000000 00:00 0                          [stack:26324]
7faf5cb69000-7faf5cb6c000 ---p 00000000 00:00 0 
7faf5cb6c000-7faf5cc6a000 rw-p 00000000 00:00 0                          [stack:26323]
7faf5cc6a000-7faf5cc6b000 ---p 00000000 00:00 0 
7faf5cc6b000-7faf61000000 rw-p 00000000 00:00 0                          [stack:26322]
7faf61000000-7faf616d0000 rwxp 00000000 00:00 0 
7faf616d0000-7faf70000000 ---p 00000000 00:00 0 
7faf70000000-7faf71052000 rw-p 00000000 00:00 0 
7faf71052000-7faf74000000 ---p 00000000 00:00 0 
7faf74006000-7faf74007000 rw-p 00000000 00:00 0 
7faf74007000-7faf7400f000 r--s 0007b000 08:04 406752285                  /home/user/.m2/repository/com/google/protobuf/protobuf-java/2.5.0/protobuf-java-2.5.0.jar
7faf7400f000-7faf74010000 r--s 00001000 08:04 7884907                    /home/user/.m2/repository/org/clojure/data.json/0.2.3/data.json-0.2.3.jar
7faf74010000-7faf74011000 r--s 00001000 08:04 7880431                    /home/user/.m2/repository/fs/fs/1.1.2/fs-1.1.2.jar
7faf74011000-7faf74013000 r--s 00026000 08:04 138827014                  /home/user/.m2/repository/org/clojure/clojurescript/0.0-2371/clojurescript-0.0-2371.jar
7faf74013000-7faf74015000 r--s 00008000 08:04 7884909                    /home/user/.m2/repository/org/clojure/tools.nrepl/0.2.6/tools.nrepl-0.2.6.jar
7faf74015000-7faf74018000 r--s 00006000 08:04 271693732                  /home/user/.m2/repository/com/google/code/findbugs/jsr305/1.3.9/jsr305-1.3.9.jar
7faf74018000-7faf7401b000 r--s 00019000 08:04 406752282                  /home/user/.m2/repository/cljsbuild/cljsbuild/1.0.4-SNAPSHOT/cljsbuild-1.0.4-SNAPSHOT.jar
7faf7401b000-7faf74028000 r--s 00109000 08:04 271693734                  /home/user/.m2/repository/org/mozilla/rhino/1.7R4/rhino-1.7R4.jar
7faf74028000-7faf74053000 r--s 001f9000 08:04 138827015                  /home/user/.m2/repository/com/google/guava/guava/17.0/guava-17.0.jar
7faf74053000-7faf74092000 r--p 00000000 00:20 111829                     /usr/lib/locale/en_US.utf8/LC_CTYPE
7faf74092000-7faf74b6d000 rw-p 00000000 00:00 0 
7faf74b6d000-7faf74d3a000 r--s 03bb2000 00:20 249295                     /usr/lib64/jvm/java-1.8.0-openjdk-1.8.0/jre/lib/rt.jar
7faf74d3a000-7faf75989000 rw-p 00000000 00:00 0 
7faf75989000-7faf7598a000 ---p 00000000 00:00 0 
7faf7598a000-7faf75a8a000 rw-p 00000000 00:00 0                          [stack:26312]
7faf75a8a000-7faf75a8b000 ---p 00000000 00:00 0 
7faf75a8b000-7faf75b8b000 rw-p 00000000 00:00 0                          [stack:26311]
7faf75b8b000-7faf75b8c000 ---p 00000000 00:00 0 
7faf75b8c000-7faf75c8c000 rw-p 00000000 00:00 0                          [stack:26310]
7faf75c8c000-7faf75c8d000 ---p 00000000 00:00 0 
7faf75c8d000-7faf75da8000 rw-p 00000000 00:00 0                          [stack:26309]
7faf75da8000-7faf7601e000 ---p 00000000 00:00 0 
7faf7601e000-7faf76039000 rw-p 00000000 00:00 0 
7faf76039000-7faf762ae000 ---p 00000000 00:00 0 
7faf762ae000-7faf763a8000 rw-p 00000000 00:00 0 
7faf763a8000-7faf763f7000 ---p 00000000 00:00 0 
7faf763f7000-7faf76414000 rw-p 00000000 00:00 0 
7faf76414000-7faf767b8000 ---p 00000000 00:00 0 
7faf767b8000-7faf767c0000 r-xp 00000000 00:20 249236                     /usr/lib64/jvm/java-1.8.0-openjdk-1.8.0/jre/lib/amd64/libzip.so
7faf767c0000-7faf769bf000 ---p 00008000 00:20 249236                     /usr/lib64/jvm/java-1.8.0-openjdk-1.8.0/jre/lib/amd64/libzip.so
7faf769bf000-7faf769c0000 r--p 00007000 00:20 249236                     /usr/lib64/jvm/java-1.8.0-openjdk-1.8.0/jre/lib/amd64/libzip.so
7faf769c0000-7faf769c1000 rw-p 00008000 00:20 249236                     /usr/lib64/jvm/java-1.8.0-openjdk-1.8.0/jre/lib/amd64/libzip.so
7faf769c1000-7faf769ed000 r-xp 00000000 00:20 249218                     /usr/lib64/jvm/java-1.8.0-openjdk-1.8.0/jre/lib/amd64/libjava.so
7faf769ed000-7faf76bec000 ---p 0002c000 00:20 249218                     /usr/lib64/jvm/java-1.8.0-openjdk-1.8.0/jre/lib/amd64/libjava.so
7faf76bec000-7faf76bed000 r--p 0002b000 00:20 249218                     /usr/lib64/jvm/java-1.8.0-openjdk-1.8.0/jre/lib/amd64/libjava.so
7faf76bed000-7faf76bef000 rw-p 0002c000 00:20 249218                     /usr/lib64/jvm/java-1.8.0-openjdk-1.8.0/jre/lib/amd64/libjava.so
7faf76bef000-7faf76bfc000 r-xp 00000000 00:20 249235                     /usr/lib64/jvm/java-1.8.0-openjdk-1.8.0/jre/lib/amd64/libverify.so
7faf76bfc000-7faf76dfb000 ---p 0000d000 00:20 249235                     /usr/lib64/jvm/java-1.8.0-openjdk-1.8.0/jre/lib/amd64/libverify.so
7faf76dfb000-7faf76dfd000 r--p 0000c000 00:20 249235                     /usr/lib64/jvm/java-1.8.0-openjdk-1.8.0/jre/lib/amd64/libverify.so
7faf76dfd000-7faf76dfe000 rw-p 0000e000 00:20 249235                     /usr/lib64/jvm/java-1.8.0-openjdk-1.8.0/jre/lib/amd64/libverify.so
7faf76dfe000-7faf76e05000 r-xp 00000000 00:20 1322                       /lib64/librt-2.19.so
7faf76e05000-7faf77004000 ---p 00007000 00:20 1322                       /lib64/librt-2.19.so
7faf77004000-7faf77005000 r--p 00006000 00:20 1322                       /lib64/librt-2.19.so
7faf77005000-7faf77006000 rw-p 00007000 00:20 1322                       /lib64/librt-2.19.so
7faf77006000-7faf7701c000 r-xp 00000000 00:20 1318                       /lib64/libgcc_s.so.1
7faf7701c000-7faf7721b000 ---p 00016000 00:20 1318                       /lib64/libgcc_s.so.1
7faf7721b000-7faf7721c000 r--p 00015000 00:20 1318                       /lib64/libgcc_s.so.1
7faf7721c000-7faf7721d000 rw-p 00016000 00:20 1318                       /lib64/libgcc_s.so.1
7faf7721d000-7faf7731d000 r-xp 00000000 00:20 1305                       /lib64/libm-2.19.so
7faf7731d000-7faf7751c000 ---p 00100000 00:20 1305                       /lib64/libm-2.19.so
7faf7751c000-7faf7751d000 r--p 000ff000 00:20 1305                       /lib64/libm-2.19.so
7faf7751d000-7faf7751e000 rw-p 00100000 00:20 1305                       /lib64/libm-2.19.so
7faf7751e000-7faf77608000 r-xp 00000000 00:20 26739                      /usr/lib64/libstdc++.so.6.0.19
7faf77608000-7faf77807000 ---p 000ea000 00:20 26739                      /usr/lib64/libstdc++.so.6.0.19
7faf77807000-7faf7780f000 r--p 000e9000 00:20 26739                      /usr/lib64/libstdc++.so.6.0.19
7faf7780f000-7faf77811000 rw-p 000f1000 00:20 26739                      /usr/lib64/libstdc++.so.6.0.19
7faf77811000-7faf77826000 rw-p 00000000 00:00 0 
7faf77826000-7faf783cd000 r-xp 00000000 00:20 249240                     /usr/lib64/jvm/java-1.8.0-openjdk-1.8.0/jre/lib/amd64/server/libjvm.so
7faf783cd000-7faf785cc000 ---p 00ba7000 00:20 249240                     /usr/lib64/jvm/java-1.8.0-openjdk-1.8.0/jre/lib/amd64/server/libjvm.so
7faf785cc000-7faf7866a000 r--p 00ba6000 00:20 249240                     /usr/lib64/jvm/java-1.8.0-openjdk-1.8.0/jre/lib/amd64/server/libjvm.so
7faf7866a000-7faf78692000 rw-p 00c44000 00:20 249240                     /usr/lib64/jvm/java-1.8.0-openjdk-1.8.0/jre/lib/amd64/server/libjvm.so
7faf78692000-7faf786c1000 rw-p 00000000 00:00 0 
7faf786c1000-7faf786d9000 r-xp 00000000 00:20 1291                       /lib64/libpthread-2.19.so
7faf786d9000-7faf788d8000 ---p 00018000 00:20 1291                       /lib64/libpthread-2.19.so
7faf788d8000-7faf788d9000 r--p 00017000 00:20 1291                       /lib64/libpthread-2.19.so
7faf788d9000-7faf788da000 rw-p 00018000 00:20 1291                       /lib64/libpthread-2.19.so
7faf788da000-7faf788de000 rw-p 00000000 00:00 0 
7faf788de000-7faf788e1000 r-xp 00000000 00:20 1304                       /lib64/libdl-2.19.so
7faf788e1000-7faf78ae0000 ---p 00003000 00:20 1304                       /lib64/libdl-2.19.so
7faf78ae0000-7faf78ae1000 r--p 00002000 00:20 1304                       /lib64/libdl-2.19.so
7faf78ae1000-7faf78ae2000 rw-p 00003000 00:20 1304                       /lib64/libdl-2.19.so
7faf78ae2000-7faf78af7000 r-xp 00000000 00:20 1237                       /lib64/libz.so.1.2.8
7faf78af7000-7faf78cf6000 ---p 00015000 00:20 1237                       /lib64/libz.so.1.2.8
7faf78cf6000-7faf78cf7000 r--p 00014000 00:20 1237                       /lib64/libz.so.1.2.8
7faf78cf7000-7faf78cf8000 rw-p 00015000 00:20 1237                       /lib64/libz.so.1.2.8
7faf78cf8000-7faf78e96000 r-xp 00000000 00:20 1190                       /lib64/libc-2.19.so
7faf78e96000-7faf79096000 ---p 0019e000 00:20 1190                       /lib64/libc-2.19.so
7faf79096000-7faf7909a000 r--p 0019e000 00:20 1190                       /lib64/libc-2.19.so
7faf7909a000-7faf7909c000 rw-p 001a2000 00:20 1190                       /lib64/libc-2.19.so
7faf7909c000-7faf790a0000 rw-p 00000000 00:00 0 
7faf790a0000-7faf790ad000 r-xp 00000000 00:20 249205                     /usr/lib64/jvm/java-1.8.0-openjdk-1.8.0/jre/lib/amd64/jli/libjli.so
7faf790ad000-7faf792ac000 ---p 0000d000 00:20 249205                     /usr/lib64/jvm/java-1.8.0-openjdk-1.8.0/jre/lib/amd64/jli/libjli.so
7faf792ac000-7faf792ad000 r--p 0000c000 00:20 249205                     /usr/lib64/jvm/java-1.8.0-openjdk-1.8.0/jre/lib/amd64/jli/libjli.so
7faf792ad000-7faf792ae000 rw-p 0000d000 00:20 249205                     /usr/lib64/jvm/java-1.8.0-openjdk-1.8.0/jre/lib/amd64/jli/libjli.so
7faf792ae000-7faf792ce000 r-xp 00000000 00:20 1327                       /lib64/ld-2.19.so
7faf792ce000-7faf792cf000 r--s 00007000 08:04 271693735                  /home/user/.m2/repository/org/clojure/tools.reader/0.8.9/tools.reader-0.8.9.jar
7faf792cf000-7faf792d0000 r--s 0001c000 08:04 406752283                  /home/user/.m2/repository/com/google/javascript/closure-compiler-externs/v20140625/closure-compiler-externs-v20140625.jar
7faf792d0000-7faf792d5000 r--s 00032000 08:04 7880428                    /home/user/.m2/repository/org/apache/commons/commons-compress/1.3/commons-compress-1.3.jar
7faf792d5000-7faf792d7000 r--s 0000a000 08:04 271693730                  /home/user/.m2/repository/org/json/json/20090211/json-20090211.jar
7faf792d7000-7faf792da000 r--s 00010000 08:04 7884904                    /home/user/.m2/repository/args4j/args4j/2.0.26/args4j-2.0.26.jar
7faf792da000-7faf792db000 r--s 00001000 08:04 406752287                  /home/user/.m2/repository/clj-stacktrace/clj-stacktrace/0.2.5/clj-stacktrace-0.2.5.jar
7faf792db000-7faf792dd000 r--s 00011000 08:04 138827017                  /home/user/.m2/repository/org/clojure/google-closure-library-third-party/0.0-20140718-946a7d39/google-closure-library-third-party-0.0-20140718-946a7d39.jar
7faf792dd000-7faf792de000 r--s 00000000 08:04 406752289                  /home/user/.m2/repository/clojure-complete/clojure-complete/0.2.3/clojure-complete-0.2.3.jar
7faf792de000-7faf792e1000 r--s 0000f000 00:20 249258                     /usr/lib64/jvm/java-1.8.0-openjdk-1.8.0/jre/lib/ext/icedtea-sound.jar
7faf792e1000-7faf792e2000 r--p 00000000 00:20 111850                     /usr/lib/locale/en_US.utf8/LC_NUMERIC
7faf792e2000-7faf792e3000 r--p 00000000 00:20 109290                     /usr/lib/locale/en_US.utf8/LC_TIME
7faf792e3000-7faf792e4000 r--p 00000000 00:20 109289                     /usr/lib/locale/en_US.utf8/LC_MONETARY
7faf792e4000-7faf792e5000 r--p 00000000 00:20 112072                     /usr/lib/locale/en_US.utf8/LC_MESSAGES/SYS_LC_MESSAGES
7faf792e5000-7faf792e6000 r--p 00000000 00:20 112025                     /usr/lib/locale/en_US.utf8/LC_PAPER
7faf792e6000-7faf792ed000 r--s 00000000 00:20 112236                     /usr/lib64/gconv/gconv-modules.cache
7faf792ed000-7faf79397000 rw-p 00000000 00:00 0 
7faf79397000-7faf7939a000 ---p 00000000 00:00 0 
7faf7939a000-7faf7949d000 rw-p 00000000 00:00 0                          [stack:26301]
7faf7949d000-7faf7949e000 r--p 00000000 00:20 111972                     /usr/lib/locale/en_US.utf8/LC_NAME
7faf7949e000-7faf7949f000 r--p 00000000 00:20 109286                     /usr/lib/locale/en_US.utf8/LC_ADDRESS
7faf7949f000-7faf794a0000 r--p 00000000 00:20 112073                     /usr/lib/locale/en_US.utf8/LC_TELEPHONE
7faf794a0000-7faf794a1000 r--p 00000000 00:20 112071                     /usr/lib/locale/en_US.utf8/LC_MEASUREMENT
7faf794a1000-7faf794a2000 r--p 00000000 00:20 109287                     /usr/lib/locale/en_US.utf8/LC_IDENTIFICATION
7faf794a2000-7faf794c3000 rw-p 00000000 00:00 0 
7faf794c3000-7faf794cb000 rw-s 00000000 00:3d 40501                      /tmp/hsperfdata_user/26298
7faf794cb000-7faf794cc000 rw-p 00000000 00:00 0 
7faf794cc000-7faf794cd000 r--p 00000000 00:00 0 
7faf794cd000-7faf794ce000 rw-p 00000000 00:00 0 
7faf794ce000-7faf794cf000 r--p 00020000 00:20 1327                       /lib64/ld-2.19.so
7faf794cf000-7faf794d0000 rw-p 00021000 00:20 1327                       /lib64/ld-2.19.so
7faf794d0000-7faf794d1000 rw-p 00000000 00:00 0 
7fff346a4000-7fff346c6000 rw-p 00000000 00:00 0                          [stack]
7fff347fc000-7fff347fe000 r-xp 00000000 00:00 0                          [vdso]
7fff347fe000-7fff34800000 r--p 00000000 00:00 0                          [vvar]
ffffffffff600000-ffffffffff601000 r-xp 00000000 00:00 0                  [vsyscall]

VM Arguments:
jvm_args: -Dfile.encoding=UTF-8 -XX:+TieredCompilation -XX:TieredStopAtLevel=1 -XX:-OmitStackTraceInFastThrow -Dclojure.compile.path=null -D.version=null -Dclojure.debug=false 
java_command: clojure.main -i /tmp/form-init8676853940628576921.clj
java_class_path (initial): /home/user/blogsite/hello-world/app/src:/home/user/blogsite/hello-world/app/src:/home/user/blogsite/hello-world/app/target/cljsbuild-crossover:/home/user/blogsite/hello-world/app/dev-resources:/home/user/blogsite/hello-world/app/resources:/home/user/.m2/repository/clojure-complete/clojure-complete/0.2.3/clojure-complete-0.2.3.jar:/home/user/.m2/repository/org/clojure/google-closure-library-third-party/0.0-20140718-946a7d39/google-closure-library-third-party-0.0-20140718-946a7d39.jar:/home/user/.m2/repository/com/google/guava/guava/17.0/guava-17.0.jar:/home/user/.m2/repository/clj-stacktrace/clj-stacktrace/0.2.5/clj-stacktrace-0.2.5.jar:/home/user/.m2/repository/args4j/args4j/2.0.26/args4j-2.0.26.jar:/home/user/.m2/repository/org/mozilla/rhino/1.7R4/rhino-1.7R4.jar:/home/user/.m2/repository/org/json/json/20090211/json-20090211.jar:/home/user/.m2/repository/org/apache/commons/commons-compress/1.3/commons-compress-1.3.jar:/home/user/.m2/repository/com/google/javascript/closure-compiler-externs/v20140625/closure-compiler-externs-v20140625.jar:/home/user/.m2/repository/org/clojure/tools.reader/0.8.9/tools.reader-0.8.9.jar:/home/user/.m2/repository/cljsbuild/cljsbuild/1.0.4-SNAPSHOT/cljsbuild-1.0.4-SNAPSHOT.jar:/home/user/.m2/repository/com/google/code/findbugs/jsr305/1.3.9/jsr305-1.3.9.jar:/home/user/.m2/repository/org/clojure/google-closure-library/0.0-20140718-946a7d39/google-closure-library-0.0-20140718-946a7d39.jar:/home/user/.m2/repository/org/clojure/tools.nrepl/0.2.6/tools.nrepl-0.2.6.jar:/home/user/.m2/repository/org/clojure/clojurescript/0.0-2371/clojurescript-0.0-2371.jar:/home/user/.m2/repository/fs/fs/1.1.2/fs-1.1.2.jar:/home/user/.m2/repository/org/clojure/clojure/1.6.0/clojure-1.6.0.jar:/home/user/.m2/repository/org/clojure/data.json/0.2.3/data.json-0.2.3.jar:/home/user/.m2/repository/com/google/javascript/closure-compiler/v20140625/closure-compiler-v20140625.jar:/home/user/.m2/repository/com/google/protobuf/protobuf-java/2.5.0/
Launcher Type: SUN_STANDARD

Environment Variables:
JAVA_HOME=/usr/lib64/jvm/java
JRE_HOME=/usr/lib64/jvm/java/jre
CLASSPATH=/home/user/.lein/self-installs/leiningen-2.5.0-standalone.jar
PATH=/home/user/.kiex/elixirs/elixir-1.0.2/bin:/home/user/.kiex/bin:/home/user/.kiex/elixirs/elixir-1.0.2/bin:/home/user/.kiex/bin:/home/user/.kiex/elixirs/elixir-1.0.2/bin:/home/user/.kiex/bin:/home/user/bin:/usr/local/bin:/usr/bin:/bin:/usr/bin/X11:/usr/games:/opt/kde3/bin:/usr/lib/mit/bin:/usr/lib/mit/sbin
SHELL=/bin/bash
DISPLAY=:0
HOSTTYPE=x86_64
OSTYPE=linux
MACHTYPE=x86_64-suse-linux

Signal Handlers:
SIGSEGV: [libjvm.so+0x9b9700], sa_mask[0]=11111111011111111101111111111110, sa_flags=SA_RESTART|SA_SIGINFO
SIGBUS: [libjvm.so+0x9b9700], sa_mask[0]=11111111011111111101111111111110, sa_flags=SA_RESTART|SA_SIGINFO
SIGFPE: [libjvm.so+0x827fd0], sa_mask[0]=11111111011111111101111111111110, sa_flags=SA_RESTART|SA_SIGINFO
SIGPIPE: [libjvm.so+0x827fd0], sa_mask[0]=11111111011111111101111111111110, sa_flags=SA_RESTART|SA_SIGINFO
SIGXFSZ: [libjvm.so+0x827fd0], sa_mask[0]=11111111011111111101111111111110, sa_flags=SA_RESTART|SA_SIGINFO
SIGILL: [libjvm.so+0x827fd0], sa_mask[0]=11111111011111111101111111111110, sa_flags=SA_RESTART|SA_SIGINFO
SIGUSR1: SIG_DFL, sa_mask[0]=00000000000000000000000000000000, sa_flags=none
SIGUSR2: [libjvm.so+0x827ea0], sa_mask[0]=00100000000000000000000000000000, sa_flags=SA_RESTART|SA_SIGINFO
SIGHUP: [libjvm.so+0x828090], sa_mask[0]=11111111011111111101111111111110, sa_flags=SA_RESTART|SA_SIGINFO
SIGINT: [libjvm.so+0x828090], sa_mask[0]=11111111011111111101111111111110, sa_flags=SA_RESTART|SA_SIGINFO
SIGTERM: [libjvm.so+0x828090], sa_mask[0]=11111111011111111101111111111110, sa_flags=SA_RESTART|SA_SIGINFO
SIGQUIT: [libjvm.so+0x828090], sa_mask[0]=11111111011111111101111111111110, sa_flags=SA_RESTART|SA_SIGINFO


---------------  S Y S T E M  ---------------

OS:LSB_VERSION="core-2.0-noarch:core-3.2-noarch:core-4.0-noarch:core-2.0-x86_64:core-3.2-x86_64:core-4.0-x86_64"

uname:Linux 3.16.3-1.gd2bbe7f-desktop #1 SMP PREEMPT Thu Sep 18 06:32:16 UTC 2014 (d2bbe7f) x86_64
libc:glibc 2.19 NPTL 2.19 
rlimit: STACK 8192k, CORE 0k, NPROC 31152, NOFILE 4096, AS infinity
load average:2.67 1.49 0.86

/proc/meminfo:
MemTotal:        8068304 kB
MemFree:          144852 kB
MemAvailable:    2454012 kB
Buffers:            1672 kB
Cached:          2639088 kB
SwapCached:        16148 kB
Active:          4997672 kB
Inactive:        2311672 kB
Active(anon):    3979968 kB
Inactive(anon):  1129188 kB
Active(file):    1017704 kB
Inactive(file):  1182484 kB
Unevictable:           0 kB
Mlocked:               0 kB
SwapTotal:       8393724 kB
SwapFree:        8044272 kB
Dirty:                56 kB
Writeback:             0 kB
AnonPages:       4659584 kB
Mapped:           425296 kB
Shmem:            440064 kB
Slab:             440744 kB
SReclaimable:     362388 kB
SUnreclaim:        78356 kB
KernelStack:       10608 kB
PageTables:        55684 kB
NFS_Unstable:          0 kB
Bounce:                0 kB
WritebackTmp:          0 kB
CommitLimit:    12427876 kB
Committed_AS:    9046324 kB
VmallocTotal:   34359738367 kB
VmallocUsed:      566956 kB
VmallocChunk:   34359074500 kB
HardwareCorrupted:     0 kB
AnonHugePages:   1409024 kB
HugePages_Total:       0
HugePages_Free:        0
HugePages_Rsvd:        0
HugePages_Surp:        0
Hugepagesize:       2048 kB
DirectMap4k:      125696 kB
DirectMap2M:     3946496 kB
DirectMap1G:     4194304 kB


CPU:total 4 (2 cores per cpu, 2 threads per core) family 6 model 69 stepping 1, cmov, cx8, fxsr, mmx, sse, sse2, sse3, ssse3, sse4.1, sse4.2, popcnt, avx, avx2, aes, clmul, erms, lzcnt, ht, tsc, tscinvbit, bmi1, bmi2

/proc/cpuinfo:
processor	: 0
vendor_id	: GenuineIntel
cpu family	: 6
model		: 69
model name	: Intel(R) Core(TM) i5-4200U CPU @ 1.60GHz
stepping	: 1
microcode	: 0x17
cpu MHz		: 2300.000
cache size	: 3072 KB
physical id	: 0
siblings	: 4
core id		: 0
cpu cores	: 2
apicid		: 0
initial apicid	: 0
fpu		: yes
fpu_exception	: yes
cpuid level	: 13
wp		: yes
flags		: fpu vme de pse tsc msr pae mce cx8 apic sep mtrr pge mca cmov pat pse36 clflush dts acpi mmx fxsr sse sse2 ss ht tm pbe syscall nx pdpe1gb rdtscp lm constant_tsc arch_perfmon pebs bts rep_good nopl xtopology nonstop_tsc aperfmperf eagerfpu pni pclmulqdq dtes64 monitor ds_cpl vmx est tm2 ssse3 fma cx16 xtpr pdcm pcid sse4_1 sse4_2 movbe popcnt tsc_deadline_timer aes xsave avx f16c rdrand lahf_lm abm ida arat epb xsaveopt pln pts dtherm tpr_shadow vnmi flexpriority ept vpid fsgsbase tsc_adjust bmi1 avx2 smep bmi2 erms invpcid
bogomips	: 4589.26
clflush size	: 64
cache_alignment	: 64
address sizes	: 39 bits physical, 48 bits virtual
power management:

processor	: 1
vendor_id	: GenuineIntel
cpu family	: 6
model		: 69
model name	: Intel(R) Core(TM) i5-4200U CPU @ 1.60GHz
stepping	: 1
microcode	: 0x17
cpu MHz		: 2300.539
cache size	: 3072 KB
physical id	: 0
siblings	: 4
core id		: 0
cpu cores	: 2
apicid		: 1
initial apicid	: 1
fpu		: yes
fpu_exception	: yes
cpuid level	: 13
wp		: yes
flags		: fpu vme de pse tsc msr pae mce cx8 apic sep mtrr pge mca cmov pat pse36 clflush dts acpi mmx fxsr sse sse2 ss ht tm pbe syscall nx pdpe1gb rdtscp lm constant_tsc arch_perfmon pebs bts rep_good nopl xtopology nonstop_tsc aperfmperf eagerfpu pni pclmulqdq dtes64 monitor ds_cpl vmx est tm2 ssse3 fma cx16 xtpr pdcm pcid sse4_1 sse4_2 movbe popcnt tsc_deadline_timer aes xsave avx f16c rdrand lahf_lm abm ida arat epb xsaveopt pln pts dtherm tpr_shadow vnmi flexpriority ept vpid fsgsbase tsc_adjust bmi1 avx2 smep bmi2 erms invpcid
bogomips	: 4589.26
clflush size	: 64
cache_alignment	: 64
address sizes	: 39 bits physical, 48 bits virtual
power management:

processor	: 2
vendor_id	: GenuineIntel
cpu family	: 6
model		: 69
model name	: Intel(R) Core(TM) i5-4200U CPU @ 1.60GHz
stepping	: 1
microcode	: 0x17
cpu MHz		: 2302.425
cache size	: 3072 KB
physical id	: 0
siblings	: 4
core id		: 1
cpu cores	: 2
apicid		: 2
initial apicid	: 2
fpu		: yes
fpu_exception	: yes
cpuid level	: 13
wp		: yes
flags		: fpu vme de pse tsc msr pae mce cx8 apic sep mtrr pge mca cmov pat pse36 clflush dts acpi mmx fxsr sse sse2 ss ht tm pbe syscall nx pdpe1gb rdtscp lm constant_tsc arch_perfmon pebs bts rep_good nopl xtopology nonstop_tsc aperfmperf eagerfpu pni pclmulqdq dtes64 monitor ds_cpl vmx est tm2 ssse3 fma cx16 xtpr pdcm pcid sse4_1 sse4_2 movbe popcnt tsc_deadline_timer aes xsave avx f16c rdrand lahf_lm abm ida arat epb xsaveopt pln pts dtherm tpr_shadow vnmi flexpriority ept vpid fsgsbase tsc_adjust bmi1 avx2 smep bmi2 erms invpcid
bogomips	: 4589.26
clflush size	: 64
cache_alignment	: 64
address sizes	: 39 bits physical, 48 bits virtual
power management:

processor	: 3
vendor_id	: GenuineIntel
cpu family	: 6
model		: 69
model name	: Intel(R) Core(TM) i5-4200U CPU @ 1.60GHz
stepping	: 1
microcode	: 0x17
cpu MHz		: 2295.597
cache size	: 3072 KB
physical id	: 0
siblings	: 4
core id		: 1
cpu cores	: 2
apicid		: 3
initial apicid	: 3
fpu		: yes
fpu_exception	: yes
cpuid level	: 13
wp		: yes
flags		: fpu vme de pse tsc msr pae mce cx8 apic sep mtrr pge mca cmov pat pse36 clflush dts acpi mmx fxsr sse sse2 ss ht tm pbe syscall nx pdpe1gb rdtscp lm constant_tsc arch_perfmon pebs bts rep_good nopl xtopology nonstop_tsc aperfmperf eagerfpu pni pclmulqdq dtes64 monitor ds_cpl vmx est tm2 ssse3 fma cx16 xtpr pdcm pcid sse4_1 sse4_2 movbe popcnt tsc_deadline_timer aes xsave avx f16c rdrand lahf_lm abm ida arat epb xsaveopt pln pts dtherm tpr_shadow vnmi flexpriority ept vpid fsgsbase tsc_adjust bmi1 avx2 smep bmi2 erms invpcid
bogomips	: 4589.26
clflush size	: 64
cache_alignment	: 64
address sizes	: 39 bits physical, 48 bits virtual
power management:



Memory: 4k page, physical 8068304k(144604k free), swap 8393724k(8044272k free)

vm_info: OpenJDK 64-Bit Server VM (25.20-b23) for linux-amd64 JRE (1.8.0_20-b26), built on Oct  2 2014 10:52:05 by "abuild" with gcc 4.8.3 20140627 [gcc-4_8-branch revision 212064]

time: Fri Dec 12 01:13:11 2014
elapsed time: 8589 seconds (0d 2h 23m 9s)

