#
# There is insufficient memory for the Java Runtime Environment to continue.
# Native memory allocation (malloc) failed to allocate 247988224 bytes for committing reserved memory.
# Possible reasons:
#   The system is out of physical RAM or swap space
#   In 32 bit mode, the process size limit was hit
# Possible solutions:
#   Reduce memory load on the system
#   Increase physical memory or swap space
#   Check if swap backing store is full
#   Use 64 bit Java on a 64 bit OS
#   Decrease Java heap size (-Xmx/-Xms)
#   Decrease number of Java threads
#   Decrease Java thread stack sizes (-Xss)
#   Set larger code cache with -XX:ReservedCodeCacheSize=
# This output file may be truncated or incomplete.
#
#  Out of Memory Error (os_linux.cpp:2798), pid=9478, tid=140716472076032
#
# JRE version: OpenJDK Runtime Environment (7.0_75-b13) (build 1.7.0_75-b13)
# Java VM: OpenJDK 64-Bit Server VM (24.75-b04 mixed mode linux-amd64 compressed oops)
# Derivative: IcedTea 2.5.4
# Distribution: Ubuntu 14.04 LTS, package 7u75-2.5.4-1~trusty1
# Failed to write core dump. Core dumps have been disabled. To enable core dumping, try "ulimit -c unlimited" before starting Java again
#

---------------  T H R E A D  ---------------

Current thread (0x00007ffb2c077000):  VMThread [stack: 0x00007ffb1b450000,0x00007ffb1b551000] [id=9489]

Stack: [0x00007ffb1b450000,0x00007ffb1b551000],  sp=0x00007ffb1b54f490,  free space=1021k
Native frames: (J=compiled Java code, j=interpreted, Vv=VM code, C=native code)
V  [libjvm.so+0x94a9d5]  VMError::report_and_die()+0x175
V  [libjvm.so+0x48b954]  report_vm_out_of_memory(char const*, int, unsigned long, char const*)+0x74
V  [libjvm.so+0x7c7b7b]  os::pd_commit_memory(char*, unsigned long, unsigned long, bool)+0xeb
V  [libjvm.so+0x7c263f]  os::commit_memory(char*, unsigned long, unsigned long, bool)+0x1f
V  [libjvm.so+0x834b1b]  PSVirtualSpace::expand_by(unsigned long)+0x5b
V  [libjvm.so+0x835970]  PSYoungGen::resize_generation(unsigned long, unsigned long)+0xb0
V  [libjvm.so+0x83605b]  PSYoungGen::resize(unsigned long, unsigned long)+0x1b
V  [libjvm.so+0x832340]  PSScavenge::invoke_no_policy()+0xde0
V  [libjvm.so+0x832b18]  PSScavenge::invoke()+0x38
V  [libjvm.so+0x7e9203]  ParallelScavengeHeap::failed_mem_allocate(unsigned long)+0x63
V  [libjvm.so+0x94c3d4]  VM_ParallelGCFailedAllocation::doit()+0x84
V  [libjvm.so+0x9508d7]  VM_Operation::evaluate()+0x47
V  [libjvm.so+0x94f248]  VMThread::evaluate_operation(VM_Operation*)+0x318
V  [libjvm.so+0x94f6a9]  VMThread::loop()+0x219
V  [libjvm.so+0x94faf2]  VMThread::run()+0x72
V  [libjvm.so+0x7c4a42]  java_start(Thread*)+0xf2

VM_Operation (0x00007ffb33c29b80): ParallelGCFailedAllocation, mode: safepoint, requested by thread 0x00007ffb2c00b800


---------------  P R O C E S S  ---------------

Java Threads: ( => current thread )
  0x00007ffb2c92b000 JavaThread "clojure-agent-send-off-pool-1" [_thread_blocked, id=9498, stack(0x00007ffb18ea5000,0x00007ffb18fa6000)]
  0x00007ffb2c92a800 JavaThread "clojure-agent-send-off-pool-0" [_thread_blocked, id=9497, stack(0x00007ffb18faf000,0x00007ffb190b0000)]
  0x00007ffb2c0b1000 JavaThread "Service Thread" daemon [_thread_blocked, id=9495, stack(0x00007ffb1aa12000,0x00007ffb1ab13000)]
  0x00007ffb2c0ae800 JavaThread "C2 CompilerThread1" daemon [_thread_in_native, id=9494, stack(0x00007ffb1ab13000,0x00007ffb1ac14000)]
  0x00007ffb2c0ab800 JavaThread "C2 CompilerThread0" daemon [_thread_blocked, id=9493, stack(0x00007ffb1ac14000,0x00007ffb1ad15000)]
  0x00007ffb2c0a9800 JavaThread "Signal Dispatcher" daemon [_thread_blocked, id=9492, stack(0x00007ffb1ad15000,0x00007ffb1ae16000)]
  0x00007ffb2c07d800 JavaThread "Finalizer" daemon [_thread_blocked, id=9491, stack(0x00007ffb1b24e000,0x00007ffb1b34f000)]
  0x00007ffb2c07b800 JavaThread "Reference Handler" daemon [_thread_blocked, id=9490, stack(0x00007ffb1b34f000,0x00007ffb1b450000)]
  0x00007ffb2c00b800 JavaThread "main" [_thread_blocked, id=9484, stack(0x00007ffb33b30000,0x00007ffb33c31000)]

Other Threads:
=>0x00007ffb2c077000 VMThread [stack: 0x00007ffb1b450000,0x00007ffb1b551000] [id=9489]
  0x00007ffb2c0bb800 WatcherThread [stack: 0x00007ffb1a911000,0x00007ffb1aa12000] [id=9496]

VM state:at safepoint (normal execution)

VM Mutex/Monitor currently owned by a thread:  ([mutex/lock_event])
[0x00007ffb2c007d50] Threads_lock - owner thread: 0x00007ffb2c077000
[0x00007ffb2c008250] Heap_lock - owner thread: 0x00007ffb2c00b800

Heap
 PSYoungGen      total 410112K, used 6040K [0x00000007d7000000, 0x00000007f0700000, 0x0000000800000000)
  eden space 403456K, 0% used [0x00000007d7000000,0x00000007d7000000,0x00000007efa00000)
  from space 6656K, 90% used [0x00000007efa00000,0x00000007effe6330,0x00000007f0080000)
  to   space 6656K, 0% used [0x00000007f0080000,0x00000007f0080000,0x00000007f0700000)
 ParOldGen       total 83968K, used 14605K [0x0000000785000000, 0x000000078a200000, 0x00000007d7000000)
  object space 83968K, 17% used [0x0000000785000000,0x0000000785e436a8,0x000000078a200000)
 PSPermGen       total 21504K, used 21205K [0x000000077aa00000, 0x000000077bf00000, 0x0000000785000000)
  object space 21504K, 98% used [0x000000077aa00000,0x000000077beb5430,0x000000077bf00000)

Card table byte_map: [0x00007ffb3034a000,0x00007ffb30776000] byte_map_base: 0x00007ffb2c775000

Polling page: 0x00007ffb33c54000

Code Cache  [0x00007ffb29000000, 0x00007ffb292a0000, 0x00007ffb2c000000)
 total_blobs=986 nmethods=714 adapters=224 free_code_cache=46663Kb largest_free_block=47625152

Compilation events (10 events):
Event: 9,350 Thread 0x00007ffb2c0ab800 nmethod 788 0x00007ffb2923e550 code [0x00007ffb2923e7c0, 0x00007ffb2923f5a0]
Event: 9,354 Thread 0x00007ffb2c0ae800  789             clojure.core$conj::invoke (13 bytes)
Event: 9,355 Thread 0x00007ffb2c0ae800 nmethod 789 0x00007ffb290c9110 code [0x00007ffb290c9260, 0x00007ffb290c9358]
Event: 9,377 Thread 0x00007ffb2c0ab800  790             clojure.lang.Compiler$NumberExpr::hasJavaClass (2 bytes)
Event: 9,377 Thread 0x00007ffb2c0ab800 nmethod 790 0x00007ffb29191d10 code [0x00007ffb29191e40, 0x00007ffb29191e98]
Event: 9,398 Thread 0x00007ffb2c0ae800  791             clojure.lang.Compiler$MapExpr::parse (356 bytes)
Event: 9,399 Thread 0x00007ffb2c0ab800  792             clojure.lang.Util$3::equiv (21 bytes)
Event: 9,402 Thread 0x00007ffb2c0ab800 nmethod 792 0x00007ffb29191710 code [0x00007ffb291918a0, 0x00007ffb29191a70]
Event: 9,442 Thread 0x00007ffb2c0ab800  793             clojure.lang.Compiler$LocalBinding::getJavaClass (27 bytes)
Event: 9,443 Thread 0x00007ffb2c0ab800 nmethod 793 0x00007ffb29191450 code [0x00007ffb291915a0, 0x00007ffb29191648]

GC Heap History (10 events):
Event: 3,782 GC heap after
Heap after GC invocations=6 (full 0):
 PSYoungGen      total 131584K, used 5600K [0x00000007d7000000, 0x00000007df900000, 0x0000000800000000)
  eden space 125952K, 0% used [0x00000007d7000000,0x00000007d7000000,0x00000007deb00000)
  from space 5632K, 99% used [0x00000007df180000,0x00000007df6f8040,0x00000007df700000)
  to   space 6656K, 0% used [0x00000007deb00000,0x00000007deb00000,0x00000007df180000)
 ParOldGen       total 83968K, used 696K [0x0000000785000000, 0x000000078a200000, 0x00000007d7000000)
  object space 83968K, 0% used [0x0000000785000000,0x00000007850ae3c8,0x000000078a200000)
 PSPermGen       total 21504K, used 14425K [0x000000077aa00000, 0x000000077bf00000, 0x0000000785000000)
  object space 21504K, 67% used [0x000000077aa00000,0x000000077b816510,0x000000077bf00000)
}
Event: 4,109 GC heap before
{Heap before GC invocations=7 (full 0):
 PSYoungGen      total 131584K, used 131552K [0x00000007d7000000, 0x00000007df900000, 0x0000000800000000)
  eden space 125952K, 100% used [0x00000007d7000000,0x00000007deb00000,0x00000007deb00000)
  from space 5632K, 99% used [0x00000007df180000,0x00000007df6f8040,0x00000007df700000)
  to   space 6656K, 0% used [0x00000007deb00000,0x00000007deb00000,0x00000007df180000)
 ParOldGen       total 83968K, used 696K [0x0000000785000000, 0x000000078a200000, 0x00000007d7000000)
  object space 83968K, 0% used [0x0000000785000000,0x00000007850ae3c8,0x000000078a200000)
 PSPermGen       total 21504K, used 14564K [0x000000077aa00000, 0x000000077bf00000, 0x0000000785000000)
  object space 21504K, 67% used [0x000000077aa00000,0x000000077b839200,0x000000077bf00000)
Event: 4,126 GC heap after
Heap after GC invocations=7 (full 0):
 PSYoungGen      total 132608K, used 4400K [0x00000007d7000000, 0x00000007e7200000, 0x0000000800000000)
  eden space 125952K, 0% used [0x00000007d7000000,0x00000007d7000000,0x00000007deb00000)
  from space 6656K, 66% used [0x00000007deb00000,0x00000007def4c030,0x00000007df180000)
  to   space 6144K, 0% used [0x00000007e6c00000,0x00000007e6c00000,0x00000007e7200000)
 ParOldGen       total 83968K, used 3550K [0x0000000785000000, 0x000000078a200000, 0x00000007d7000000)
  object space 83968K, 4% used [0x0000000785000000,0x0000000785377ac8,0x000000078a200000)
 PSPermGen       total 21504K, used 14564K [0x000000077aa00000, 0x000000077bf00000, 0x0000000785000000)
  object space 21504K, 67% used [0x000000077aa00000,0x000000077b839200,0x000000077bf00000)
}
Event: 4,310 GC heap before
{Heap before GC invocations=8 (full 0):
 PSYoungGen      total 132608K, used 130352K [0x00000007d7000000, 0x00000007e7200000, 0x0000000800000000)
  eden space 125952K, 100% used [0x00000007d7000000,0x00000007deb00000,0x00000007deb00000)
  from space 6656K, 66% used [0x00000007deb00000,0x00000007def4c030,0x00000007df180000)
  to   space 6144K, 0% used [0x00000007e6c00000,0x00000007e6c00000,0x00000007e7200000)
 ParOldGen       total 83968K, used 3550K [0x0000000785000000, 0x000000078a200000, 0x00000007d7000000)
  object space 83968K, 4% used [0x0000000785000000,0x0000000785377ac8,0x000000078a200000)
 PSPermGen       total 21504K, used 14574K [0x000000077aa00000, 0x000000077bf00000, 0x0000000785000000)
  object space 21504K, 67% used [0x000000077aa00000,0x000000077b83ba38,0x000000077bf00000)
Event: 4,325 GC heap after
Heap after GC invocations=8 (full 0):
 PSYoungGen      total 258048K, used 4960K [0x00000007d7000000, 0x00000007e7200000, 0x0000000800000000)
  eden space 251904K, 0% used [0x00000007d7000000,0x00000007d7000000,0x00000007e6600000)
  from space 6144K, 80% used [0x00000007e6c00000,0x00000007e70d8020,0x00000007e7200000)
  to   space 6144K, 0% used [0x00000007e6600000,0x00000007e6600000,0x00000007e6c00000)
 ParOldGen       total 83968K, used 4589K [0x0000000785000000, 0x000000078a200000, 0x00000007d7000000)
  object space 83968K, 5% used [0x0000000785000000,0x000000078547b5a8,0x000000078a200000)
 PSPermGen       total 21504K, used 14574K [0x000000077aa00000, 0x000000077bf00000, 0x0000000785000000)
  object space 21504K, 67% used [0x000000077aa00000,0x000000077b83ba38,0x000000077bf00000)
}
Event: 4,750 GC heap before
{Heap before GC invocations=9 (full 0):
 PSYoungGen      total 258048K, used 256864K [0x00000007d7000000, 0x00000007e7200000, 0x0000000800000000)
  eden space 251904K, 100% used [0x00000007d7000000,0x00000007e6600000,0x00000007e6600000)
  from space 6144K, 80% used [0x00000007e6c00000,0x00000007e70d8020,0x00000007e7200000)
  to   space 6144K, 0% used [0x00000007e6600000,0x00000007e6600000,0x00000007e6c00000)
 ParOldGen       total 83968K, used 4589K [0x0000000785000000, 0x000000078a200000, 0x00000007d7000000)
  object space 83968K, 5% used [0x0000000785000000,0x000000078547b5a8,0x000000078a200000)
 PSPermGen       total 21504K, used 14654K [0x000000077aa00000, 0x000000077bf00000, 0x0000000785000000)
  object space 21504K, 68% used [0x000000077aa00000,0x000000077b84f9f0,0x000000077bf00000)
Event: 4,777 GC heap after
Heap after GC invocations=9 (full 0):
 PSYoungGen      total 258048K, used 6048K [0x00000007d7000000, 0x00000007f0700000, 0x0000000800000000)
  eden space 251904K, 0% used [0x00000007d7000000,0x00000007d7000000,0x00000007e6600000)
  from space 6144K, 98% used [0x00000007e6600000,0x00000007e6be8000,0x00000007e6c00000)
  to   space 6656K, 0% used [0x00000007f0080000,0x00000007f0080000,0x00000007f0700000)
 ParOldGen       total 83968K, used 6197K [0x0000000785000000, 0x000000078a200000, 0x00000007d7000000)
  object space 83968K, 7% used [0x0000000785000000,0x000000078560d6a8,0x000000078a200000)
 PSPermGen       total 21504K, used 14654K [0x000000077aa00000, 0x000000077bf00000, 0x0000000785000000)
  object space 21504K, 68% used [0x000000077aa00000,0x000000077b84f9f0,0x000000077bf00000)
}
Event: 5,054 GC heap before
{Heap before GC invocations=10 (full 0):
 PSYoungGen      total 258048K, used 257952K [0x00000007d7000000, 0x00000007f0700000, 0x0000000800000000)
  eden space 251904K, 100% used [0x00000007d7000000,0x00000007e6600000,0x00000007e6600000)
  from space 6144K, 98% used [0x00000007e6600000,0x00000007e6be8000,0x00000007e6c00000)
  to   space 6656K, 0% used [0x00000007f0080000,0x00000007f0080000,0x00000007f0700000)
 ParOldGen       total 83968K, used 6197K [0x0000000785000000, 0x000000078a200000, 0x00000007d7000000)
  object space 83968K, 7% used [0x0000000785000000,0x000000078560d6a8,0x000000078a200000)
 PSPermGen       total 21504K, used 14846K [0x000000077aa00000, 0x000000077bf00000, 0x0000000785000000)
  object space 21504K, 69% used [0x000000077aa00000,0x000000077b87f8b8,0x000000077bf00000)
Event: 5,068 GC heap after
Heap after GC invocations=10 (full 0):
 PSYoungGen      total 410112K, used 5248K [0x00000007d7000000, 0x00000007f0700000, 0x0000000800000000)
  eden space 403456K, 0% used [0x00000007d7000000,0x00000007d7000000,0x00000007efa00000)
  from space 6656K, 78% used [0x00000007f0080000,0x00000007f05a0000,0x00000007f0700000)
  to   space 6656K, 0% used [0x00000007efa00000,0x00000007efa00000,0x00000007f0080000)
 ParOldGen       total 83968K, used 9397K [0x0000000785000000, 0x000000078a200000, 0x00000007d7000000)
  object space 83968K, 11% used [0x0000000785000000,0x000000078592d6a8,0x000000078a200000)
 PSPermGen       total 21504K, used 14846K [0x000000077aa00000, 0x000000077bf00000, 0x0000000785000000)
  object space 21504K, 69% used [0x000000077aa00000,0x000000077b87f8b8,0x000000077bf00000)
}
Event: 9,478 GC heap before
{Heap before GC invocations=11 (full 0):
 PSYoungGen      total 410112K, used 408704K [0x00000007d7000000, 0x00000007f0700000, 0x0000000800000000)
  eden space 403456K, 100% used [0x00000007d7000000,0x00000007efa00000,0x00000007efa00000)
  from space 6656K, 78% used [0x00000007f0080000,0x00000007f05a0000,0x00000007f0700000)
  to   space 6656K, 0% used [0x00000007efa00000,0x00000007efa00000,0x00000007f0080000)
 ParOldGen       total 83968K, used 9397K [0x0000000785000000, 0x000000078a200000, 0x00000007d7000000)
  object space 83968K, 11% used [0x0000000785000000,0x000000078592d6a8,0x000000078a200000)
 PSPermGen       total 21504K, used 21205K [0x000000077aa00000, 0x000000077bf00000, 0x0000000785000000)
  object space 21504K, 98% used [0x000000077aa00000,0x000000077beb5430,0x000000077bf00000)

Deoptimization events (10 events):
Event: 7,160 Thread 0x00007ffb2c00b800 Uncommon trap: reason=class_check action=maybe_recompile pc=0x00007ffb290a7ca8 method=clojure.lang.Reflector.prepRet(Ljava/lang/Class;Ljava/lang/Object;)Ljava/lang/Object; @ 17
Event: 7,160 Thread 0x00007ffb2c00b800 Uncommon trap: reason=class_check action=maybe_recompile pc=0x00007ffb290a7ca8 method=clojure.lang.Reflector.prepRet(Ljava/lang/Class;Ljava/lang/Object;)Ljava/lang/Object; @ 17
Event: 7,161 Thread 0x00007ffb2c00b800 Uncommon trap: reason=bimorphic action=maybe_recompile pc=0x00007ffb2916d17c method=java.util.regex.Pattern$Curly.match(Ljava/util/regex/Matcher;ILjava/lang/CharSequence;)Z @ 19
Event: 7,772 Thread 0x00007ffb2c00b800 Uncommon trap: reason=null_check action=make_not_entrant pc=0x00007ffb29233940 method=clojure.lang.Compiler.elideMeta(Ljava/lang/Object;)Ljava/lang/Object; @ 6
Event: 7,850 Thread 0x00007ffb2c00b800 Uncommon trap: reason=class_check action=maybe_recompile pc=0x00007ffb290a15d4 method=clojure.lang.Symbol.equals(Ljava/lang/Object;)Z @ 8
Event: 7,939 Thread 0x00007ffb2c00b800 Uncommon trap: reason=unloaded action=reinterpret pc=0x00007ffb290e0550 method=clojure.lang.RT.seqFrom(Ljava/lang/Object;)Lclojure/lang/ISeq; @ 39
Event: 8,104 Thread 0x00007ffb2c00b800 Uncommon trap: reason=class_check action=maybe_recompile pc=0x00007ffb290a15d4 method=clojure.lang.Symbol.equals(Ljava/lang/Object;)Z @ 8
Event: 8,137 Thread 0x00007ffb2c00b800 Uncommon trap: reason=class_check action=maybe_recompile pc=0x00007ffb290a15d4 method=clojure.lang.Symbol.equals(Ljava/lang/Object;)Z @ 8
Event: 8,650 Thread 0x00007ffb2c00b800 Uncommon trap: reason=unreached action=reinterpret pc=0x00007ffb2922775c method=clojure.lang.RT.seqFrom(Ljava/lang/Object;)Lclojure/lang/ISeq; @ 18
Event: 8,677 Thread 0x00007ffb2c00b800 Uncommon trap: reason=unreached action=reinterpret pc=0x00007ffb29098bc0 method=clojure.lang.Util.equiv(Ljava/lang/Object;Ljava/lang/Object;)Z @ 15

Internal exceptions (10 events):
Event: 9,475 Thread 0x00007ffb2c00b800 Threw 0x00000007ef9f6c88 at /build/buildd/openjdk-7-7u75-2.5.4/build/openjdk/hotspot/src/share/vm/prims/jvm.cpp:1284
Event: 9,475 Thread 0x00007ffb2c00b800 Threw 0x00000007ef9f7548 at /build/buildd/openjdk-7-7u75-2.5.4/build/openjdk/hotspot/src/share/vm/prims/jvm.cpp:1284
Event: 9,475 Thread 0x00007ffb2c00b800 Threw 0x00000007ef9f7e08 at /build/buildd/openjdk-7-7u75-2.5.4/build/openjdk/hotspot/src/share/vm/prims/jvm.cpp:1284
Event: 9,475 Thread 0x00007ffb2c00b800 Threw 0x00000007ef9f86c8 at /build/buildd/openjdk-7-7u75-2.5.4/build/openjdk/hotspot/src/share/vm/prims/jvm.cpp:1284
Event: 9,475 Thread 0x00007ffb2c00b800 Threw 0x00000007ef9f8f88 at /build/buildd/openjdk-7-7u75-2.5.4/build/openjdk/hotspot/src/share/vm/prims/jvm.cpp:1284
Event: 9,475 Thread 0x00007ffb2c00b800 Threw 0x00000007ef9f9848 at /build/buildd/openjdk-7-7u75-2.5.4/build/openjdk/hotspot/src/share/vm/prims/jvm.cpp:1284
Event: 9,475 Thread 0x00007ffb2c00b800 Threw 0x00000007ef9fa108 at /build/buildd/openjdk-7-7u75-2.5.4/build/openjdk/hotspot/src/share/vm/prims/jvm.cpp:1284
Event: 9,475 Thread 0x00007ffb2c00b800 Threw 0x00000007ef9fb508 at /build/buildd/openjdk-7-7u75-2.5.4/build/openjdk/hotspot/src/share/vm/prims/jvm.cpp:1284
Event: 9,475 Thread 0x00007ffb2c00b800 Threw 0x00000007ef9feb40 at /build/buildd/openjdk-7-7u75-2.5.4/build/openjdk/hotspot/src/share/vm/prims/jvm.cpp:1284
Event: 9,475 Thread 0x00007ffb2c00b800 Threw 0x00000007ef9ff600 at /build/buildd/openjdk-7-7u75-2.5.4/build/openjdk/hotspot/src/share/vm/prims/jvm.cpp:1284

Events (10 events):
Event: 9,454 loading class 0x00007ffb2c843140 done
Event: 9,465 loading class 0x00007ffb2c86b240
Event: 9,465 loading class 0x00007ffb2c86b240 done
Event: 9,465 loading class 0x00007ffb2c86b240
Event: 9,465 loading class 0x00007ffb2c86b240 done
Event: 9,475 loading class 0x00007ffb2c843140
Event: 9,475 loading class 0x00007ffb2c843140 done
Event: 9,475 loading class 0x00007ffb2c843140
Event: 9,475 loading class 0x00007ffb2c843140 done
Event: 9,476 Executing VM operation: ParallelGCFailedAllocation


Dynamic libraries:
00400000-00401000 r-xp 00000000 fc:01 3803555                            /usr/lib/jvm/java-7-openjdk-amd64/jre/bin/java
00600000-00601000 r--p 00000000 fc:01 3803555                            /usr/lib/jvm/java-7-openjdk-amd64/jre/bin/java
00601000-00602000 rw-p 00001000 fc:01 3803555                            /usr/lib/jvm/java-7-openjdk-amd64/jre/bin/java
0103d000-0105e000 rw-p 00000000 00:00 0                                  [heap]
77aa00000-77bf00000 rw-p 00000000 00:00 0 
77bf00000-785000000 rw-p 00000000 00:00 0 
785000000-78a200000 rw-p 00000000 00:00 0 
78a200000-7d7000000 rw-p 00000000 00:00 0 
7d7000000-7f0700000 rw-p 00000000 00:00 0 
7ff380000-800000000 rw-p 00000000 00:00 0 
7ffae0000000-7ffae0038000 rw-p 00000000 00:00 0 
7ffae0038000-7ffae4000000 ---p 00000000 00:00 0 
7ffae8000000-7ffae8021000 rw-p 00000000 00:00 0 
7ffae8021000-7ffaec000000 ---p 00000000 00:00 0 
7ffaec000000-7ffaec045000 rw-p 00000000 00:00 0 
7ffaec045000-7ffaf0000000 ---p 00000000 00:00 0 
7ffaf0000000-7ffaf1138000 rw-p 00000000 00:00 0 
7ffaf1138000-7ffaf4000000 ---p 00000000 00:00 0 
7ffaf4000000-7ffaf4021000 rw-p 00000000 00:00 0 
7ffaf4021000-7ffaf8000000 ---p 00000000 00:00 0 
7ffaf8000000-7ffaf8021000 rw-p 00000000 00:00 0 
7ffaf8021000-7ffafc000000 ---p 00000000 00:00 0 
7ffafc000000-7ffafd519000 rw-p 00000000 00:00 0 
7ffafd519000-7ffb00000000 ---p 00000000 00:00 0 
7ffb00000000-7ffb00021000 rw-p 00000000 00:00 0 
7ffb00021000-7ffb04000000 ---p 00000000 00:00 0 
7ffb04000000-7ffb04021000 rw-p 00000000 00:00 0 
7ffb04021000-7ffb08000000 ---p 00000000 00:00 0 
7ffb08000000-7ffb08240000 rw-p 00000000 00:00 0 
7ffb08240000-7ffb0c000000 ---p 00000000 00:00 0 
7ffb0fd50000-7ffb14000000 rw-p 00000000 00:00 0 
7ffb14000000-7ffb14021000 rw-p 00000000 00:00 0 
7ffb14021000-7ffb18000000 ---p 00000000 00:00 0 
7ffb18ea5000-7ffb18ea8000 ---p 00000000 00:00 0 
7ffb18ea8000-7ffb18fa6000 rw-p 00000000 00:00 0                          [stack:9498]
7ffb18faf000-7ffb18fb2000 ---p 00000000 00:00 0 
7ffb18fb2000-7ffb190b0000 rw-p 00000000 00:00 0                          [stack:9497]
7ffb190b0000-7ffb190ed000 r-xp 00000000 fc:01 7999606                    /lib/x86_64-linux-gnu/libpcre.so.3.13.1
7ffb190ed000-7ffb192ec000 ---p 0003d000 fc:01 7999606                    /lib/x86_64-linux-gnu/libpcre.so.3.13.1
7ffb192ec000-7ffb192ed000 r--p 0003c000 fc:01 7999606                    /lib/x86_64-linux-gnu/libpcre.so.3.13.1
7ffb192ed000-7ffb192ee000 rw-p 0003d000 fc:01 7999606                    /lib/x86_64-linux-gnu/libpcre.so.3.13.1
7ffb192ee000-7ffb192f5000 r-xp 00000000 fc:01 3678367                    /usr/lib/x86_64-linux-gnu/libffi.so.6.0.1
7ffb192f5000-7ffb194f4000 ---p 00007000 fc:01 3678367                    /usr/lib/x86_64-linux-gnu/libffi.so.6.0.1
7ffb194f4000-7ffb194f5000 r--p 00006000 fc:01 3678367                    /usr/lib/x86_64-linux-gnu/libffi.so.6.0.1
7ffb194f5000-7ffb194f6000 rw-p 00007000 fc:01 3678367                    /usr/lib/x86_64-linux-gnu/libffi.so.6.0.1
7ffb194f6000-7ffb1950d000 r-xp 00000000 fc:01 7996433                    /lib/x86_64-linux-gnu/libresolv-2.19.so
7ffb1950d000-7ffb1970d000 ---p 00017000 fc:01 7996433                    /lib/x86_64-linux-gnu/libresolv-2.19.so
7ffb1970d000-7ffb1970e000 r--p 00017000 fc:01 7996433                    /lib/x86_64-linux-gnu/libresolv-2.19.so
7ffb1970e000-7ffb1970f000 rw-p 00018000 fc:01 7996433                    /lib/x86_64-linux-gnu/libresolv-2.19.so
7ffb1970f000-7ffb19711000 rw-p 00000000 00:00 0 
7ffb19711000-7ffb19731000 r-xp 00000000 fc:01 7999633                    /lib/x86_64-linux-gnu/libselinux.so.1
7ffb19731000-7ffb19930000 ---p 00020000 fc:01 7999633                    /lib/x86_64-linux-gnu/libselinux.so.1
7ffb19930000-7ffb19931000 r--p 0001f000 fc:01 7999633                    /lib/x86_64-linux-gnu/libselinux.so.1
7ffb19931000-7ffb19932000 rw-p 00020000 fc:01 7999633                    /lib/x86_64-linux-gnu/libselinux.so.1
7ffb19932000-7ffb19934000 rw-p 00000000 00:00 0 
7ffb19934000-7ffb19937000 r-xp 00000000 fc:01 3678494                    /usr/lib/x86_64-linux-gnu/libgmodule-2.0.so.0.4002.0
7ffb19937000-7ffb19b36000 ---p 00003000 fc:01 3678494                    /usr/lib/x86_64-linux-gnu/libgmodule-2.0.so.0.4002.0
7ffb19b36000-7ffb19b37000 r--p 00002000 fc:01 3678494                    /usr/lib/x86_64-linux-gnu/libgmodule-2.0.so.0.4002.0
7ffb19b37000-7ffb19b38000 rw-p 00003000 fc:01 3678494                    /usr/lib/x86_64-linux-gnu/libgmodule-2.0.so.0.4002.0
7ffb19b38000-7ffb19c3e000 r-xp 00000000 fc:01 7999533                    /lib/x86_64-linux-gnu/libglib-2.0.so.0.4002.0
7ffb19c3e000-7ffb19e3d000 ---p 00106000 fc:01 7999533                    /lib/x86_64-linux-gnu/libglib-2.0.so.0.4002.0
7ffb19e3d000-7ffb19e3e000 r--p 00105000 fc:01 7999533                    /lib/x86_64-linux-gnu/libglib-2.0.so.0.4002.0
7ffb19e3e000-7ffb19e3f000 rw-p 00106000 fc:01 7999533                    /lib/x86_64-linux-gnu/libglib-2.0.so.0.4002.0
7ffb19e3f000-7ffb19e40000 rw-p 00000000 00:00 0 
7ffb19e40000-7ffb19e8f000 r-xp 00000000 fc:01 3678518                    /usr/lib/x86_64-linux-gnu/libgobject-2.0.so.0.4002.0
7ffb19e8f000-7ffb1a08f000 ---p 0004f000 fc:01 3678518                    /usr/lib/x86_64-linux-gnu/libgobject-2.0.so.0.4002.0
7ffb1a08f000-7ffb1a090000 r--p 0004f000 fc:01 3678518                    /usr/lib/x86_64-linux-gnu/libgobject-2.0.so.0.4002.0
7ffb1a090000-7ffb1a091000 rw-p 00050000 fc:01 3678518                    /usr/lib/x86_64-linux-gnu/libgobject-2.0.so.0.4002.0
7ffb1a091000-7ffb1a1fd000 r-xp 00000000 fc:01 3678478                    /usr/lib/x86_64-linux-gnu/libgio-2.0.so.0.4002.0
7ffb1a1fd000-7ffb1a3fc000 ---p 0016c000 fc:01 3678478                    /usr/lib/x86_64-linux-gnu/libgio-2.0.so.0.4002.0
7ffb1a3fc000-7ffb1a400000 r--p 0016b000 fc:01 3678478                    /usr/lib/x86_64-linux-gnu/libgio-2.0.so.0.4002.0
7ffb1a400000-7ffb1a402000 rw-p 0016f000 fc:01 3678478                    /usr/lib/x86_64-linux-gnu/libgio-2.0.so.0.4002.0
7ffb1a402000-7ffb1a404000 rw-p 00000000 00:00 0 
7ffb1a40b000-7ffb1a40c000 rw-p 00000000 00:00 0 
7ffb1a40c000-7ffb1a40e000 r--s 0000a000 00:22 6951406                    /home/user/.m2/repository/org/json/json/20090211/json-20090211.jar
7ffb1a40e000-7ffb1a410000 r--s 00001000 00:22 8392437                    /home/user/.m2/repository/fs/fs/1.3.3/fs-1.3.3.jar
7ffb1a410000-7ffb1a412000 r--s 00002000 00:22 8392436                    /home/user/.m2/repository/ibdknox/analyzer/0.0.2/analyzer-0.0.2.jar
7ffb1a412000-7ffb1a413000 r--s 00001000 00:22 8655499                    /home/user/.m2/repository/tigris/tigris/0.1.1/tigris-0.1.1.jar
7ffb1a413000-7ffb1a414000 r--s 00000000 00:22 6555083                    /home/user/.m2/repository/clojure-complete/clojure-complete/0.2.3/clojure-complete-0.2.3.jar
7ffb1a414000-7ffb1a416000 r--s 00004000 00:22 8261871                    /home/user/.m2/repository/lein-light-nrepl/lein-light-nrepl/0.1.0/lein-light-nrepl-0.1.0.jar
7ffb1a416000-7ffb1a423000 r--s 00109000 00:22 7343045                    /home/user/.m2/repository/org/mozilla/rhino/1.7R4/rhino-1.7R4.jar
7ffb1a423000-7ffb1a43a000 r-xp 00000000 fc:01 3803509                    /usr/lib/jvm/java-7-openjdk-amd64/jre/lib/amd64/libnet.so
7ffb1a43a000-7ffb1a639000 ---p 00017000 fc:01 3803509                    /usr/lib/jvm/java-7-openjdk-amd64/jre/lib/amd64/libnet.so
7ffb1a639000-7ffb1a63a000 r--p 00016000 fc:01 3803509                    /usr/lib/jvm/java-7-openjdk-amd64/jre/lib/amd64/libnet.so
7ffb1a63a000-7ffb1a63b000 rw-p 00017000 fc:01 3803509                    /usr/lib/jvm/java-7-openjdk-amd64/jre/lib/amd64/libnet.so
7ffb1a63b000-7ffb1a64b000 r-xp 00000000 fc:01 3803504                    /usr/lib/jvm/java-7-openjdk-amd64/jre/lib/amd64/libnio.so
7ffb1a64b000-7ffb1a84b000 ---p 00010000 fc:01 3803504                    /usr/lib/jvm/java-7-openjdk-amd64/jre/lib/amd64/libnio.so
7ffb1a84b000-7ffb1a84c000 r--p 00010000 fc:01 3803504                    /usr/lib/jvm/java-7-openjdk-amd64/jre/lib/amd64/libnio.so
7ffb1a84c000-7ffb1a84d000 rw-p 00011000 fc:01 3803504                    /usr/lib/jvm/java-7-openjdk-amd64/jre/lib/amd64/libnio.so
7ffb1a84d000-7ffb1a88c000 r--s 00340000 00:22 8259817                    /home/user/.m2/repository/org/clojure/clojure/1.6.0/clojure-1.6.0.jar
7ffb1a88c000-7ffb1a8b9000 r--s 004c0000 00:22 8259824                    /home/user/.m2/repository/org/clojure/google-closure-library/0.0-20140718-946a7d39/google-closure-library-0.0-20140718-946a7d39.jar
7ffb1a8b9000-7ffb1a8e6000 r--s 0028a000 00:22 8259816                    /home/user/.m2/repository/com/google/javascript/closure-compiler/v20140625/closure-compiler-v20140625.jar
7ffb1a8e6000-7ffb1a911000 r--s 001f9000 00:22 8259822                    /home/user/.m2/repository/com/google/guava/guava/17.0/guava-17.0.jar
7ffb1a911000-7ffb1a912000 ---p 00000000 00:00 0 
7ffb1a912000-7ffb1aa12000 rw-p 00000000 00:00 0                          [stack:9496]
7ffb1aa12000-7ffb1aa15000 ---p 00000000 00:00 0 
7ffb1aa15000-7ffb1ab13000 rw-p 00000000 00:00 0                          [stack:9495]
7ffb1ab13000-7ffb1ab16000 ---p 00000000 00:00 0 
7ffb1ab16000-7ffb1ac14000 rw-p 00000000 00:00 0                          [stack:9494]
7ffb1ac14000-7ffb1ac17000 ---p 00000000 00:00 0 
7ffb1ac17000-7ffb1ad15000 rw-p 00000000 00:00 0                          [stack:9493]
7ffb1ad15000-7ffb1ad18000 ---p 00000000 00:00 0 
7ffb1ad18000-7ffb1ae16000 rw-p 00000000 00:00 0                          [stack:9492]
7ffb1ae16000-7ffb1b24e000 r--p 00000000 fc:01 3676634                    /usr/lib/locale/locale-archive
7ffb1b24e000-7ffb1b251000 ---p 00000000 00:00 0 
7ffb1b251000-7ffb1b34f000 rw-p 00000000 00:00 0                          [stack:9491]
7ffb1b34f000-7ffb1b352000 ---p 00000000 00:00 0 
7ffb1b352000-7ffb1b450000 rw-p 00000000 00:00 0                          [stack:9490]
7ffb1b450000-7ffb1b451000 ---p 00000000 00:00 0 
7ffb1b451000-7ffb1c000000 rw-p 00000000 00:00 0                          [stack:9489]
7ffb1c000000-7ffb1c021000 rw-p 00000000 00:00 0 
7ffb1c021000-7ffb20000000 ---p 00000000 00:00 0 
7ffb20000000-7ffb20021000 rw-p 00000000 00:00 0 
7ffb20021000-7ffb24000000 ---p 00000000 00:00 0 
7ffb24000000-7ffb24021000 rw-p 00000000 00:00 0 
7ffb24021000-7ffb28000000 ---p 00000000 00:00 0 
7ffb28000000-7ffb2854e000 rw-p 00000000 00:00 0 
7ffb2854e000-7ffb28700000 r--s 01d23000 fc:01 3803471                    /usr/lib/jvm/java-7-openjdk-amd64/jre/lib/rt.jar
7ffb28700000-7ffb28bfc000 rw-p 00000000 00:00 0 
7ffb28bfc000-7ffb28bfd000 ---p 00000000 00:00 0 
7ffb28bfd000-7ffb28cfd000 rw-p 00000000 00:00 0                          [stack:9488]
7ffb28cfd000-7ffb28cfe000 ---p 00000000 00:00 0 
7ffb28cfe000-7ffb28dfe000 rw-p 00000000 00:00 0                          [stack:9487]
7ffb28dfe000-7ffb28dff000 ---p 00000000 00:00 0 
7ffb28dff000-7ffb28eff000 rw-p 00000000 00:00 0                          [stack:9486]
7ffb28eff000-7ffb28f00000 ---p 00000000 00:00 0 
7ffb28f00000-7ffb29000000 rw-p 00000000 00:00 0                          [stack:9485]
7ffb29000000-7ffb292a0000 rwxp 00000000 00:00 0 
7ffb292a0000-7ffb2cc54000 rw-p 00000000 00:00 0 
7ffb2cc54000-7ffb30000000 ---p 00000000 00:00 0 
7ffb30000000-7ffb30001000 r--s 0002c000 00:22 8259837                    /home/user/.m2/repository/reagent/reagent/0.5.0-alpha/reagent-0.5.0-alpha.jar
7ffb30001000-7ffb30003000 r--s 00009000 00:22 8392441                    /home/user/.m2/repository/ibdknox/tools.reader/0.8.1/tools.reader-0.8.1.jar
7ffb30003000-7ffb30007000 r--s 0002a000 00:22 8261863                    /home/user/.m2/repository/commons-io/commons-io/2.4/commons-io-2.4.jar
7ffb30007000-7ffb30009000 r--s 00008000 00:22 5274688                    /home/user/.m2/repository/org/clojure/tools.nrepl/0.2.3/tools.nrepl-0.2.3.jar
7ffb30009000-7ffb3000b000 r--s 00011000 00:22 8259826                    /home/user/.m2/repository/org/clojure/google-closure-library-third-party/0.0-20140718-946a7d39/google-closure-library-third-party-0.0-20140718-946a7d39.jar
7ffb3000b000-7ffb3000d000 r--s 00002000 00:22 8524026                    /home/user/.m2/repository/cheshire/cheshire/5.2.0/cheshire-5.2.0.jar
7ffb3000d000-7ffb30015000 r--s 0007b000 00:22 8259823                    /home/user/.m2/repository/com/google/protobuf/protobuf-java/2.5.0/protobuf-java-2.5.0.jar
7ffb30015000-7ffb30072000 rw-p 00000000 00:00 0 
7ffb30072000-7ffb300ba000 rw-p 00000000 00:00 0 
7ffb300ba000-7ffb300e3000 rw-p 00000000 00:00 0 
7ffb300e3000-7ffb3034a000 rw-p 00000000 00:00 0 
7ffb3034a000-7ffb30355000 rw-p 00000000 00:00 0 
7ffb30355000-7ffb3039d000 rw-p 00000000 00:00 0 
7ffb3039d000-7ffb303c6000 rw-p 00000000 00:00 0 
7ffb303c6000-7ffb3062d000 rw-p 00000000 00:00 0 
7ffb3062d000-7ffb306f9000 rw-p 00000000 00:00 0 
7ffb306f9000-7ffb30775000 rw-p 00000000 00:00 0 
7ffb30775000-7ffb30776000 rw-p 00000000 00:00 0 
7ffb30776000-7ffb3077e000 r-xp 00000000 fc:01 3803546                    /usr/lib/jvm/java-7-openjdk-amd64/jre/lib/amd64/libzip.so
7ffb3077e000-7ffb3097d000 ---p 00008000 fc:01 3803546                    /usr/lib/jvm/java-7-openjdk-amd64/jre/lib/amd64/libzip.so
7ffb3097d000-7ffb3097e000 r--p 00007000 fc:01 3803546                    /usr/lib/jvm/java-7-openjdk-amd64/jre/lib/amd64/libzip.so
7ffb3097e000-7ffb3097f000 rw-p 00008000 fc:01 3803546                    /usr/lib/jvm/java-7-openjdk-amd64/jre/lib/amd64/libzip.so
7ffb3097f000-7ffb3098a000 r-xp 00000000 fc:01 7996446                    /lib/x86_64-linux-gnu/libnss_files-2.19.so
7ffb3098a000-7ffb30b89000 ---p 0000b000 fc:01 7996446                    /lib/x86_64-linux-gnu/libnss_files-2.19.so
7ffb30b89000-7ffb30b8a000 r--p 0000a000 fc:01 7996446                    /lib/x86_64-linux-gnu/libnss_files-2.19.so
7ffb30b8a000-7ffb30b8b000 rw-p 0000b000 fc:01 7996446                    /lib/x86_64-linux-gnu/libnss_files-2.19.so
7ffb30b8b000-7ffb30b96000 r-xp 00000000 fc:01 7996443                    /lib/x86_64-linux-gnu/libnss_nis-2.19.so
7ffb30b96000-7ffb30d95000 ---p 0000b000 fc:01 7996443                    /lib/x86_64-linux-gnu/libnss_nis-2.19.so
7ffb30d95000-7ffb30d96000 r--p 0000a000 fc:01 7996443                    /lib/x86_64-linux-gnu/libnss_nis-2.19.so
7ffb30d96000-7ffb30d97000 rw-p 0000b000 fc:01 7996443                    /lib/x86_64-linux-gnu/libnss_nis-2.19.so
7ffb30d97000-7ffb30dae000 r-xp 00000000 fc:01 7996408                    /lib/x86_64-linux-gnu/libnsl-2.19.so
7ffb30dae000-7ffb30fad000 ---p 00017000 fc:01 7996408                    /lib/x86_64-linux-gnu/libnsl-2.19.so
7ffb30fad000-7ffb30fae000 r--p 00016000 fc:01 7996408                    /lib/x86_64-linux-gnu/libnsl-2.19.so
7ffb30fae000-7ffb30faf000 rw-p 00017000 fc:01 7996408                    /lib/x86_64-linux-gnu/libnsl-2.19.so
7ffb30faf000-7ffb30fb1000 rw-p 00000000 00:00 0 
7ffb30fb1000-7ffb30fba000 r-xp 00000000 fc:01 7996403                    /lib/x86_64-linux-gnu/libnss_compat-2.19.so
7ffb30fba000-7ffb311b9000 ---p 00009000 fc:01 7996403                    /lib/x86_64-linux-gnu/libnss_compat-2.19.so
7ffb311b9000-7ffb311ba000 r--p 00008000 fc:01 7996403                    /lib/x86_64-linux-gnu/libnss_compat-2.19.so
7ffb311ba000-7ffb311bb000 rw-p 00009000 fc:01 7996403                    /lib/x86_64-linux-gnu/libnss_compat-2.19.so
7ffb311bb000-7ffb311e6000 r-xp 00000000 fc:01 3803520                    /usr/lib/jvm/java-7-openjdk-amd64/jre/lib/amd64/libjava.so
7ffb311e6000-7ffb313e6000 ---p 0002b000 fc:01 3803520                    /usr/lib/jvm/java-7-openjdk-amd64/jre/lib/amd64/libjava.so
7ffb313e6000-7ffb313e7000 r--p 0002b000 fc:01 3803520                    /usr/lib/jvm/java-7-openjdk-amd64/jre/lib/amd64/libjava.so
7ffb313e7000-7ffb313e9000 rw-p 0002c000 fc:01 3803520                    /usr/lib/jvm/java-7-openjdk-amd64/jre/lib/amd64/libjava.so
7ffb313e9000-7ffb313f9000 r-xp 00000000 fc:01 3803519                    /usr/lib/jvm/java-7-openjdk-amd64/jre/lib/amd64/libverify.so
7ffb313f9000-7ffb315f8000 ---p 00010000 fc:01 3803519                    /usr/lib/jvm/java-7-openjdk-amd64/jre/lib/amd64/libverify.so
7ffb315f8000-7ffb315fa000 r--p 0000f000 fc:01 3803519                    /usr/lib/jvm/java-7-openjdk-amd64/jre/lib/amd64/libverify.so
7ffb315fa000-7ffb315fb000 rw-p 00011000 fc:01 3803519                    /usr/lib/jvm/java-7-openjdk-amd64/jre/lib/amd64/libverify.so
7ffb315fb000-7ffb31602000 r-xp 00000000 fc:01 7996385                    /lib/x86_64-linux-gnu/librt-2.19.so
7ffb31602000-7ffb31801000 ---p 00007000 fc:01 7996385                    /lib/x86_64-linux-gnu/librt-2.19.so
7ffb31801000-7ffb31802000 r--p 00006000 fc:01 7996385                    /lib/x86_64-linux-gnu/librt-2.19.so
7ffb31802000-7ffb31803000 rw-p 00007000 fc:01 7996385                    /lib/x86_64-linux-gnu/librt-2.19.so
7ffb31803000-7ffb31819000 r-xp 00000000 fc:01 7999529                    /lib/x86_64-linux-gnu/libgcc_s.so.1
7ffb31819000-7ffb31a18000 ---p 00016000 fc:01 7999529                    /lib/x86_64-linux-gnu/libgcc_s.so.1
7ffb31a18000-7ffb31a19000 rw-p 00015000 fc:01 7999529                    /lib/x86_64-linux-gnu/libgcc_s.so.1
7ffb31a19000-7ffb31b1e000 r-xp 00000000 fc:01 7996407                    /lib/x86_64-linux-gnu/libm-2.19.so
7ffb31b1e000-7ffb31d1d000 ---p 00105000 fc:01 7996407                    /lib/x86_64-linux-gnu/libm-2.19.so
7ffb31d1d000-7ffb31d1e000 r--p 00104000 fc:01 7996407                    /lib/x86_64-linux-gnu/libm-2.19.so
7ffb31d1e000-7ffb31d1f000 rw-p 00105000 fc:01 7996407                    /lib/x86_64-linux-gnu/libm-2.19.so
7ffb31d1f000-7ffb31e05000 r-xp 00000000 fc:01 3679114                    /usr/lib/x86_64-linux-gnu/libstdc++.so.6.0.19
7ffb31e05000-7ffb32004000 ---p 000e6000 fc:01 3679114                    /usr/lib/x86_64-linux-gnu/libstdc++.so.6.0.19
7ffb32004000-7ffb3200c000 r--p 000e5000 fc:01 3679114                    /usr/lib/x86_64-linux-gnu/libstdc++.so.6.0.19
7ffb3200c000-7ffb3200e000 rw-p 000ed000 fc:01 3679114                    /usr/lib/x86_64-linux-gnu/libstdc++.so.6.0.19
7ffb3200e000-7ffb32023000 rw-p 00000000 00:00 0 
7ffb32023000-7ffb32b3b000 r-xp 00000000 fc:01 3803528                    /usr/lib/jvm/java-7-openjdk-amd64/jre/lib/amd64/server/libjvm.so
7ffb32b3b000-7ffb32d3b000 ---p 00b18000 fc:01 3803528                    /usr/lib/jvm/java-7-openjdk-amd64/jre/lib/amd64/server/libjvm.so
7ffb32d3b000-7ffb32dd5000 r--p 00b18000 fc:01 3803528                    /usr/lib/jvm/java-7-openjdk-amd64/jre/lib/amd64/server/libjvm.so
7ffb32dd5000-7ffb32df8000 rw-p 00bb2000 fc:01 3803528                    /usr/lib/jvm/java-7-openjdk-amd64/jre/lib/amd64/server/libjvm.so
7ffb32df8000-7ffb32e26000 rw-p 00000000 00:00 0 
7ffb32e26000-7ffb32e3e000 r-xp 00000000 fc:01 7999664                    /lib/x86_64-linux-gnu/libz.so.1.2.8
7ffb32e3e000-7ffb3303d000 ---p 00018000 fc:01 7999664                    /lib/x86_64-linux-gnu/libz.so.1.2.8
7ffb3303d000-7ffb3303e000 r--p 00017000 fc:01 7999664                    /lib/x86_64-linux-gnu/libz.so.1.2.8
7ffb3303e000-7ffb3303f000 rw-p 00018000 fc:01 7999664                    /lib/x86_64-linux-gnu/libz.so.1.2.8
7ffb3303f000-7ffb33058000 r-xp 00000000 fc:01 7996445                    /lib/x86_64-linux-gnu/libpthread-2.19.so
7ffb33058000-7ffb33257000 ---p 00019000 fc:01 7996445                    /lib/x86_64-linux-gnu/libpthread-2.19.so
7ffb33257000-7ffb33258000 r--p 00018000 fc:01 7996445                    /lib/x86_64-linux-gnu/libpthread-2.19.so
7ffb33258000-7ffb33259000 rw-p 00019000 fc:01 7996445                    /lib/x86_64-linux-gnu/libpthread-2.19.so
7ffb33259000-7ffb3325d000 rw-p 00000000 00:00 0 
7ffb3325d000-7ffb33260000 r-xp 00000000 fc:01 7996397                    /lib/x86_64-linux-gnu/libdl-2.19.so
7ffb33260000-7ffb3345f000 ---p 00003000 fc:01 7996397                    /lib/x86_64-linux-gnu/libdl-2.19.so
7ffb3345f000-7ffb33460000 r--p 00002000 fc:01 7996397                    /lib/x86_64-linux-gnu/libdl-2.19.so
7ffb33460000-7ffb33461000 rw-p 00003000 fc:01 7996397                    /lib/x86_64-linux-gnu/libdl-2.19.so
7ffb33461000-7ffb3361c000 r-xp 00000000 fc:01 7996384                    /lib/x86_64-linux-gnu/libc-2.19.so
7ffb3361c000-7ffb3381c000 ---p 001bb000 fc:01 7996384                    /lib/x86_64-linux-gnu/libc-2.19.so
7ffb3381c000-7ffb33820000 r--p 001bb000 fc:01 7996384                    /lib/x86_64-linux-gnu/libc-2.19.so
7ffb33820000-7ffb33822000 rw-p 001bf000 fc:01 7996384                    /lib/x86_64-linux-gnu/libc-2.19.so
7ffb33822000-7ffb33827000 rw-p 00000000 00:00 0 
7ffb33827000-7ffb33834000 r-xp 00000000 fc:01 3803500                    /usr/lib/jvm/java-7-openjdk-amd64/jre/lib/amd64/jli/libjli.so
7ffb33834000-7ffb33a33000 ---p 0000d000 fc:01 3803500                    /usr/lib/jvm/java-7-openjdk-amd64/jre/lib/amd64/jli/libjli.so
7ffb33a33000-7ffb33a34000 r--p 0000c000 fc:01 3803500                    /usr/lib/jvm/java-7-openjdk-amd64/jre/lib/amd64/jli/libjli.so
7ffb33a34000-7ffb33a35000 rw-p 0000d000 fc:01 3803500                    /usr/lib/jvm/java-7-openjdk-amd64/jre/lib/amd64/jli/libjli.so
7ffb33a35000-7ffb33a58000 r-xp 00000000 fc:01 7996382                    /lib/x86_64-linux-gnu/ld-2.19.so
7ffb33a58000-7ffb33a59000 r--s 00007000 00:22 8259549                    /home/user/.m2/repository/com/cemerick/clojurescript.test/0.3.1/clojurescript.test-0.3.1.jar
7ffb33a59000-7ffb33a5a000 r--s 000ad000 00:22 8259838                    /home/user/.m2/repository/servant/servant/0.1.3/servant-0.1.3.jar
7ffb33a5a000-7ffb33a5d000 r--s 0002c000 00:22 8524022                    /home/user/.m2/repository/com/fasterxml/jackson/core/jackson-core/2.2.1/jackson-core-2.2.1.jar
7ffb33a5d000-7ffb33a5e000 r--s 00007000 00:22 8261868                    /home/user/.m2/repository/org/clojure/tools.reader/0.8.3/tools.reader-0.8.3.jar
7ffb33a5e000-7ffb33a60000 r--s 0000e000 00:22 8524023                    /home/user/.m2/repository/com/fasterxml/jackson/dataformat/jackson-dataformat-smile/2.2.1/jackson-dataformat-smile-2.2.1.jar
7ffb33a60000-7ffb33a61000 r--s 00001000 00:22 8259568                    /home/user/.m2/repository/org/clojure/data.json/0.2.3/data.json-0.2.3.jar
7ffb33a61000-7ffb33a63000 r--s 00026000 00:22 8259814                    /home/user/.m2/repository/org/clojure/clojurescript/0.0-2371/clojurescript-0.0-2371.jar
7ffb33a63000-7ffb33a64000 r--s 0001c000 00:22 8259815                    /home/user/.m2/repository/com/google/javascript/closure-compiler-externs/v20140625/closure-compiler-externs-v20140625.jar
7ffb33a64000-7ffb33a69000 r--s 00032000 00:22 8259548                    /home/user/.m2/repository/org/apache/commons/commons-compress/1.3/commons-compress-1.3.jar
7ffb33a69000-7ffb33a6a000 r--s 00002000 00:22 8392438                    /home/user/.m2/repository/clj-stacktrace/clj-stacktrace/0.2.7/clj-stacktrace-0.2.7.jar
7ffb33a6a000-7ffb33a6d000 r--s 00010000 00:22 8259818                    /home/user/.m2/repository/args4j/args4j/2.0.26/args4j-2.0.26.jar
7ffb33a6d000-7ffb33a70000 r--s 00006000 00:22 8259563                    /home/user/.m2/repository/com/google/code/findbugs/jsr305/1.3.9/jsr305-1.3.9.jar
7ffb33a70000-7ffb33a7b000 rw-p 00000000 00:00 0 
7ffb33a7b000-7ffb33b30000 rw-p 00000000 00:00 0 
7ffb33b30000-7ffb33b33000 ---p 00000000 00:00 0 
7ffb33b33000-7ffb33c36000 rw-p 00000000 00:00 0                          [stack:9484]
7ffb33c36000-7ffb33c38000 r--s 0000b000 00:22 8259830                    /home/user/.m2/repository/org/clojure/core.async/0.1.242.0-44b1e3-alpha/core.async-0.1.242.0-44b1e3-alpha.jar
7ffb33c38000-7ffb33c3b000 r--s 0000f000 fc:01 3803474                    /usr/lib/jvm/java-7-openjdk-amd64/jre/lib/ext/icedtea-sound.jar
7ffb33c3b000-7ffb33c3f000 r--s 00034000 fc:01 3803476                    /usr/lib/jvm/java-7-openjdk-amd64/jre/lib/ext/sunjce_provider.jar
7ffb33c3f000-7ffb33c41000 r--s 00006000 fc:01 4199388                    /usr/share/java/java-atk-wrapper.jar
7ffb33c41000-7ffb33c45000 r--s 0003c000 fc:01 3803475                    /usr/lib/jvm/java-7-openjdk-amd64/jre/lib/ext/sunpkcs11.jar
7ffb33c45000-7ffb33c47000 r--s 00012000 fc:01 3803479                    /usr/lib/jvm/java-7-openjdk-amd64/jre/lib/ext/zipfs.jar
7ffb33c47000-7ffb33c48000 r--s 00002000 fc:01 3803480                    /usr/lib/jvm/java-7-openjdk-amd64/jre/lib/ext/dnsns.jar
7ffb33c48000-7ffb33c4b000 r--s 00086000 fc:01 3803481                    /usr/lib/jvm/java-7-openjdk-amd64/jre/lib/ext/localedata.jar
7ffb33c4b000-7ffb33c53000 rw-s 00000000 fc:01 8392492                    /tmp/hsperfdata_user/9478
7ffb33c53000-7ffb33c54000 rw-p 00000000 00:00 0 
7ffb33c54000-7ffb33c55000 ---p 00000000 00:00 0 
7ffb33c55000-7ffb33c57000 rw-p 00000000 00:00 0 
7ffb33c57000-7ffb33c58000 r--p 00022000 fc:01 7996382                    /lib/x86_64-linux-gnu/ld-2.19.so
7ffb33c58000-7ffb33c59000 rw-p 00023000 fc:01 7996382                    /lib/x86_64-linux-gnu/ld-2.19.so
7ffb33c59000-7ffb33c5a000 rw-p 00000000 00:00 0 
7fff14e7a000-7fff14e9c000 rw-p 00000000 00:00 0                          [stack]
7fff14ffe000-7fff15000000 r-xp 00000000 00:00 0                          [vdso]
ffffffffff600000-ffffffffff601000 r-xp 00000000 00:00 0                  [vsyscall]

VM Arguments:
jvm_args: -Dclojure.compile.path=/home/user/Buyan/app/target/classes -Dapp.version=0.1.0-SNAPSHOT -Dfile.encoding=UTF-8 -Dclojure.debug=false 
java_command: clojure.main -i /tmp/form-init1244317285820320404.clj
Launcher Type: SUN_STANDARD

Environment Variables:
PATH=/usr/local/sbin:/usr/local/bin:/usr/sbin:/usr/bin:/sbin:/bin:/usr/games:/usr/local/games
USERNAME=user
LD_LIBRARY_PATH=/home/user/Downloads/LightTable:
SHELL=/usr/bin/zsh
DISPLAY=:0.0

Signal Handlers:
SIGSEGV: [libjvm.so+0x94b4b0], sa_mask[0]=0x7ffbfeff, sa_flags=0x10000004
SIGBUS: [libjvm.so+0x94b4b0], sa_mask[0]=0x7ffbfeff, sa_flags=0x10000004
SIGFPE: [libjvm.so+0x7c3390], sa_mask[0]=0x7ffbfeff, sa_flags=0x10000004
SIGPIPE: [libjvm.so+0x7c3390], sa_mask[0]=0x7ffbfeff, sa_flags=0x10000004
SIGXFSZ: [libjvm.so+0x7c3390], sa_mask[0]=0x7ffbfeff, sa_flags=0x10000004
SIGILL: [libjvm.so+0x7c3390], sa_mask[0]=0x7ffbfeff, sa_flags=0x10000004
SIGUSR1: SIG_DFL, sa_mask[0]=0x00000000, sa_flags=0x00000000
SIGUSR2: [libjvm.so+0x7c3230], sa_mask[0]=0x00000004, sa_flags=0x10000004
SIGHUP: [libjvm.so+0x7c3410], sa_mask[0]=0x7ffbfeff, sa_flags=0x10000004
SIGINT: [libjvm.so+0x7c3410], sa_mask[0]=0x7ffbfeff, sa_flags=0x10000004
SIGTERM: [libjvm.so+0x7c3410], sa_mask[0]=0x7ffbfeff, sa_flags=0x10000004
SIGQUIT: [libjvm.so+0x7c3410], sa_mask[0]=0x7ffbfeff, sa_flags=0x10000004
SIGTRAP: SIG_DFL, sa_mask[0]=0x00000000, sa_flags=0x00000000


---------------  S Y S T E M  ---------------

OS:LinuxMint 17.1 (rebecca)
uname:Linux 3.13.0-37-generic #64-Ubuntu SMP Mon Sep 22 21:28:38 UTC 2014 x86_64
libc:glibc 2.19 NPTL 2.19 
rlimit: STACK 8192k, CORE 0k, NPROC 62050, NOFILE 4096, AS infinity
load average:1,84 1,69 1,61

/proc/meminfo:
MemTotal:        8054168 kB
MemFree:          127688 kB
Buffers:             732 kB
Cached:           437584 kB
SwapCached:            0 kB
Active:          7262660 kB
Inactive:         381460 kB
Active(anon):    7226384 kB
Inactive(anon):   342068 kB
Active(file):      36276 kB
Inactive(file):    39392 kB
Unevictable:           4 kB
Mlocked:               4 kB
SwapTotal:             0 kB
SwapFree:              0 kB
Dirty:              1624 kB
Writeback:           140 kB
AnonPages:       7206488 kB
Mapped:           320392 kB
Shmem:            361924 kB
Slab:              96396 kB
SReclaimable:      38180 kB
SUnreclaim:        58216 kB
KernelStack:        7256 kB
PageTables:        54380 kB
NFS_Unstable:          0 kB
Bounce:                0 kB
WritebackTmp:          0 kB
CommitLimit:     4027084 kB
Committed_AS:   13289172 kB
VmallocTotal:   34359738367 kB
VmallocUsed:      555792 kB
VmallocChunk:   34359172696 kB
HardwareCorrupted:     0 kB
AnonHugePages:   1411072 kB
HugePages_Total:       0
HugePages_Free:        0
HugePages_Rsvd:        0
HugePages_Surp:        0
Hugepagesize:       2048 kB
DirectMap4k:       97024 kB
DirectMap2M:     7120896 kB
DirectMap1G:     1048576 kB


CPU:total 4 (2 cores per cpu, 2 threads per core) family 6 model 69 stepping 1, cmov, cx8, fxsr, mmx, sse, sse2, sse3, ssse3, sse4.1, sse4.2, popcnt, avx, avx2, aes, erms, ht, tsc, tscinvbit

/proc/cpuinfo:
processor	: 0
vendor_id	: GenuineIntel
cpu family	: 6
model		: 69
model name	: Intel(R) Core(TM) i5-4200U CPU @ 1.60GHz
stepping	: 1
microcode	: 0x17
cpu MHz		: 1200.000
cache size	: 3072 KB
physical id	: 0
siblings	: 4
core id		: 0
cpu cores	: 2
apicid		: 0
initial apicid	: 0
fpu		: yes
fpu_exception	: yes
cpuid level	: 13
wp		: yes
flags		: fpu vme de pse tsc msr pae mce cx8 apic sep mtrr pge mca cmov pat pse36 clflush dts acpi mmx fxsr sse sse2 ss ht tm pbe syscall nx pdpe1gb rdtscp lm constant_tsc arch_perfmon pebs bts rep_good nopl xtopology nonstop_tsc aperfmperf eagerfpu pni pclmulqdq dtes64 monitor ds_cpl vmx est tm2 ssse3 fma cx16 xtpr pdcm pcid sse4_1 sse4_2 movbe popcnt tsc_deadline_timer aes xsave avx f16c rdrand lahf_lm abm ida arat epb xsaveopt pln pts dtherm tpr_shadow vnmi flexpriority ept vpid fsgsbase tsc_adjust bmi1 avx2 smep bmi2 erms invpcid
bogomips	: 4589.00
clflush size	: 64
cache_alignment	: 64
address sizes	: 39 bits physical, 48 bits virtual
power management:

processor	: 1
vendor_id	: GenuineIntel
cpu family	: 6
model		: 69
model name	: Intel(R) Core(TM) i5-4200U CPU @ 1.60GHz
stepping	: 1
microcode	: 0x17
cpu MHz		: 2300.000
cache size	: 3072 KB
physical id	: 0
siblings	: 4
core id		: 0
cpu cores	: 2
apicid		: 1
initial apicid	: 1
fpu		: yes
fpu_exception	: yes
cpuid level	: 13
wp		: yes
flags		: fpu vme de pse tsc msr pae mce cx8 apic sep mtrr pge mca cmov pat pse36 clflush dts acpi mmx fxsr sse sse2 ss ht tm pbe syscall nx pdpe1gb rdtscp lm constant_tsc arch_perfmon pebs bts rep_good nopl xtopology nonstop_tsc aperfmperf eagerfpu pni pclmulqdq dtes64 monitor ds_cpl vmx est tm2 ssse3 fma cx16 xtpr pdcm pcid sse4_1 sse4_2 movbe popcnt tsc_deadline_timer aes xsave avx f16c rdrand lahf_lm abm ida arat epb xsaveopt pln pts dtherm tpr_shadow vnmi flexpriority ept vpid fsgsbase tsc_adjust bmi1 avx2 smep bmi2 erms invpcid
bogomips	: 4589.00
clflush size	: 64
cache_alignment	: 64
address sizes	: 39 bits physical, 48 bits virtual
power management:

processor	: 2
vendor_id	: GenuineIntel
cpu family	: 6
model		: 69
model name	: Intel(R) Core(TM) i5-4200U CPU @ 1.60GHz
stepping	: 1
microcode	: 0x17
cpu MHz		: 2300.000
cache size	: 3072 KB
physical id	: 0
siblings	: 4
core id		: 1
cpu cores	: 2
apicid		: 2
initial apicid	: 2
fpu		: yes
fpu_exception	: yes
cpuid level	: 13
wp		: yes
flags		: fpu vme de pse tsc msr pae mce cx8 apic sep mtrr pge mca cmov pat pse36 clflush dts acpi mmx fxsr sse sse2 ss ht tm pbe syscall nx pdpe1gb rdtscp lm constant_tsc arch_perfmon pebs bts rep_good nopl xtopology nonstop_tsc aperfmperf eagerfpu pni pclmulqdq dtes64 monitor ds_cpl vmx est tm2 ssse3 fma cx16 xtpr pdcm pcid sse4_1 sse4_2 movbe popcnt tsc_deadline_timer aes xsave avx f16c rdrand lahf_lm abm ida arat epb xsaveopt pln pts dtherm tpr_shadow vnmi flexpriority ept vpid fsgsbase tsc_adjust bmi1 avx2 smep bmi2 erms invpcid
bogomips	: 4589.00
clflush size	: 64
cache_alignment	: 64
address sizes	: 39 bits physical, 48 bits virtual
power management:

processor	: 3
vendor_id	: GenuineIntel
cpu family	: 6
model		: 69
model name	: Intel(R) Core(TM) i5-4200U CPU @ 1.60GHz
stepping	: 1
microcode	: 0x17
cpu MHz		: 1700.000
cache size	: 3072 KB
physical id	: 0
siblings	: 4
core id		: 1
cpu cores	: 2
apicid		: 3
initial apicid	: 3
fpu		: yes
fpu_exception	: yes
cpuid level	: 13
wp		: yes
flags		: fpu vme de pse tsc msr pae mce cx8 apic sep mtrr pge mca cmov pat pse36 clflush dts acpi mmx fxsr sse sse2 ss ht tm pbe syscall nx pdpe1gb rdtscp lm constant_tsc arch_perfmon pebs bts rep_good nopl xtopology nonstop_tsc aperfmperf eagerfpu pni pclmulqdq dtes64 monitor ds_cpl vmx est tm2 ssse3 fma cx16 xtpr pdcm pcid sse4_1 sse4_2 movbe popcnt tsc_deadline_timer aes xsave avx f16c rdrand lahf_lm abm ida arat epb xsaveopt pln pts dtherm tpr_shadow vnmi flexpriority ept vpid fsgsbase tsc_adjust bmi1 avx2 smep bmi2 erms invpcid
bogomips	: 4589.00
clflush size	: 64
cache_alignment	: 64
address sizes	: 39 bits physical, 48 bits virtual
power management:



Memory: 4k page, physical 8054168k(127688k free), swap 0k(0k free)

vm_info: OpenJDK 64-Bit Server VM (24.75-b04) for linux-amd64 JRE (1.7.0_75-b13), built on Jan 27 2015 00:38:59 by "buildd" with gcc 4.8.2

time: Wed Feb 18 01:31:19 2015
elapsed time: 9 seconds

