#
# There is insufficient memory for the Java Runtime Environment to continue.
# Native memory allocation (malloc) failed to allocate 198705152 bytes for committing reserved memory.
# Possible reasons:
#   The system is out of physical RAM or swap space
#   In 32 bit mode, the process size limit was hit
# Possible solutions:
#   Reduce memory load on the system
#   Increase physical memory or swap space
#   Check if swap backing store is full
#   Use 64 bit Java on a 64 bit OS
#   Decrease Java heap size (-Xmx/-Xms)
#   Decrease number of Java threads
#   Decrease Java thread stack sizes (-Xss)
#   Set larger code cache with -XX:ReservedCodeCacheSize=
# This output file may be truncated or incomplete.
#
#  Out of Memory Error (os_linux.cpp:2798), pid=6820, tid=140480358512384
#
# JRE version: OpenJDK Runtime Environment (7.0_75-b13) (build 1.7.0_75-b13)
# Java VM: OpenJDK 64-Bit Server VM (24.75-b04 mixed mode linux-amd64 compressed oops)
# Derivative: IcedTea 2.5.4
# Distribution: Ubuntu 14.04 LTS, package 7u75-2.5.4-1~trusty1
# Failed to write core dump. Core dumps have been disabled. To enable core dumping, try "ulimit -c unlimited" before starting Java again
#

---------------  T H R E A D  ---------------

Current thread (0x00007fc428077000):  VMThread [stack: 0x00007fc421cdf000,0x00007fc421de0000] [id=6831]

Stack: [0x00007fc421cdf000,0x00007fc421de0000],  sp=0x00007fc421dde490,  free space=1021k
Native frames: (J=compiled Java code, j=interpreted, Vv=VM code, C=native code)
V  [libjvm.so+0x94a9d5]  VMError::report_and_die()+0x175
V  [libjvm.so+0x48b954]  report_vm_out_of_memory(char const*, int, unsigned long, char const*)+0x74
V  [libjvm.so+0x7c7b7b]  os::pd_commit_memory(char*, unsigned long, unsigned long, bool)+0xeb
V  [libjvm.so+0x7c263f]  os::commit_memory(char*, unsigned long, unsigned long, bool)+0x1f
V  [libjvm.so+0x834b1b]  PSVirtualSpace::expand_by(unsigned long)+0x5b
V  [libjvm.so+0x835970]  PSYoungGen::resize_generation(unsigned long, unsigned long)+0xb0
V  [libjvm.so+0x83605b]  PSYoungGen::resize(unsigned long, unsigned long)+0x1b
V  [libjvm.so+0x832340]  PSScavenge::invoke_no_policy()+0xde0
V  [libjvm.so+0x832b18]  PSScavenge::invoke()+0x38
V  [libjvm.so+0x7e9203]  ParallelScavengeHeap::failed_mem_allocate(unsigned long)+0x63
V  [libjvm.so+0x94c3d4]  VM_ParallelGCFailedAllocation::doit()+0x84
V  [libjvm.so+0x9508d7]  VM_Operation::evaluate()+0x47
V  [libjvm.so+0x94f248]  VMThread::evaluate_operation(VM_Operation*)+0x318
V  [libjvm.so+0x94f6a9]  VMThread::loop()+0x219
V  [libjvm.so+0x94faf2]  VMThread::run()+0x72
V  [libjvm.so+0x7c4a42]  java_start(Thread*)+0xf2

VM_Operation (0x00007fc42e4ade50): ParallelGCFailedAllocation, mode: safepoint, requested by thread 0x00007fc42800b800


---------------  P R O C E S S  ---------------

Java Threads: ( => current thread )
  0x00007fc428b73000 JavaThread "clojure-agent-send-off-pool-1" [_thread_blocked, id=6841, stack(0x00007fc41b67b000,0x00007fc41b77c000)]
  0x00007fc428b72800 JavaThread "clojure-agent-send-off-pool-0" [_thread_blocked, id=6840, stack(0x00007fc4200b7000,0x00007fc4201b8000)]
  0x00007fc4280b1000 JavaThread "Service Thread" daemon [_thread_blocked, id=6837, stack(0x00007fc4212a1000,0x00007fc4213a2000)]
  0x00007fc4280ae800 JavaThread "C2 CompilerThread1" daemon [_thread_blocked, id=6836, stack(0x00007fc4213a2000,0x00007fc4214a3000)]
  0x00007fc4280ab800 JavaThread "C2 CompilerThread0" daemon [_thread_blocked, id=6835, stack(0x00007fc4214a3000,0x00007fc4215a4000)]
  0x00007fc4280a9800 JavaThread "Signal Dispatcher" daemon [_thread_blocked, id=6834, stack(0x00007fc4215a4000,0x00007fc4216a5000)]
  0x00007fc42807d800 JavaThread "Finalizer" daemon [_thread_blocked, id=6833, stack(0x00007fc421add000,0x00007fc421bde000)]
  0x00007fc42807b800 JavaThread "Reference Handler" daemon [_thread_blocked, id=6832, stack(0x00007fc421bde000,0x00007fc421cdf000)]
  0x00007fc42800b800 JavaThread "main" [_thread_blocked, id=6823, stack(0x00007fc42e3b4000,0x00007fc42e4b5000)]

Other Threads:
=>0x00007fc428077000 VMThread [stack: 0x00007fc421cdf000,0x00007fc421de0000] [id=6831]
  0x00007fc4280c3800 WatcherThread [stack: 0x00007fc4211a0000,0x00007fc4212a1000] [id=6838]

VM state:at safepoint (normal execution)

VM Mutex/Monitor currently owned by a thread:  ([mutex/lock_event])
[0x00007fc428007d50] Threads_lock - owner thread: 0x00007fc428077000
[0x00007fc428008250] Heap_lock - owner thread: 0x00007fc42800b800

Heap
 PSYoungGen      total 327680K, used 5787K [0x00000007d7000000, 0x00000007eb600000, 0x0000000800000000)
  eden space 321536K, 0% used [0x00000007d7000000,0x00000007d7000000,0x00000007eaa00000)
  from space 6144K, 94% used [0x00000007eaa00000,0x00000007eafa6e70,0x00000007eb000000)
  to   space 6144K, 0% used [0x00000007eb000000,0x00000007eb000000,0x00000007eb600000)
 ParOldGen       total 83968K, used 14472K [0x0000000785000000, 0x000000078a200000, 0x00000007d7000000)
  object space 83968K, 17% used [0x0000000785000000,0x0000000785e222c8,0x000000078a200000)
 PSPermGen       total 21504K, used 20178K [0x000000077aa00000, 0x000000077bf00000, 0x0000000785000000)
  object space 21504K, 93% used [0x000000077aa00000,0x000000077bdb4ae8,0x000000077bf00000)

Card table byte_map: [0x00007fc423b47000,0x00007fc423f73000] byte_map_base: 0x00007fc41ff72000

Polling page: 0x00007fc42e4d8000

Code Cache  [0x00007fc423f73000, 0x00007fc4241e3000, 0x00007fc426f73000)
 total_blobs=948 nmethods=676 adapters=224 free_code_cache=46835Kb largest_free_block=47886400

Compilation events (10 events):
Event: 9,337 Thread 0x00007fc4280ab800  744             java.util.IdentityHashMap::put (123 bytes)
Event: 9,343 Thread 0x00007fc4280ab800 nmethod 744 0x00007fc42400e4d0 code [0x00007fc42400e640, 0x00007fc42400e978]
Event: 9,343 Thread 0x00007fc4280ab800  745             clojure.lang.Compiler$InvokeExpr::hasJavaClass (13 bytes)
Event: 9,343 Thread 0x00007fc4280ab800 nmethod 745 0x00007fc424028cd0 code [0x00007fc424028e00, 0x00007fc424028e78]
Event: 9,344 Thread 0x00007fc4280ab800  746             clojure.lang.PersistentHashMap::assoc (153 bytes)
Event: 9,353 Thread 0x00007fc4280ab800 nmethod 746 0x00007fc4241b4510 code [0x00007fc4241b46e0, 0x00007fc4241b4d70]
Event: 9,353 Thread 0x00007fc4280ab800  747             clojure.lang.Numbers$LongOps::equiv (18 bytes)
Event: 9,354 Thread 0x00007fc4280ab800 nmethod 747 0x00007fc424062210 code [0x00007fc424062360, 0x00007fc424062458]
Event: 9,354 Thread 0x00007fc4280ab800  748             clojure.asm.commons.GeneratorAdapter::putStatic (11 bytes)
Event: 9,355 Thread 0x00007fc4280ab800 nmethod 748 0x00007fc42404f510 code [0x00007fc42404f660, 0x00007fc42404f6e8]

GC Heap History (10 events):
Event: 4,649 GC heap after
Heap after GC invocations=8 (full 0):
 PSYoungGen      total 131072K, used 2832K [0x00000007d7000000, 0x00000007df700000, 0x0000000800000000)
  eden space 125440K, 0% used [0x00000007d7000000,0x00000007d7000000,0x00000007dea80000)
  from space 5632K, 50% used [0x00000007df080000,0x00000007df344030,0x00000007df600000)
  to   space 6144K, 0% used [0x00000007dea80000,0x00000007dea80000,0x00000007df080000)
 ParOldGen       total 83968K, used 4029K [0x0000000785000000, 0x000000078a200000, 0x00000007d7000000)
  object space 83968K, 4% used [0x0000000785000000,0x00000007853ef7c0,0x000000078a200000)
 PSPermGen       total 21504K, used 14441K [0x000000077aa00000, 0x000000077bf00000, 0x0000000785000000)
  object space 21504K, 67% used [0x000000077aa00000,0x000000077b81a538,0x000000077bf00000)
}
Event: 5,021 GC heap before
{Heap before GC invocations=9 (full 0):
 PSYoungGen      total 131072K, used 128272K [0x00000007d7000000, 0x00000007df700000, 0x0000000800000000)
  eden space 125440K, 100% used [0x00000007d7000000,0x00000007dea80000,0x00000007dea80000)
  from space 5632K, 50% used [0x00000007df080000,0x00000007df344030,0x00000007df600000)
  to   space 6144K, 0% used [0x00000007dea80000,0x00000007dea80000,0x00000007df080000)
 ParOldGen       total 83968K, used 4029K [0x0000000785000000, 0x000000078a200000, 0x00000007d7000000)
  object space 83968K, 4% used [0x0000000785000000,0x00000007853ef7c0,0x000000078a200000)
 PSPermGen       total 21504K, used 14574K [0x000000077aa00000, 0x000000077bf00000, 0x0000000785000000)
  object space 21504K, 67% used [0x000000077aa00000,0x000000077b83b838,0x000000077bf00000)
Event: 5,035 GC heap after
Heap after GC invocations=9 (full 0):
 PSYoungGen      total 131584K, used 3424K [0x00000007d7000000, 0x00000007e4000000, 0x0000000800000000)
  eden space 125440K, 0% used [0x00000007d7000000,0x00000007d7000000,0x00000007dea80000)
  from space 6144K, 55% used [0x00000007dea80000,0x00000007dedd8000,0x00000007df080000)
  to   space 6144K, 0% used [0x00000007e3a00000,0x00000007e3a00000,0x00000007e4000000)
 ParOldGen       total 83968K, used 4972K [0x0000000785000000, 0x000000078a200000, 0x00000007d7000000)
  object space 83968K, 5% used [0x0000000785000000,0x00000007854db018,0x000000078a200000)
 PSPermGen       total 21504K, used 14574K [0x000000077aa00000, 0x000000077bf00000, 0x0000000785000000)
  object space 21504K, 67% used [0x000000077aa00000,0x000000077b83b838,0x000000077bf00000)
}
Event: 5,260 GC heap before
{Heap before GC invocations=10 (full 0):
 PSYoungGen      total 131584K, used 128864K [0x00000007d7000000, 0x00000007e4000000, 0x0000000800000000)
  eden space 125440K, 100% used [0x00000007d7000000,0x00000007dea80000,0x00000007dea80000)
  from space 6144K, 55% used [0x00000007dea80000,0x00000007dedd8000,0x00000007df080000)
  to   space 6144K, 0% used [0x00000007e3a00000,0x00000007e3a00000,0x00000007e4000000)
 ParOldGen       total 83968K, used 4972K [0x0000000785000000, 0x000000078a200000, 0x00000007d7000000)
  object space 83968K, 5% used [0x0000000785000000,0x00000007854db018,0x000000078a200000)
 PSPermGen       total 21504K, used 14577K [0x000000077aa00000, 0x000000077bf00000, 0x0000000785000000)
  object space 21504K, 67% used [0x000000077aa00000,0x000000077b83c540,0x000000077bf00000)
Event: 5,270 GC heap after
Heap after GC invocations=10 (full 0):
 PSYoungGen      total 206848K, used 3168K [0x00000007d7000000, 0x00000007e4000000, 0x0000000800000000)
  eden space 200704K, 0% used [0x00000007d7000000,0x00000007d7000000,0x00000007e3400000)
  from space 6144K, 51% used [0x00000007e3a00000,0x00000007e3d18000,0x00000007e4000000)
  to   space 6144K, 0% used [0x00000007e3400000,0x00000007e3400000,0x00000007e3a00000)
 ParOldGen       total 83968K, used 6796K [0x0000000785000000, 0x000000078a200000, 0x00000007d7000000)
  object space 83968K, 8% used [0x0000000785000000,0x00000007856a3268,0x000000078a200000)
 PSPermGen       total 21504K, used 14577K [0x000000077aa00000, 0x000000077bf00000, 0x0000000785000000)
  object space 21504K, 67% used [0x000000077aa00000,0x000000077b83c540,0x000000077bf00000)
}
Event: 5,479 GC heap before
{Heap before GC invocations=11 (full 0):
 PSYoungGen      total 206848K, used 203872K [0x00000007d7000000, 0x00000007e4000000, 0x0000000800000000)
  eden space 200704K, 100% used [0x00000007d7000000,0x00000007e3400000,0x00000007e3400000)
  from space 6144K, 51% used [0x00000007e3a00000,0x00000007e3d18000,0x00000007e4000000)
  to   space 6144K, 0% used [0x00000007e3400000,0x00000007e3400000,0x00000007e3a00000)
 ParOldGen       total 83968K, used 6796K [0x0000000785000000, 0x000000078a200000, 0x00000007d7000000)
  object space 83968K, 8% used [0x0000000785000000,0x00000007856a3268,0x000000078a200000)
 PSPermGen       total 21504K, used 14628K [0x000000077aa00000, 0x000000077bf00000, 0x0000000785000000)
  object space 21504K, 68% used [0x000000077aa00000,0x000000077b849298,0x000000077bf00000)
Event: 5,490 GC heap after
Heap after GC invocations=11 (full 0):
 PSYoungGen      total 206848K, used 2368K [0x00000007d7000000, 0x00000007eb600000, 0x0000000800000000)
  eden space 200704K, 0% used [0x00000007d7000000,0x00000007d7000000,0x00000007e3400000)
  from space 6144K, 38% used [0x00000007e3400000,0x00000007e3650000,0x00000007e3a00000)
  to   space 6144K, 0% used [0x00000007eb000000,0x00000007eb000000,0x00000007eb600000)
 ParOldGen       total 83968K, used 9924K [0x0000000785000000, 0x000000078a200000, 0x00000007d7000000)
  object space 83968K, 11% used [0x0000000785000000,0x00000007859b1268,0x000000078a200000)
 PSPermGen       total 21504K, used 14628K [0x000000077aa00000, 0x000000077bf00000, 0x0000000785000000)
  object space 21504K, 68% used [0x000000077aa00000,0x000000077b849298,0x000000077bf00000)
}
Event: 5,781 GC heap before
{Heap before GC invocations=12 (full 0):
 PSYoungGen      total 206848K, used 203072K [0x00000007d7000000, 0x00000007eb600000, 0x0000000800000000)
  eden space 200704K, 100% used [0x00000007d7000000,0x00000007e3400000,0x00000007e3400000)
  from space 6144K, 38% used [0x00000007e3400000,0x00000007e3650000,0x00000007e3a00000)
  to   space 6144K, 0% used [0x00000007eb000000,0x00000007eb000000,0x00000007eb600000)
 ParOldGen       total 83968K, used 9924K [0x0000000785000000, 0x000000078a200000, 0x00000007d7000000)
  object space 83968K, 11% used [0x0000000785000000,0x00000007859b1268,0x000000078a200000)
 PSPermGen       total 21504K, used 14827K [0x000000077aa00000, 0x000000077bf00000, 0x0000000785000000)
  object space 21504K, 68% used [0x000000077aa00000,0x000000077b87aec0,0x000000077bf00000)
Event: 5,789 GC heap after
Heap after GC invocations=12 (full 0):
 PSYoungGen      total 327680K, used 2388K [0x00000007d7000000, 0x00000007eb600000, 0x0000000800000000)
  eden space 321536K, 0% used [0x00000007d7000000,0x00000007d7000000,0x00000007eaa00000)
  from space 6144K, 38% used [0x00000007eb000000,0x00000007eb255060,0x00000007eb600000)
  to   space 6144K, 0% used [0x00000007eaa00000,0x00000007eaa00000,0x00000007eb000000)
 ParOldGen       total 83968K, used 12220K [0x0000000785000000, 0x000000078a200000, 0x00000007d7000000)
  object space 83968K, 14% used [0x0000000785000000,0x0000000785bef268,0x000000078a200000)
 PSPermGen       total 21504K, used 14827K [0x000000077aa00000, 0x000000077bf00000, 0x0000000785000000)
  object space 21504K, 68% used [0x000000077aa00000,0x000000077b87aec0,0x000000077bf00000)
}
Event: 9,363 GC heap before
{Heap before GC invocations=13 (full 0):
 PSYoungGen      total 327680K, used 323924K [0x00000007d7000000, 0x00000007eb600000, 0x0000000800000000)
  eden space 321536K, 100% used [0x00000007d7000000,0x00000007eaa00000,0x00000007eaa00000)
  from space 6144K, 38% used [0x00000007eb000000,0x00000007eb255060,0x00000007eb600000)
  to   space 6144K, 0% used [0x00000007eaa00000,0x00000007eaa00000,0x00000007eb000000)
 ParOldGen       total 83968K, used 12220K [0x0000000785000000, 0x000000078a200000, 0x00000007d7000000)
  object space 83968K, 14% used [0x0000000785000000,0x0000000785bef268,0x000000078a200000)
 PSPermGen       total 21504K, used 20178K [0x000000077aa00000, 0x000000077bf00000, 0x0000000785000000)
  object space 21504K, 93% used [0x000000077aa00000,0x000000077bdb4ae8,0x000000077bf00000)

Deoptimization events (10 events):
Event: 7,494 Thread 0x00007fc42800b800 Uncommon trap: reason=unreached action=reinterpret pc=0x00007fc424063234 method=clojure.lang.Util.classOf(Ljava/lang/Object;)Ljava/lang/Class; @ 1
Event: 8,167 Thread 0x00007fc42800b800 Uncommon trap: reason=class_check action=maybe_recompile pc=0x00007fc42403af10 method=clojure.lang.LispReader.read1(Ljava/io/Reader;)I @ 1
Event: 8,167 Thread 0x00007fc42800b800 Uncommon trap: reason=class_check action=maybe_recompile pc=0x00007fc42404b48c method=java.io.FilterReader.read()I @ 4
Event: 8,167 Thread 0x00007fc42800b800 Uncommon trap: reason=class_check action=maybe_recompile pc=0x00007fc424046058 method=java.io.FilterReader.read()I @ 4
Event: 8,377 Thread 0x00007fc42800b800 Uncommon trap: reason=class_check action=maybe_recompile pc=0x00007fc4240dc828 method=clojure.lang.Reflector.prepRet(Ljava/lang/Class;Ljava/lang/Object;)Ljava/lang/Object; @ 17
Event: 8,377 Thread 0x00007fc42800b800 Uncommon trap: reason=class_check action=maybe_recompile pc=0x00007fc4240dc828 method=clojure.lang.Reflector.prepRet(Ljava/lang/Class;Ljava/lang/Object;)Ljava/lang/Object; @ 17
Event: 8,378 Thread 0x00007fc42800b800 Uncommon trap: reason=bimorphic action=maybe_recompile pc=0x00007fc423fede7c method=java.util.regex.Pattern$Curly.match(Ljava/util/regex/Matcher;ILjava/lang/CharSequence;)Z @ 19
Event: 8,995 Thread 0x00007fc42800b800 Uncommon trap: reason=null_check action=make_not_entrant pc=0x00007fc4241bfd84 method=clojure.lang.Compiler.elideMeta(Ljava/lang/Object;)Ljava/lang/Object; @ 6
Event: 9,079 Thread 0x00007fc42800b800 Uncommon trap: reason=class_check action=maybe_recompile pc=0x00007fc424012dd4 method=clojure.lang.Symbol.equals(Ljava/lang/Object;)Z @ 8
Event: 9,200 Thread 0x00007fc42800b800 Uncommon trap: reason=unloaded action=reinterpret pc=0x00007fc42406b724 method=clojure.lang.RT.seqFrom(Ljava/lang/Object;)Lclojure/lang/ISeq; @ 39

Internal exceptions (10 events):
Event: 9,361 Thread 0x00007fc42800b800 Threw 0x00000007ea9b78c0 at /build/buildd/openjdk-7-7u75-2.5.4/build/openjdk/hotspot/src/share/vm/prims/jvm.cpp:1284
Event: 9,361 Thread 0x00007fc42800b800 Threw 0x00000007ea9b8370 at /build/buildd/openjdk-7-7u75-2.5.4/build/openjdk/hotspot/src/share/vm/prims/jvm.cpp:1284
Event: 9,361 Thread 0x00007fc42800b800 Threw 0x00000007ea9b8e20 at /build/buildd/openjdk-7-7u75-2.5.4/build/openjdk/hotspot/src/share/vm/prims/jvm.cpp:1284
Event: 9,361 Thread 0x00007fc42800b800 Threw 0x00000007ea9b98d0 at /build/buildd/openjdk-7-7u75-2.5.4/build/openjdk/hotspot/src/share/vm/prims/jvm.cpp:1284
Event: 9,361 Thread 0x00007fc42800b800 Threw 0x00000007ea9ba380 at /build/buildd/openjdk-7-7u75-2.5.4/build/openjdk/hotspot/src/share/vm/prims/jvm.cpp:1284
Event: 9,361 Thread 0x00007fc42800b800 Threw 0x00000007ea9bae30 at /build/buildd/openjdk-7-7u75-2.5.4/build/openjdk/hotspot/src/share/vm/prims/jvm.cpp:1284
Event: 9,361 Thread 0x00007fc42800b800 Threw 0x00000007ea9bb8e0 at /build/buildd/openjdk-7-7u75-2.5.4/build/openjdk/hotspot/src/share/vm/prims/jvm.cpp:1284
Event: 9,361 Thread 0x00007fc42800b800 Threw 0x00000007ea9bc390 at /build/buildd/openjdk-7-7u75-2.5.4/build/openjdk/hotspot/src/share/vm/prims/jvm.cpp:1284
Event: 9,361 Thread 0x00007fc42800b800 Threw 0x00000007ea9bce40 at /build/buildd/openjdk-7-7u75-2.5.4/build/openjdk/hotspot/src/share/vm/prims/jvm.cpp:1284
Event: 9,361 Thread 0x00007fc42800b800 Threw 0x00000007ea9bd8f0 at /build/buildd/openjdk-7-7u75-2.5.4/build/openjdk/hotspot/src/share/vm/prims/jvm.cpp:1284

Events (10 events):
Event: 9,354 loading class 0x00007fc428446a90 done
Event: 9,354 loading class 0x00007fc428446a90
Event: 9,354 loading class 0x00007fc428446a90 done
Event: 9,354 Thread 0x00007fc4280ab800 flushing nmethod 0x00007fc424072a10
Event: 9,355 Thread 0x00007fc4280ab800 flushing nmethod 0x00007fc424081a50
Event: 9,360 loading class 0x00007fc4283d5a70
Event: 9,360 loading class 0x00007fc4283d5a70 done
Event: 9,361 loading class 0x00007fc4283d5a70
Event: 9,361 loading class 0x00007fc4283d5a70 done
Event: 9,363 Executing VM operation: ParallelGCFailedAllocation


Dynamic libraries:
00400000-00401000 r-xp 00000000 fc:01 3803555                            /usr/lib/jvm/java-7-openjdk-amd64/jre/bin/java
00600000-00601000 r--p 00000000 fc:01 3803555                            /usr/lib/jvm/java-7-openjdk-amd64/jre/bin/java
00601000-00602000 rw-p 00001000 fc:01 3803555                            /usr/lib/jvm/java-7-openjdk-amd64/jre/bin/java
014ec000-0150d000 rw-p 00000000 00:00 0                                  [heap]
77aa00000-77bf00000 rw-p 00000000 00:00 0 
77bf00000-785000000 rw-p 00000000 00:00 0 
785000000-78a200000 rw-p 00000000 00:00 0 
78a200000-7d7000000 rw-p 00000000 00:00 0 
7d7000000-7eb600000 rw-p 00000000 00:00 0 
7f7380000-800000000 rw-p 00000000 00:00 0 
7fc3d0000000-7fc3d0032000 rw-p 00000000 00:00 0 
7fc3d0032000-7fc3d4000000 ---p 00000000 00:00 0 
7fc3d8000000-7fc3d8021000 rw-p 00000000 00:00 0 
7fc3d8021000-7fc3dc000000 ---p 00000000 00:00 0 
7fc3e0000000-7fc3e0021000 rw-p 00000000 00:00 0 
7fc3e0021000-7fc3e4000000 ---p 00000000 00:00 0 
7fc3e4000000-7fc3e402f000 rw-p 00000000 00:00 0 
7fc3e402f000-7fc3e8000000 ---p 00000000 00:00 0 
7fc3e8000000-7fc3e8a64000 rw-p 00000000 00:00 0 
7fc3e8a64000-7fc3ec000000 ---p 00000000 00:00 0 
7fc3ec000000-7fc3eced7000 rw-p 00000000 00:00 0 
7fc3eced7000-7fc3f0000000 ---p 00000000 00:00 0 
7fc3f0000000-7fc3f0021000 rw-p 00000000 00:00 0 
7fc3f0021000-7fc3f4000000 ---p 00000000 00:00 0 
7fc3f4000000-7fc3f4021000 rw-p 00000000 00:00 0 
7fc3f4021000-7fc3f8000000 ---p 00000000 00:00 0 
7fc3f8000000-7fc3f8021000 rw-p 00000000 00:00 0 
7fc3f8021000-7fc3fc000000 ---p 00000000 00:00 0 
7fc3ffd50000-7fc404000000 rw-p 00000000 00:00 0 
7fc404000000-7fc404021000 rw-p 00000000 00:00 0 
7fc404021000-7fc408000000 ---p 00000000 00:00 0 
7fc408000000-7fc408240000 rw-p 00000000 00:00 0 
7fc408240000-7fc40c000000 ---p 00000000 00:00 0 
7fc40c000000-7fc40c021000 rw-p 00000000 00:00 0 
7fc40c021000-7fc410000000 ---p 00000000 00:00 0 
7fc414000000-7fc414021000 rw-p 00000000 00:00 0 
7fc414021000-7fc418000000 ---p 00000000 00:00 0 
7fc41b67b000-7fc41b67e000 ---p 00000000 00:00 0 
7fc41b67e000-7fc41b77c000 rw-p 00000000 00:00 0                          [stack:6841]
7fc41b77c000-7fc41b7b9000 r-xp 00000000 fc:01 7999606                    /lib/x86_64-linux-gnu/libpcre.so.3.13.1
7fc41b7b9000-7fc41b9b8000 ---p 0003d000 fc:01 7999606                    /lib/x86_64-linux-gnu/libpcre.so.3.13.1
7fc41b9b8000-7fc41b9b9000 r--p 0003c000 fc:01 7999606                    /lib/x86_64-linux-gnu/libpcre.so.3.13.1
7fc41b9b9000-7fc41b9ba000 rw-p 0003d000 fc:01 7999606                    /lib/x86_64-linux-gnu/libpcre.so.3.13.1
7fc41b9ba000-7fc41b9c1000 r-xp 00000000 fc:01 3678367                    /usr/lib/x86_64-linux-gnu/libffi.so.6.0.1
7fc41b9c1000-7fc41bbc0000 ---p 00007000 fc:01 3678367                    /usr/lib/x86_64-linux-gnu/libffi.so.6.0.1
7fc41bbc0000-7fc41bbc1000 r--p 00006000 fc:01 3678367                    /usr/lib/x86_64-linux-gnu/libffi.so.6.0.1
7fc41bbc1000-7fc41bbc2000 rw-p 00007000 fc:01 3678367                    /usr/lib/x86_64-linux-gnu/libffi.so.6.0.1
7fc41bbc2000-7fc41bbd9000 r-xp 00000000 fc:01 7996433                    /lib/x86_64-linux-gnu/libresolv-2.19.so
7fc41bbd9000-7fc41bdd9000 ---p 00017000 fc:01 7996433                    /lib/x86_64-linux-gnu/libresolv-2.19.so
7fc41bdd9000-7fc41bdda000 r--p 00017000 fc:01 7996433                    /lib/x86_64-linux-gnu/libresolv-2.19.so
7fc41bdda000-7fc41bddb000 rw-p 00018000 fc:01 7996433                    /lib/x86_64-linux-gnu/libresolv-2.19.so
7fc41bddb000-7fc41bddd000 rw-p 00000000 00:00 0 
7fc41bddd000-7fc41bdfd000 r-xp 00000000 fc:01 7999633                    /lib/x86_64-linux-gnu/libselinux.so.1
7fc41bdfd000-7fc41bffc000 ---p 00020000 fc:01 7999633                    /lib/x86_64-linux-gnu/libselinux.so.1
7fc41bffc000-7fc41bffd000 r--p 0001f000 fc:01 7999633                    /lib/x86_64-linux-gnu/libselinux.so.1
7fc41bffd000-7fc41bffe000 rw-p 00020000 fc:01 7999633                    /lib/x86_64-linux-gnu/libselinux.so.1
7fc41bffe000-7fc41c000000 rw-p 00000000 00:00 0 
7fc41c000000-7fc41c021000 rw-p 00000000 00:00 0 
7fc41c021000-7fc420000000 ---p 00000000 00:00 0 
7fc4200ad000-7fc4200b7000 r--s 00203000 fc:01 3803496                    /usr/lib/jvm/java-7-openjdk-amd64/jre/lib/charsets.jar
7fc4200b7000-7fc4200ba000 ---p 00000000 00:00 0 
7fc4200ba000-7fc4201b8000 rw-p 00000000 00:00 0                          [stack:6840]
7fc4201b8000-7fc4201bb000 r-xp 00000000 fc:01 3678494                    /usr/lib/x86_64-linux-gnu/libgmodule-2.0.so.0.4002.0
7fc4201bb000-7fc4203ba000 ---p 00003000 fc:01 3678494                    /usr/lib/x86_64-linux-gnu/libgmodule-2.0.so.0.4002.0
7fc4203ba000-7fc4203bb000 r--p 00002000 fc:01 3678494                    /usr/lib/x86_64-linux-gnu/libgmodule-2.0.so.0.4002.0
7fc4203bb000-7fc4203bc000 rw-p 00003000 fc:01 3678494                    /usr/lib/x86_64-linux-gnu/libgmodule-2.0.so.0.4002.0
7fc4203bc000-7fc4204c2000 r-xp 00000000 fc:01 7999533                    /lib/x86_64-linux-gnu/libglib-2.0.so.0.4002.0
7fc4204c2000-7fc4206c1000 ---p 00106000 fc:01 7999533                    /lib/x86_64-linux-gnu/libglib-2.0.so.0.4002.0
7fc4206c1000-7fc4206c2000 r--p 00105000 fc:01 7999533                    /lib/x86_64-linux-gnu/libglib-2.0.so.0.4002.0
7fc4206c2000-7fc4206c3000 rw-p 00106000 fc:01 7999533                    /lib/x86_64-linux-gnu/libglib-2.0.so.0.4002.0
7fc4206c3000-7fc4206c4000 rw-p 00000000 00:00 0 
7fc4206c4000-7fc420713000 r-xp 00000000 fc:01 3678518                    /usr/lib/x86_64-linux-gnu/libgobject-2.0.so.0.4002.0
7fc420713000-7fc420913000 ---p 0004f000 fc:01 3678518                    /usr/lib/x86_64-linux-gnu/libgobject-2.0.so.0.4002.0
7fc420913000-7fc420914000 r--p 0004f000 fc:01 3678518                    /usr/lib/x86_64-linux-gnu/libgobject-2.0.so.0.4002.0
7fc420914000-7fc420915000 rw-p 00050000 fc:01 3678518                    /usr/lib/x86_64-linux-gnu/libgobject-2.0.so.0.4002.0
7fc420915000-7fc420a81000 r-xp 00000000 fc:01 3678478                    /usr/lib/x86_64-linux-gnu/libgio-2.0.so.0.4002.0
7fc420a81000-7fc420c80000 ---p 0016c000 fc:01 3678478                    /usr/lib/x86_64-linux-gnu/libgio-2.0.so.0.4002.0
7fc420c80000-7fc420c84000 r--p 0016b000 fc:01 3678478                    /usr/lib/x86_64-linux-gnu/libgio-2.0.so.0.4002.0
7fc420c84000-7fc420c86000 rw-p 0016f000 fc:01 3678478                    /usr/lib/x86_64-linux-gnu/libgio-2.0.so.0.4002.0
7fc420c86000-7fc420c88000 rw-p 00000000 00:00 0 
7fc420c8f000-7fc420c90000 rw-p 00000000 00:00 0 
7fc420c90000-7fc420c92000 r--s 0000a000 00:22 6951406                    /home/user/.m2/repository/org/json/json/20090211/json-20090211.jar
7fc420c92000-7fc420c94000 r--s 00001000 00:22 8392437                    /home/user/.m2/repository/fs/fs/1.3.3/fs-1.3.3.jar
7fc420c94000-7fc420c96000 r--s 00002000 00:22 8392436                    /home/user/.m2/repository/ibdknox/analyzer/0.0.2/analyzer-0.0.2.jar
7fc420c96000-7fc420c97000 r--s 00001000 00:22 8655499                    /home/user/.m2/repository/tigris/tigris/0.1.1/tigris-0.1.1.jar
7fc420c97000-7fc420c98000 r--s 00000000 00:22 6555083                    /home/user/.m2/repository/clojure-complete/clojure-complete/0.2.3/clojure-complete-0.2.3.jar
7fc420c98000-7fc420c9a000 r--s 00004000 00:22 8261871                    /home/user/.m2/repository/lein-light-nrepl/lein-light-nrepl/0.1.0/lein-light-nrepl-0.1.0.jar
7fc420c9a000-7fc420ca7000 r--s 00109000 00:22 7343045                    /home/user/.m2/repository/org/mozilla/rhino/1.7R4/rhino-1.7R4.jar
7fc420ca7000-7fc420cbe000 r-xp 00000000 fc:01 3803509                    /usr/lib/jvm/java-7-openjdk-amd64/jre/lib/amd64/libnet.so
7fc420cbe000-7fc420ebd000 ---p 00017000 fc:01 3803509                    /usr/lib/jvm/java-7-openjdk-amd64/jre/lib/amd64/libnet.so
7fc420ebd000-7fc420ebe000 r--p 00016000 fc:01 3803509                    /usr/lib/jvm/java-7-openjdk-amd64/jre/lib/amd64/libnet.so
7fc420ebe000-7fc420ebf000 rw-p 00017000 fc:01 3803509                    /usr/lib/jvm/java-7-openjdk-amd64/jre/lib/amd64/libnet.so
7fc420ebf000-7fc420ecf000 r-xp 00000000 fc:01 3803504                    /usr/lib/jvm/java-7-openjdk-amd64/jre/lib/amd64/libnio.so
7fc420ecf000-7fc4210cf000 ---p 00010000 fc:01 3803504                    /usr/lib/jvm/java-7-openjdk-amd64/jre/lib/amd64/libnio.so
7fc4210cf000-7fc4210d0000 r--p 00010000 fc:01 3803504                    /usr/lib/jvm/java-7-openjdk-amd64/jre/lib/amd64/libnio.so
7fc4210d0000-7fc4210d1000 rw-p 00011000 fc:01 3803504                    /usr/lib/jvm/java-7-openjdk-amd64/jre/lib/amd64/libnio.so
7fc4210d1000-7fc421110000 r--s 00340000 00:22 8259817                    /home/user/.m2/repository/org/clojure/clojure/1.6.0/clojure-1.6.0.jar
7fc421110000-7fc421111000 r--s 0002c000 00:22 8259837                    /home/user/.m2/repository/reagent/reagent/0.5.0-alpha/reagent-0.5.0-alpha.jar
7fc421111000-7fc421113000 r--s 00009000 00:22 8392441                    /home/user/.m2/repository/ibdknox/tools.reader/0.8.1/tools.reader-0.8.1.jar
7fc421113000-7fc421117000 r--s 0002a000 00:22 8261863                    /home/user/.m2/repository/commons-io/commons-io/2.4/commons-io-2.4.jar
7fc421117000-7fc421119000 r--s 00008000 00:22 5274688                    /home/user/.m2/repository/org/clojure/tools.nrepl/0.2.3/tools.nrepl-0.2.3.jar
7fc421119000-7fc421146000 r--s 004c0000 00:22 8259824                    /home/user/.m2/repository/org/clojure/google-closure-library/0.0-20140718-946a7d39/google-closure-library-0.0-20140718-946a7d39.jar
7fc421146000-7fc421148000 r--s 00011000 00:22 8259826                    /home/user/.m2/repository/org/clojure/google-closure-library-third-party/0.0-20140718-946a7d39/google-closure-library-third-party-0.0-20140718-946a7d39.jar
7fc421148000-7fc421175000 r--s 0028a000 00:22 8259816                    /home/user/.m2/repository/com/google/javascript/closure-compiler/v20140625/closure-compiler-v20140625.jar
7fc421175000-7fc4211a0000 r--s 001f9000 00:22 8259822                    /home/user/.m2/repository/com/google/guava/guava/17.0/guava-17.0.jar
7fc4211a0000-7fc4211a1000 ---p 00000000 00:00 0 
7fc4211a1000-7fc4212a1000 rw-p 00000000 00:00 0                          [stack:6838]
7fc4212a1000-7fc4212a4000 ---p 00000000 00:00 0 
7fc4212a4000-7fc4213a2000 rw-p 00000000 00:00 0                          [stack:6837]
7fc4213a2000-7fc4213a5000 ---p 00000000 00:00 0 
7fc4213a5000-7fc4214a3000 rw-p 00000000 00:00 0                          [stack:6836]
7fc4214a3000-7fc4214a6000 ---p 00000000 00:00 0 
7fc4214a6000-7fc4215a4000 rw-p 00000000 00:00 0                          [stack:6835]
7fc4215a4000-7fc4215a7000 ---p 00000000 00:00 0 
7fc4215a7000-7fc4216a5000 rw-p 00000000 00:00 0                          [stack:6834]
7fc4216a5000-7fc421add000 r--p 00000000 fc:01 3676634                    /usr/lib/locale/locale-archive
7fc421add000-7fc421ae0000 ---p 00000000 00:00 0 
7fc421ae0000-7fc421bde000 rw-p 00000000 00:00 0                          [stack:6833]
7fc421bde000-7fc421be1000 ---p 00000000 00:00 0 
7fc421be1000-7fc421cdf000 rw-p 00000000 00:00 0                          [stack:6832]
7fc421cdf000-7fc421ce0000 ---p 00000000 00:00 0 
7fc421ce0000-7fc422ddd000 rw-p 00000000 00:00 0                          [stack:6831]
7fc422ddd000-7fc422f8f000 r--s 01d23000 fc:01 3803471                    /usr/lib/jvm/java-7-openjdk-amd64/jre/lib/rt.jar
7fc422f8f000-7fc4234b3000 rw-p 00000000 00:00 0 
7fc4234b3000-7fc4234b4000 ---p 00000000 00:00 0 
7fc4234b4000-7fc4235b4000 rw-p 00000000 00:00 0                          [stack:6830]
7fc4235b4000-7fc4235b5000 ---p 00000000 00:00 0 
7fc4235b5000-7fc4236b5000 rw-p 00000000 00:00 0                          [stack:6829]
7fc4236b5000-7fc4236b6000 ---p 00000000 00:00 0 
7fc4236b6000-7fc4237b6000 rw-p 00000000 00:00 0                          [stack:6828]
7fc4237b6000-7fc4237b7000 ---p 00000000 00:00 0 
7fc4237b7000-7fc4238e0000 rw-p 00000000 00:00 0                          [stack:6827]
7fc4238e0000-7fc423b47000 rw-p 00000000 00:00 0 
7fc423b47000-7fc423b52000 rw-p 00000000 00:00 0 
7fc423b52000-7fc423b9a000 rw-p 00000000 00:00 0 
7fc423b9a000-7fc423bc3000 rw-p 00000000 00:00 0 
7fc423bc3000-7fc423e2a000 rw-p 00000000 00:00 0 
7fc423e2a000-7fc423ecd000 rw-p 00000000 00:00 0 
7fc423ecd000-7fc423f72000 rw-p 00000000 00:00 0 
7fc423f72000-7fc423f73000 rw-p 00000000 00:00 0 
7fc423f73000-7fc4241e3000 rwxp 00000000 00:00 0 
7fc4241e3000-7fc426f73000 rw-p 00000000 00:00 0 
7fc426f73000-7fc426f7b000 r-xp 00000000 fc:01 3803546                    /usr/lib/jvm/java-7-openjdk-amd64/jre/lib/amd64/libzip.so
7fc426f7b000-7fc42717a000 ---p 00008000 fc:01 3803546                    /usr/lib/jvm/java-7-openjdk-amd64/jre/lib/amd64/libzip.so
7fc42717a000-7fc42717b000 r--p 00007000 fc:01 3803546                    /usr/lib/jvm/java-7-openjdk-amd64/jre/lib/amd64/libzip.so
7fc42717b000-7fc42717c000 rw-p 00008000 fc:01 3803546                    /usr/lib/jvm/java-7-openjdk-amd64/jre/lib/amd64/libzip.so
7fc42717c000-7fc427187000 r-xp 00000000 fc:01 7996446                    /lib/x86_64-linux-gnu/libnss_files-2.19.so
7fc427187000-7fc427386000 ---p 0000b000 fc:01 7996446                    /lib/x86_64-linux-gnu/libnss_files-2.19.so
7fc427386000-7fc427387000 r--p 0000a000 fc:01 7996446                    /lib/x86_64-linux-gnu/libnss_files-2.19.so
7fc427387000-7fc427388000 rw-p 0000b000 fc:01 7996446                    /lib/x86_64-linux-gnu/libnss_files-2.19.so
7fc427388000-7fc427393000 r-xp 00000000 fc:01 7996443                    /lib/x86_64-linux-gnu/libnss_nis-2.19.so
7fc427393000-7fc427592000 ---p 0000b000 fc:01 7996443                    /lib/x86_64-linux-gnu/libnss_nis-2.19.so
7fc427592000-7fc427593000 r--p 0000a000 fc:01 7996443                    /lib/x86_64-linux-gnu/libnss_nis-2.19.so
7fc427593000-7fc427594000 rw-p 0000b000 fc:01 7996443                    /lib/x86_64-linux-gnu/libnss_nis-2.19.so
7fc427594000-7fc4275ab000 r-xp 00000000 fc:01 7996408                    /lib/x86_64-linux-gnu/libnsl-2.19.so
7fc4275ab000-7fc4277aa000 ---p 00017000 fc:01 7996408                    /lib/x86_64-linux-gnu/libnsl-2.19.so
7fc4277aa000-7fc4277ab000 r--p 00016000 fc:01 7996408                    /lib/x86_64-linux-gnu/libnsl-2.19.so
7fc4277ab000-7fc4277ac000 rw-p 00017000 fc:01 7996408                    /lib/x86_64-linux-gnu/libnsl-2.19.so
7fc4277ac000-7fc4277ae000 rw-p 00000000 00:00 0 
7fc4277ae000-7fc4277b7000 r-xp 00000000 fc:01 7996403                    /lib/x86_64-linux-gnu/libnss_compat-2.19.so
7fc4277b7000-7fc4279b6000 ---p 00009000 fc:01 7996403                    /lib/x86_64-linux-gnu/libnss_compat-2.19.so
7fc4279b6000-7fc4279b7000 r--p 00008000 fc:01 7996403                    /lib/x86_64-linux-gnu/libnss_compat-2.19.so
7fc4279b7000-7fc4279b8000 rw-p 00009000 fc:01 7996403                    /lib/x86_64-linux-gnu/libnss_compat-2.19.so
7fc4279b8000-7fc4279e3000 r-xp 00000000 fc:01 3803520                    /usr/lib/jvm/java-7-openjdk-amd64/jre/lib/amd64/libjava.so
7fc4279e3000-7fc427be3000 ---p 0002b000 fc:01 3803520                    /usr/lib/jvm/java-7-openjdk-amd64/jre/lib/amd64/libjava.so
7fc427be3000-7fc427be4000 r--p 0002b000 fc:01 3803520                    /usr/lib/jvm/java-7-openjdk-amd64/jre/lib/amd64/libjava.so
7fc427be4000-7fc427be6000 rw-p 0002c000 fc:01 3803520                    /usr/lib/jvm/java-7-openjdk-amd64/jre/lib/amd64/libjava.so
7fc427be6000-7fc427bf6000 r-xp 00000000 fc:01 3803519                    /usr/lib/jvm/java-7-openjdk-amd64/jre/lib/amd64/libverify.so
7fc427bf6000-7fc427df5000 ---p 00010000 fc:01 3803519                    /usr/lib/jvm/java-7-openjdk-amd64/jre/lib/amd64/libverify.so
7fc427df5000-7fc427df7000 r--p 0000f000 fc:01 3803519                    /usr/lib/jvm/java-7-openjdk-amd64/jre/lib/amd64/libverify.so
7fc427df7000-7fc427df8000 rw-p 00011000 fc:01 3803519                    /usr/lib/jvm/java-7-openjdk-amd64/jre/lib/amd64/libverify.so
7fc427df8000-7fc427dff000 r-xp 00000000 fc:01 7996385                    /lib/x86_64-linux-gnu/librt-2.19.so
7fc427dff000-7fc427ffe000 ---p 00007000 fc:01 7996385                    /lib/x86_64-linux-gnu/librt-2.19.so
7fc427ffe000-7fc427fff000 r--p 00006000 fc:01 7996385                    /lib/x86_64-linux-gnu/librt-2.19.so
7fc427fff000-7fc428000000 rw-p 00007000 fc:01 7996385                    /lib/x86_64-linux-gnu/librt-2.19.so
7fc428000000-7fc428c84000 rw-p 00000000 00:00 0 
7fc428c84000-7fc42c000000 ---p 00000000 00:00 0 
7fc42c000000-7fc42c002000 r--s 00002000 00:22 8524026                    /home/user/.m2/repository/cheshire/cheshire/5.2.0/cheshire-5.2.0.jar
7fc42c002000-7fc42c00a000 r--s 0007b000 00:22 8259823                    /home/user/.m2/repository/com/google/protobuf/protobuf-java/2.5.0/protobuf-java-2.5.0.jar
7fc42c00a000-7fc42c03f000 rw-p 00000000 00:00 0 
7fc42c03f000-7fc42c087000 rw-p 00000000 00:00 0 
7fc42c087000-7fc42c09d000 r-xp 00000000 fc:01 7999529                    /lib/x86_64-linux-gnu/libgcc_s.so.1
7fc42c09d000-7fc42c29c000 ---p 00016000 fc:01 7999529                    /lib/x86_64-linux-gnu/libgcc_s.so.1
7fc42c29c000-7fc42c29d000 rw-p 00015000 fc:01 7999529                    /lib/x86_64-linux-gnu/libgcc_s.so.1
7fc42c29d000-7fc42c3a2000 r-xp 00000000 fc:01 7996407                    /lib/x86_64-linux-gnu/libm-2.19.so
7fc42c3a2000-7fc42c5a1000 ---p 00105000 fc:01 7996407                    /lib/x86_64-linux-gnu/libm-2.19.so
7fc42c5a1000-7fc42c5a2000 r--p 00104000 fc:01 7996407                    /lib/x86_64-linux-gnu/libm-2.19.so
7fc42c5a2000-7fc42c5a3000 rw-p 00105000 fc:01 7996407                    /lib/x86_64-linux-gnu/libm-2.19.so
7fc42c5a3000-7fc42c689000 r-xp 00000000 fc:01 3679114                    /usr/lib/x86_64-linux-gnu/libstdc++.so.6.0.19
7fc42c689000-7fc42c888000 ---p 000e6000 fc:01 3679114                    /usr/lib/x86_64-linux-gnu/libstdc++.so.6.0.19
7fc42c888000-7fc42c890000 r--p 000e5000 fc:01 3679114                    /usr/lib/x86_64-linux-gnu/libstdc++.so.6.0.19
7fc42c890000-7fc42c892000 rw-p 000ed000 fc:01 3679114                    /usr/lib/x86_64-linux-gnu/libstdc++.so.6.0.19
7fc42c892000-7fc42c8a7000 rw-p 00000000 00:00 0 
7fc42c8a7000-7fc42d3bf000 r-xp 00000000 fc:01 3803528                    /usr/lib/jvm/java-7-openjdk-amd64/jre/lib/amd64/server/libjvm.so
7fc42d3bf000-7fc42d5bf000 ---p 00b18000 fc:01 3803528                    /usr/lib/jvm/java-7-openjdk-amd64/jre/lib/amd64/server/libjvm.so
7fc42d5bf000-7fc42d659000 r--p 00b18000 fc:01 3803528                    /usr/lib/jvm/java-7-openjdk-amd64/jre/lib/amd64/server/libjvm.so
7fc42d659000-7fc42d67c000 rw-p 00bb2000 fc:01 3803528                    /usr/lib/jvm/java-7-openjdk-amd64/jre/lib/amd64/server/libjvm.so
7fc42d67c000-7fc42d6aa000 rw-p 00000000 00:00 0 
7fc42d6aa000-7fc42d6c2000 r-xp 00000000 fc:01 7999664                    /lib/x86_64-linux-gnu/libz.so.1.2.8
7fc42d6c2000-7fc42d8c1000 ---p 00018000 fc:01 7999664                    /lib/x86_64-linux-gnu/libz.so.1.2.8
7fc42d8c1000-7fc42d8c2000 r--p 00017000 fc:01 7999664                    /lib/x86_64-linux-gnu/libz.so.1.2.8
7fc42d8c2000-7fc42d8c3000 rw-p 00018000 fc:01 7999664                    /lib/x86_64-linux-gnu/libz.so.1.2.8
7fc42d8c3000-7fc42d8dc000 r-xp 00000000 fc:01 7996445                    /lib/x86_64-linux-gnu/libpthread-2.19.so
7fc42d8dc000-7fc42dadb000 ---p 00019000 fc:01 7996445                    /lib/x86_64-linux-gnu/libpthread-2.19.so
7fc42dadb000-7fc42dadc000 r--p 00018000 fc:01 7996445                    /lib/x86_64-linux-gnu/libpthread-2.19.so
7fc42dadc000-7fc42dadd000 rw-p 00019000 fc:01 7996445                    /lib/x86_64-linux-gnu/libpthread-2.19.so
7fc42dadd000-7fc42dae1000 rw-p 00000000 00:00 0 
7fc42dae1000-7fc42dae4000 r-xp 00000000 fc:01 7996397                    /lib/x86_64-linux-gnu/libdl-2.19.so
7fc42dae4000-7fc42dce3000 ---p 00003000 fc:01 7996397                    /lib/x86_64-linux-gnu/libdl-2.19.so
7fc42dce3000-7fc42dce4000 r--p 00002000 fc:01 7996397                    /lib/x86_64-linux-gnu/libdl-2.19.so
7fc42dce4000-7fc42dce5000 rw-p 00003000 fc:01 7996397                    /lib/x86_64-linux-gnu/libdl-2.19.so
7fc42dce5000-7fc42dea0000 r-xp 00000000 fc:01 7996384                    /lib/x86_64-linux-gnu/libc-2.19.so
7fc42dea0000-7fc42e0a0000 ---p 001bb000 fc:01 7996384                    /lib/x86_64-linux-gnu/libc-2.19.so
7fc42e0a0000-7fc42e0a4000 r--p 001bb000 fc:01 7996384                    /lib/x86_64-linux-gnu/libc-2.19.so
7fc42e0a4000-7fc42e0a6000 rw-p 001bf000 fc:01 7996384                    /lib/x86_64-linux-gnu/libc-2.19.so
7fc42e0a6000-7fc42e0ab000 rw-p 00000000 00:00 0 
7fc42e0ab000-7fc42e0b8000 r-xp 00000000 fc:01 3803500                    /usr/lib/jvm/java-7-openjdk-amd64/jre/lib/amd64/jli/libjli.so
7fc42e0b8000-7fc42e2b7000 ---p 0000d000 fc:01 3803500                    /usr/lib/jvm/java-7-openjdk-amd64/jre/lib/amd64/jli/libjli.so
7fc42e2b7000-7fc42e2b8000 r--p 0000c000 fc:01 3803500                    /usr/lib/jvm/java-7-openjdk-amd64/jre/lib/amd64/jli/libjli.so
7fc42e2b8000-7fc42e2b9000 rw-p 0000d000 fc:01 3803500                    /usr/lib/jvm/java-7-openjdk-amd64/jre/lib/amd64/jli/libjli.so
7fc42e2b9000-7fc42e2dc000 r-xp 00000000 fc:01 7996382                    /lib/x86_64-linux-gnu/ld-2.19.so
7fc42e2dc000-7fc42e2dd000 r--s 00007000 00:22 8259549                    /home/user/.m2/repository/com/cemerick/clojurescript.test/0.3.1/clojurescript.test-0.3.1.jar
7fc42e2dd000-7fc42e2de000 r--s 000ad000 00:22 8259838                    /home/user/.m2/repository/servant/servant/0.1.3/servant-0.1.3.jar
7fc42e2de000-7fc42e2e1000 r--s 0002c000 00:22 8524022                    /home/user/.m2/repository/com/fasterxml/jackson/core/jackson-core/2.2.1/jackson-core-2.2.1.jar
7fc42e2e1000-7fc42e2e2000 r--s 00007000 00:22 8261868                    /home/user/.m2/repository/org/clojure/tools.reader/0.8.3/tools.reader-0.8.3.jar
7fc42e2e2000-7fc42e2e4000 r--s 0000e000 00:22 8524023                    /home/user/.m2/repository/com/fasterxml/jackson/dataformat/jackson-dataformat-smile/2.2.1/jackson-dataformat-smile-2.2.1.jar
7fc42e2e4000-7fc42e2e5000 r--s 00001000 00:22 8259568                    /home/user/.m2/repository/org/clojure/data.json/0.2.3/data.json-0.2.3.jar
7fc42e2e5000-7fc42e2e7000 r--s 00026000 00:22 8259814                    /home/user/.m2/repository/org/clojure/clojurescript/0.0-2371/clojurescript-0.0-2371.jar
7fc42e2e7000-7fc42e2e8000 r--s 0001c000 00:22 8259815                    /home/user/.m2/repository/com/google/javascript/closure-compiler-externs/v20140625/closure-compiler-externs-v20140625.jar
7fc42e2e8000-7fc42e2ed000 r--s 00032000 00:22 8259548                    /home/user/.m2/repository/org/apache/commons/commons-compress/1.3/commons-compress-1.3.jar
7fc42e2ed000-7fc42e2ee000 r--s 00002000 00:22 8392438                    /home/user/.m2/repository/clj-stacktrace/clj-stacktrace/0.2.7/clj-stacktrace-0.2.7.jar
7fc42e2ee000-7fc42e2f1000 r--s 00010000 00:22 8259818                    /home/user/.m2/repository/args4j/args4j/2.0.26/args4j-2.0.26.jar
7fc42e2f1000-7fc42e2f4000 r--s 00006000 00:22 8259563                    /home/user/.m2/repository/com/google/code/findbugs/jsr305/1.3.9/jsr305-1.3.9.jar
7fc42e2f4000-7fc42e2fe000 rw-p 00000000 00:00 0 
7fc42e2fe000-7fc42e3b4000 rw-p 00000000 00:00 0 
7fc42e3b4000-7fc42e3b7000 ---p 00000000 00:00 0 
7fc42e3b7000-7fc42e4ba000 rw-p 00000000 00:00 0                          [stack:6823]
7fc42e4ba000-7fc42e4bc000 r--s 0000b000 00:22 8259830                    /home/user/.m2/repository/org/clojure/core.async/0.1.242.0-44b1e3-alpha/core.async-0.1.242.0-44b1e3-alpha.jar
7fc42e4bc000-7fc42e4bf000 r--s 0000f000 fc:01 3803474                    /usr/lib/jvm/java-7-openjdk-amd64/jre/lib/ext/icedtea-sound.jar
7fc42e4bf000-7fc42e4c3000 r--s 00034000 fc:01 3803476                    /usr/lib/jvm/java-7-openjdk-amd64/jre/lib/ext/sunjce_provider.jar
7fc42e4c3000-7fc42e4c5000 r--s 00006000 fc:01 4199388                    /usr/share/java/java-atk-wrapper.jar
7fc42e4c5000-7fc42e4c9000 r--s 0003c000 fc:01 3803475                    /usr/lib/jvm/java-7-openjdk-amd64/jre/lib/ext/sunpkcs11.jar
7fc42e4c9000-7fc42e4cb000 r--s 00012000 fc:01 3803479                    /usr/lib/jvm/java-7-openjdk-amd64/jre/lib/ext/zipfs.jar
7fc42e4cb000-7fc42e4cc000 r--s 00002000 fc:01 3803480                    /usr/lib/jvm/java-7-openjdk-amd64/jre/lib/ext/dnsns.jar
7fc42e4cc000-7fc42e4cf000 r--s 00086000 fc:01 3803481                    /usr/lib/jvm/java-7-openjdk-amd64/jre/lib/ext/localedata.jar
7fc42e4cf000-7fc42e4d7000 rw-s 00000000 fc:01 8392489                    /tmp/hsperfdata_user/6820
7fc42e4d7000-7fc42e4d8000 rw-p 00000000 00:00 0 
7fc42e4d8000-7fc42e4d9000 ---p 00000000 00:00 0 
7fc42e4d9000-7fc42e4db000 rw-p 00000000 00:00 0 
7fc42e4db000-7fc42e4dc000 r--p 00022000 fc:01 7996382                    /lib/x86_64-linux-gnu/ld-2.19.so
7fc42e4dc000-7fc42e4dd000 rw-p 00023000 fc:01 7996382                    /lib/x86_64-linux-gnu/ld-2.19.so
7fc42e4dd000-7fc42e4de000 rw-p 00000000 00:00 0 
7fff3a557000-7fff3a579000 rw-p 00000000 00:00 0                          [stack]
7fff3a5fe000-7fff3a600000 r-xp 00000000 00:00 0                          [vdso]
ffffffffff600000-ffffffffff601000 r-xp 00000000 00:00 0                  [vsyscall]

VM Arguments:
jvm_args: -Dclojure.compile.path=/home/user/Buyan/app/target/classes -Dapp.version=0.1.0-SNAPSHOT -Dfile.encoding=UTF-8 -Dclojure.debug=false 
java_command: clojure.main -i /tmp/form-init8732062247211908950.clj
Launcher Type: SUN_STANDARD

Environment Variables:
PATH=/usr/local/sbin:/usr/local/bin:/usr/sbin:/usr/bin:/sbin:/bin:/usr/games:/usr/local/games
USERNAME=user
LD_LIBRARY_PATH=/home/user/Downloads/LightTable:
SHELL=/usr/bin/zsh
DISPLAY=:0.0

Signal Handlers:
SIGSEGV: [libjvm.so+0x94b4b0], sa_mask[0]=0x7ffbfeff, sa_flags=0x10000004
SIGBUS: [libjvm.so+0x94b4b0], sa_mask[0]=0x7ffbfeff, sa_flags=0x10000004
SIGFPE: [libjvm.so+0x7c3390], sa_mask[0]=0x7ffbfeff, sa_flags=0x10000004
SIGPIPE: [libjvm.so+0x7c3390], sa_mask[0]=0x7ffbfeff, sa_flags=0x10000004
SIGXFSZ: [libjvm.so+0x7c3390], sa_mask[0]=0x7ffbfeff, sa_flags=0x10000004
SIGILL: [libjvm.so+0x7c3390], sa_mask[0]=0x7ffbfeff, sa_flags=0x10000004
SIGUSR1: SIG_DFL, sa_mask[0]=0x00000000, sa_flags=0x00000000
SIGUSR2: [libjvm.so+0x7c3230], sa_mask[0]=0x00000004, sa_flags=0x10000004
SIGHUP: [libjvm.so+0x7c3410], sa_mask[0]=0x7ffbfeff, sa_flags=0x10000004
SIGINT: [libjvm.so+0x7c3410], sa_mask[0]=0x7ffbfeff, sa_flags=0x10000004
SIGTERM: [libjvm.so+0x7c3410], sa_mask[0]=0x7ffbfeff, sa_flags=0x10000004
SIGQUIT: [libjvm.so+0x7c3410], sa_mask[0]=0x7ffbfeff, sa_flags=0x10000004
SIGTRAP: SIG_DFL, sa_mask[0]=0x00000000, sa_flags=0x00000000


---------------  S Y S T E M  ---------------

OS:LinuxMint 17.1 (rebecca)
uname:Linux 3.13.0-37-generic #64-Ubuntu SMP Mon Sep 22 21:28:38 UTC 2014 x86_64
libc:glibc 2.19 NPTL 2.19 
rlimit: STACK 8192k, CORE 0k, NPROC 62050, NOFILE 4096, AS infinity
load average:3,67 2,98 2,81

/proc/meminfo:
MemTotal:        8054168 kB
MemFree:          152016 kB
Buffers:             740 kB
Cached:           481732 kB
SwapCached:            0 kB
Active:          7209576 kB
Inactive:         418304 kB
Active(anon):    7165016 kB
Inactive(anon):   370376 kB
Active(file):      44560 kB
Inactive(file):    47928 kB
Unevictable:           4 kB
Mlocked:               4 kB
SwapTotal:             0 kB
SwapFree:              0 kB
Dirty:              4572 kB
Writeback:             0 kB
AnonPages:       7145776 kB
Mapped:           358668 kB
Shmem:            389808 kB
Slab:              94812 kB
SReclaimable:      36804 kB
SUnreclaim:        58008 kB
KernelStack:        7688 kB
PageTables:        53784 kB
NFS_Unstable:          0 kB
Bounce:                0 kB
WritebackTmp:          0 kB
CommitLimit:     4027084 kB
Committed_AS:   13922328 kB
VmallocTotal:   34359738367 kB
VmallocUsed:      555792 kB
VmallocChunk:   34359172696 kB
HardwareCorrupted:     0 kB
AnonHugePages:   1484800 kB
HugePages_Total:       0
HugePages_Free:        0
HugePages_Rsvd:        0
HugePages_Surp:        0
Hugepagesize:       2048 kB
DirectMap4k:       97024 kB
DirectMap2M:     7120896 kB
DirectMap1G:     1048576 kB


CPU:total 4 (2 cores per cpu, 2 threads per core) family 6 model 69 stepping 1, cmov, cx8, fxsr, mmx, sse, sse2, sse3, ssse3, sse4.1, sse4.2, popcnt, avx, avx2, aes, erms, ht, tsc, tscinvbit

/proc/cpuinfo:
processor	: 0
vendor_id	: GenuineIntel
cpu family	: 6
model		: 69
model name	: Intel(R) Core(TM) i5-4200U CPU @ 1.60GHz
stepping	: 1
microcode	: 0x17
cpu MHz		: 2300.000
cache size	: 3072 KB
physical id	: 0
siblings	: 4
core id		: 0
cpu cores	: 2
apicid		: 0
initial apicid	: 0
fpu		: yes
fpu_exception	: yes
cpuid level	: 13
wp		: yes
flags		: fpu vme de pse tsc msr pae mce cx8 apic sep mtrr pge mca cmov pat pse36 clflush dts acpi mmx fxsr sse sse2 ss ht tm pbe syscall nx pdpe1gb rdtscp lm constant_tsc arch_perfmon pebs bts rep_good nopl xtopology nonstop_tsc aperfmperf eagerfpu pni pclmulqdq dtes64 monitor ds_cpl vmx est tm2 ssse3 fma cx16 xtpr pdcm pcid sse4_1 sse4_2 movbe popcnt tsc_deadline_timer aes xsave avx f16c rdrand lahf_lm abm ida arat epb xsaveopt pln pts dtherm tpr_shadow vnmi flexpriority ept vpid fsgsbase tsc_adjust bmi1 avx2 smep bmi2 erms invpcid
bogomips	: 4589.00
clflush size	: 64
cache_alignment	: 64
address sizes	: 39 bits physical, 48 bits virtual
power management:

processor	: 1
vendor_id	: GenuineIntel
cpu family	: 6
model		: 69
model name	: Intel(R) Core(TM) i5-4200U CPU @ 1.60GHz
stepping	: 1
microcode	: 0x17
cpu MHz		: 759.000
cache size	: 3072 KB
physical id	: 0
siblings	: 4
core id		: 0
cpu cores	: 2
apicid		: 1
initial apicid	: 1
fpu		: yes
fpu_exception	: yes
cpuid level	: 13
wp		: yes
flags		: fpu vme de pse tsc msr pae mce cx8 apic sep mtrr pge mca cmov pat pse36 clflush dts acpi mmx fxsr sse sse2 ss ht tm pbe syscall nx pdpe1gb rdtscp lm constant_tsc arch_perfmon pebs bts rep_good nopl xtopology nonstop_tsc aperfmperf eagerfpu pni pclmulqdq dtes64 monitor ds_cpl vmx est tm2 ssse3 fma cx16 xtpr pdcm pcid sse4_1 sse4_2 movbe popcnt tsc_deadline_timer aes xsave avx f16c rdrand lahf_lm abm ida arat epb xsaveopt pln pts dtherm tpr_shadow vnmi flexpriority ept vpid fsgsbase tsc_adjust bmi1 avx2 smep bmi2 erms invpcid
bogomips	: 4589.00
clflush size	: 64
cache_alignment	: 64
address sizes	: 39 bits physical, 48 bits virtual
power management:

processor	: 2
vendor_id	: GenuineIntel
cpu family	: 6
model		: 69
model name	: Intel(R) Core(TM) i5-4200U CPU @ 1.60GHz
stepping	: 1
microcode	: 0x17
cpu MHz		: 2300.000
cache size	: 3072 KB
physical id	: 0
siblings	: 4
core id		: 1
cpu cores	: 2
apicid		: 2
initial apicid	: 2
fpu		: yes
fpu_exception	: yes
cpuid level	: 13
wp		: yes
flags		: fpu vme de pse tsc msr pae mce cx8 apic sep mtrr pge mca cmov pat pse36 clflush dts acpi mmx fxsr sse sse2 ss ht tm pbe syscall nx pdpe1gb rdtscp lm constant_tsc arch_perfmon pebs bts rep_good nopl xtopology nonstop_tsc aperfmperf eagerfpu pni pclmulqdq dtes64 monitor ds_cpl vmx est tm2 ssse3 fma cx16 xtpr pdcm pcid sse4_1 sse4_2 movbe popcnt tsc_deadline_timer aes xsave avx f16c rdrand lahf_lm abm ida arat epb xsaveopt pln pts dtherm tpr_shadow vnmi flexpriority ept vpid fsgsbase tsc_adjust bmi1 avx2 smep bmi2 erms invpcid
bogomips	: 4589.00
clflush size	: 64
cache_alignment	: 64
address sizes	: 39 bits physical, 48 bits virtual
power management:

processor	: 3
vendor_id	: GenuineIntel
cpu family	: 6
model		: 69
model name	: Intel(R) Core(TM) i5-4200U CPU @ 1.60GHz
stepping	: 1
microcode	: 0x17
cpu MHz		: 1700.000
cache size	: 3072 KB
physical id	: 0
siblings	: 4
core id		: 1
cpu cores	: 2
apicid		: 3
initial apicid	: 3
fpu		: yes
fpu_exception	: yes
cpuid level	: 13
wp		: yes
flags		: fpu vme de pse tsc msr pae mce cx8 apic sep mtrr pge mca cmov pat pse36 clflush dts acpi mmx fxsr sse sse2 ss ht tm pbe syscall nx pdpe1gb rdtscp lm constant_tsc arch_perfmon pebs bts rep_good nopl xtopology nonstop_tsc aperfmperf eagerfpu pni pclmulqdq dtes64 monitor ds_cpl vmx est tm2 ssse3 fma cx16 xtpr pdcm pcid sse4_1 sse4_2 movbe popcnt tsc_deadline_timer aes xsave avx f16c rdrand lahf_lm abm ida arat epb xsaveopt pln pts dtherm tpr_shadow vnmi flexpriority ept vpid fsgsbase tsc_adjust bmi1 avx2 smep bmi2 erms invpcid
bogomips	: 4589.00
clflush size	: 64
cache_alignment	: 64
address sizes	: 39 bits physical, 48 bits virtual
power management:



Memory: 4k page, physical 8054168k(152016k free), swap 0k(0k free)

vm_info: OpenJDK 64-Bit Server VM (24.75-b04) for linux-amd64 JRE (1.7.0_75-b13), built on Jan 27 2015 00:38:59 by "buildd" with gcc 4.8.2

time: Tue Feb 17 22:35:47 2015
elapsed time: 9 seconds

