#
# A fatal error has been detected by the Java Runtime Environment:
#
#  SIGBUS (0x7) at pc=0x00007f9c458c389e, pid=26282, tid=140308556687104
#
# JRE version: OpenJDK Runtime Environment (8.0_20-b26) (build 1.8.0_20-b26)
# Java VM: OpenJDK 64-Bit Server VM (25.20-b23 mixed mode linux-amd64 compressed oops)
# Problematic frame:
# V  [libjvm.so+0x86c89e]
#
# Failed to write core dump. Core dumps have been disabled. To enable core dumping, try "ulimit -c unlimited" before starting Java again
#
# If you would like to submit a bug report, please visit:
#   http://bugreport.sun.com/bugreport/crash.jsp
#

---------------  T H R E A D  ---------------

Current thread (0x00007f9c400d6800):  WatcherThread [stack: 0x00007f9c219e2000,0x00007f9c21ae3000] [id=26296]

siginfo: si_signo: 7 (SIGBUS), si_code: 2 (BUS_ADRERR), si_addr: 0x00007f9c46cf5420

Registers:
RAX=0x0000000003d0ade0, RBX=0x00007f9c46cf5420, RCX=0x0000000000000000, RDX=0x00007f9c45e97390
RSP=0x00007f9c21ae1e00, RBP=0x00007f9c21ae1e10, RSI=0x0000000000000032, RDI=0x00007f9c400192b0
R8 =0x0000000000000001, R9 =0x0000000000000000, R10=0x000000000b88d094, R11=0x0000000000000000
R12=0x0000000000000008, R13=0x00007f9c4001b4b0, R14=0x0000000000000002, R15=0x00007f9c45ed9440
RIP=0x00007f9c458c389e, EFLAGS=0x0000000000010202, CSGSFS=0x0000000000000033, ERR=0x0000000000000007
  TRAPNO=0x000000000000000e

Top of Stack: (sp=0x00007f9c21ae1e00)
0x00007f9c21ae1e00:   00007f9c40007700 0000000000000001
0x00007f9c21ae1e10:   00007f9c21ae1e40 00007f9c4594d21c
0x00007f9c21ae1e20:   00007f9c21ae1e40 0000000000000001
0x00007f9c21ae1e30:   0000000000000032 0000000000000032
0x00007f9c21ae1e40:   00007f9c21ae1e90 00007f9c459914d0
0x00007f9c21ae1e50:   00007f9c400d7a40 00007f9c40007700
0x00007f9c21ae1e60:   0000000000000000 0000000000000032
0x00007f9c21ae1e70:   00007f9c400d6800 00007f9c400d6800
0x00007f9c21ae1e80:   0000000000000000 00007f9c21ae2700
0x00007f9c21ae1e90:   00007f9c21ae1f10 00007f9c459bab07
0x00007f9c21ae1ea0:   0000000000000000 0000000000000000
0x00007f9c21ae1eb0:   0000000000000001 00007f9c400d6800
0x00007f9c21ae1ec0:   00007f9c21ae1f10 00007f9c4584968f
0x00007f9c21ae1ed0:   00007f9c400d6800 0000000000000000
0x00007f9c21ae1ee0:   00007f9c21ae1f10 00007f9c400d7b30
0x00007f9c21ae1ef0:   00007f9c400d7a40 00007f9c400d6800
0x00007f9c21ae1f00:   0000000000000000 00007f9c21ae2700
0x00007f9c21ae1f10:   00007f9c21ae1f50 00007f9c458803b2
0x00007f9c21ae1f20:   0000000000000000 0000000000000000
0x00007f9c21ae1f30:   0000000000000000 00007f9c46d00000
0x00007f9c21ae1f40:   0000000000000000 00007f9c21ae2700
0x00007f9c21ae1f50:   0000000000000000 00007f9c45efa0a4
0x00007f9c21ae1f60:   0000000000000000 00007f9c21ae2700
0x00007f9c21ae1f70:   00007f9c21ae2700 8b67d0a9d42bb718
0x00007f9c21ae1f80:   0000000000000000 00007f9c46d00000
0x00007f9c21ae1f90:   0000000000000000 00007f9c21ae2700
0x00007f9c21ae1fa0:   745f93f5eaebb718 745f5b7694f1b718
0x00007f9c21ae1fb0:   0000000000000000 0000000000000000
0x00007f9c21ae1fc0:   0000000000000000 0000000000000000
0x00007f9c21ae1fd0:   0000000000000000 0000000000000000
0x00007f9c21ae1fe0:   0000000000000000 0000000000000000
0x00007f9c21ae1ff0:   00007f9c21ae2700 00007f9c4660e7fd 

Instructions: (pc=0x00007f9c458c389e)
0x00007f9c458c387e:   98 ff 48 8b 47 38 48 85 c0 74 1e 55 48 89 e5 53
0x00007f9c458c388e:   48 83 ec 08 48 8b 5f 28 48 8b 10 48 89 c7 ff 12
0x00007f9c458c389e:   48 89 03 48 83 c4 08 5b 5d f3 c3 0f 1f 80 00 00
0x00007f9c458c38ae:   00 00 55 48 89 e5 41 54 53 48 89 fb 48 83 ec 10 

Register to memory mapping:

RAX=0x0000000003d0ade0 is an unknown value
RBX=0x00007f9c46cf5420 is an unknown value
RCX=0x0000000000000000 is an unknown value
RDX=0x00007f9c45e97390: <offset 0xe40390> in /usr/lib64/jvm/java-1.8.0-openjdk-1.8.0/jre/lib/amd64/server/libjvm.so at 0x00007f9c45057000
RSP=0x00007f9c21ae1e00 is an unknown value
RBP=0x00007f9c21ae1e10 is an unknown value
RSI=0x0000000000000032 is an unknown value
RDI=0x00007f9c400192b0 is an unknown value
R8 =0x0000000000000001 is an unknown value
R9 =0x0000000000000000 is an unknown value
R10=0x000000000b88d094 is an unknown value
R11=0x0000000000000000 is an unknown value
R12=0x0000000000000008 is an unknown value
R13=0x00007f9c4001b4b0 is an unknown value
R14=0x0000000000000002 is an unknown value
R15=0x00007f9c45ed9440: <offset 0xe82440> in /usr/lib64/jvm/java-1.8.0-openjdk-1.8.0/jre/lib/amd64/server/libjvm.so at 0x00007f9c45057000


Stack: [0x00007f9c219e2000,0x00007f9c21ae3000],  sp=0x00007f9c21ae1e00,  free space=1023k
Native frames: (J=compiled Java code, j=interpreted, Vv=VM code, C=native code)
V  [libjvm.so+0x86c89e]
V  [libjvm.so+0x8f621c]
V  [libjvm.so+0x93a4d0]
V  [libjvm.so+0x963b07]
V  [libjvm.so+0x8293b2]


---------------  P R O C E S S  ---------------

Java Threads: ( => current thread )
  0x00007f9c405f1800 JavaThread "ClosingPipeCloser 87060781" daemon [_thread_blocked, id=26313, stack(0x00007f9c20289000,0x00007f9c2038a000)]
  0x00007f9c405f0000 JavaThread "PipeThread 87060781" daemon [_thread_blocked, id=26306, stack(0x00007f9c2038a000,0x00007f9c2048b000)]
  0x00007f9c405ee000 JavaThread "PipeThread 1689730682" daemon [_thread_in_native, id=26305, stack(0x00007f9c2048b000,0x00007f9c2058c000)]
  0x00007f9c405ec800 JavaThread "PipeThread 85415531" daemon [_thread_in_native, id=26304, stack(0x00007f9c2058c000,0x00007f9c2068d000)]
  0x00007f9c405ea800 JavaThread "process reaper" daemon [_thread_in_native, id=26300, stack(0x00007f9c28003000,0x00007f9c2803c000)]
  0x00007f9c405e9800 JavaThread "RevivableReader 709133385" daemon [_thread_in_native, id=26297, stack(0x00007f9c2068d000,0x00007f9c2078e000)]
  0x00007f9c400c2000 JavaThread "Service Thread" daemon [_thread_blocked, id=26295, stack(0x00007f9c21be0000,0x00007f9c21ce1000)]
  0x00007f9c400b4800 JavaThread "C1 CompilerThread2" daemon [_thread_blocked, id=26294, stack(0x00007f9c21ce1000,0x00007f9c21de2000)]
  0x00007f9c400b2800 JavaThread "C2 CompilerThread1" daemon [_thread_blocked, id=26293, stack(0x00007f9c21de2000,0x00007f9c21ee3000)]
  0x00007f9c400b0000 JavaThread "C2 CompilerThread0" daemon [_thread_blocked, id=26292, stack(0x00007f9c21ee3000,0x00007f9c21fe4000)]
  0x00007f9c400ae000 JavaThread "Signal Dispatcher" daemon [_thread_blocked, id=26291, stack(0x00007f9c21fe4000,0x00007f9c220e5000)]
  0x00007f9c4007a800 JavaThread "Finalizer" daemon [_thread_blocked, id=26290, stack(0x00007f9c22215000,0x00007f9c22316000)]
  0x00007f9c40078800 JavaThread "Reference Handler" daemon [_thread_blocked, id=26289, stack(0x00007f9c22316000,0x00007f9c22417000)]
  0x00007f9c40008000 JavaThread "main" [_thread_blocked, id=26283, stack(0x00007f9c46bc8000,0x00007f9c46cc9000)]

Other Threads:
  0x00007f9c40071000 VMThread [stack: 0x00007f9c22417000,0x00007f9c22518000] [id=26288]
=>0x00007f9c400d6800 WatcherThread [stack: 0x00007f9c219e2000,0x00007f9c21ae3000] [id=26296]

VM state:not at safepoint (normal execution)

VM Mutex/Monitor currently owned by a thread:  ([mutex/lock_event])
[0x00007f9c40007700] PeriodicTask_lock - owner thread: 0x00007f9c400d6800

Heap:
 PSYoungGen      total 68608K, used 62507K [0x00000000d6f80000, 0x00000000df580000, 0x0000000100000000)
  eden space 63488K, 98% used [0x00000000d6f80000,0x00000000dac8ade0,0x00000000dad80000)
  from space 5120K, 0% used [0x00000000dad80000,0x00000000dad80000,0x00000000db280000)
  to   space 5120K, 0% used [0x00000000df080000,0x00000000df080000,0x00000000df580000)
 ParOldGen       total 60416K, used 7390K [0x0000000084e00000, 0x0000000088900000, 0x00000000d6f80000)
  object space 60416K, 12% used [0x0000000084e00000,0x0000000085537990,0x0000000088900000)
 Metaspace       used 22164K, capacity 24006K, committed 24192K, reserved 1069056K
  class space    used 4546K, capacity 5193K, committed 5248K, reserved 1048576K

Card table byte_map: [0x00007f9c3065d000,0x00007f9c30a37000] byte_map_base: 0x00007f9c30236000

Marking Bits: (ParMarkBitMap*) 0x00007f9c45ed7560
 Begin Bits: [0x00007f9c28270000, 0x00007f9c2a138000)
 End Bits:   [0x00007f9c2a138000, 0x00007f9c2c000000)

Polling page: 0x00007f9c46cfd000

CodeCache: size=245760Kb used=5122Kb max_used=5122Kb free=240637Kb
 bounds [0x00007f9c30df7000, 0x00007f9c31307000, 0x00007f9c3fdf7000]
 total_blobs=2527 nmethods=2176 adapters=264
 compilation: enabled

Compilation events (10 events):
Event: 2.189 Thread 0x00007f9c400b4800 2172       1       java.lang.ProcessEnvironment$ExternalData::toString (5 bytes)
Event: 2.189 Thread 0x00007f9c400b4800 nmethod 2172 0x00007f9c312f62d0 code [0x00007f9c312f6420, 0x00007f9c312f6530]
Event: 2.189 Thread 0x00007f9c400b4800 2173       1       java.lang.ProcessEnvironment::arrayHash (27 bytes)
Event: 2.190 Thread 0x00007f9c400b4800 nmethod 2173 0x00007f9c312f6590 code [0x00007f9c312f66e0, 0x00007f9c312f6810]
Event: 2.190 Thread 0x00007f9c400b4800 2174       1       java.lang.ProcessEnvironment$Variable::<init> (7 bytes)
Event: 2.190 Thread 0x00007f9c400b4800 nmethod 2174 0x00007f9c312f68d0 code [0x00007f9c312f6a20, 0x00007f9c312f6b50]
Event: 2.190 Thread 0x00007f9c400b4800 2175       1       java.lang.ProcessEnvironment$ExternalData::hashCode (8 bytes)
Event: 2.190 Thread 0x00007f9c400b4800 nmethod 2175 0x00007f9c312f6bd0 code [0x00007f9c312f6d20, 0x00007f9c312f6e70]
Event: 2.195 Thread 0x00007f9c400b4800 2176       1       clojure.core$hash::invoke (10 bytes)
Event: 2.196 Thread 0x00007f9c400b4800 nmethod 2176 0x00007f9c312f7410 code [0x00007f9c312f7580, 0x00007f9c312f7748]

GC Heap History (8 events):
Event: 0.782 GC heap before
{Heap before GC invocations=1 (full 0):
 PSYoungGen      total 36864K, used 31744K [0x00000000d6f80000, 0x00000000d9880000, 0x0000000100000000)
  eden space 31744K, 100% used [0x00000000d6f80000,0x00000000d8e80000,0x00000000d8e80000)
  from space 5120K, 0% used [0x00000000d9380000,0x00000000d9380000,0x00000000d9880000)
  to   space 5120K, 0% used [0x00000000d8e80000,0x00000000d8e80000,0x00000000d9380000)
 ParOldGen       total 84992K, used 0K [0x0000000084e00000, 0x000000008a100000, 0x00000000d6f80000)
  object space 84992K, 0% used [0x0000000084e00000,0x0000000084e00000,0x000000008a100000)
 Metaspace       used 12948K, capacity 13088K, committed 13184K, reserved 1060864K
  class space    used 2393K, capacity 2417K, committed 2432K, reserved 1048576K
Event: 0.798 GC heap after
Heap after GC invocations=1 (full 0):
 PSYoungGen      total 36864K, used 4858K [0x00000000d6f80000, 0x00000000db780000, 0x0000000100000000)
  eden space 31744K, 0% used [0x00000000d6f80000,0x00000000d6f80000,0x00000000d8e80000)
  from space 5120K, 94% used [0x00000000d8e80000,0x00000000d933ea08,0x00000000d9380000)
  to   space 5120K, 0% used [0x00000000db280000,0x00000000db280000,0x00000000db780000)
 ParOldGen       total 84992K, used 8K [0x0000000084e00000, 0x000000008a100000, 0x00000000d6f80000)
  object space 84992K, 0% used [0x0000000084e00000,0x0000000084e02000,0x000000008a100000)
 Metaspace       used 12948K, capacity 13088K, committed 13184K, reserved 1060864K
  class space    used 2393K, capacity 2417K, committed 2432K, reserved 1048576K
}
Event: 1.054 GC heap before
{Heap before GC invocations=2 (full 0):
 PSYoungGen      total 36864K, used 36602K [0x00000000d6f80000, 0x00000000db780000, 0x0000000100000000)
  eden space 31744K, 100% used [0x00000000d6f80000,0x00000000d8e80000,0x00000000d8e80000)
  from space 5120K, 94% used [0x00000000d8e80000,0x00000000d933ea08,0x00000000d9380000)
  to   space 5120K, 0% used [0x00000000db280000,0x00000000db280000,0x00000000db780000)
 ParOldGen       total 84992K, used 8K [0x0000000084e00000, 0x000000008a100000, 0x00000000d6f80000)
  object space 84992K, 0% used [0x0000000084e00000,0x0000000084e02000,0x000000008a100000)
 Metaspace       used 14311K, capacity 14978K, committed 15104K, reserved 1060864K
  class space    used 2806K, capacity 3031K, committed 3072K, reserved 1048576K
Event: 1.065 GC heap after
Heap after GC invocations=2 (full 0):
 PSYoungGen      total 68608K, used 5088K [0x00000000d6f80000, 0x00000000db780000, 0x0000000100000000)
  eden space 63488K, 0% used [0x00000000d6f80000,0x00000000d6f80000,0x00000000dad80000)
  from space 5120K, 99% used [0x00000000db280000,0x00000000db778020,0x00000000db780000)
  to   space 5120K, 0% used [0x00000000dad80000,0x00000000dad80000,0x00000000db280000)
 ParOldGen       total 84992K, used 391K [0x0000000084e00000, 0x000000008a100000, 0x00000000d6f80000)
  object space 84992K, 0% used [0x0000000084e00000,0x0000000084e61f00,0x000000008a100000)
 Metaspace       used 14311K, capacity 14978K, committed 15104K, reserved 1060864K
  class space    used 2806K, capacity 3031K, committed 3072K, reserved 1048576K
}
Event: 1.630 GC heap before
{Heap before GC invocations=3 (full 0):
 PSYoungGen      total 68608K, used 60105K [0x00000000d6f80000, 0x00000000db780000, 0x0000000100000000)
  eden space 63488K, 86% used [0x00000000d6f80000,0x00000000da53a450,0x00000000dad80000)
  from space 5120K, 99% used [0x00000000db280000,0x00000000db778020,0x00000000db780000)
  to   space 5120K, 0% used [0x00000000dad80000,0x00000000dad80000,0x00000000db280000)
 ParOldGen       total 84992K, used 391K [0x0000000084e00000, 0x000000008a100000, 0x00000000d6f80000)
  object space 84992K, 0% used [0x0000000084e00000,0x0000000084e61f00,0x000000008a100000)
 Metaspace       used 20017K, capacity 21242K, committed 21296K, reserved 1067008K
  class space    used 4003K, capacity 4428K, committed 4480K, reserved 1048576K
Event: 1.648 GC heap after
Heap after GC invocations=3 (full 0):
 PSYoungGen      total 68608K, used 5088K [0x00000000d6f80000, 0x00000000df580000, 0x0000000100000000)
  eden space 63488K, 0% used [0x00000000d6f80000,0x00000000d6f80000,0x00000000dad80000)
  from space 5120K, 99% used [0x00000000dad80000,0x00000000db278020,0x00000000db280000)
  to   space 5120K, 0% used [0x00000000df080000,0x00000000df080000,0x00000000df580000)
 ParOldGen       total 84992K, used 2459K [0x0000000084e00000, 0x000000008a100000, 0x00000000d6f80000)
  object space 84992K, 2% used [0x0000000084e00000,0x0000000085066de0,0x000000008a100000)
 Metaspace       used 20017K, capacity 21242K, committed 21296K, reserved 1067008K
  class space    used 4003K, capacity 4428K, committed 4480K, reserved 1048576K
}
Event: 1.648 GC heap before
{Heap before GC invocations=4 (full 1):
 PSYoungGen      total 68608K, used 5088K [0x00000000d6f80000, 0x00000000df580000, 0x0000000100000000)
  eden space 63488K, 0% used [0x00000000d6f80000,0x00000000d6f80000,0x00000000dad80000)
  from space 5120K, 99% used [0x00000000dad80000,0x00000000db278020,0x00000000db280000)
  to   space 5120K, 0% used [0x00000000df080000,0x00000000df080000,0x00000000df580000)
 ParOldGen       total 84992K, used 2459K [0x0000000084e00000, 0x000000008a100000, 0x00000000d6f80000)
  object space 84992K, 2% used [0x0000000084e00000,0x0000000085066de0,0x000000008a100000)
 Metaspace       used 20017K, capacity 21242K, committed 21296K, reserved 1067008K
  class space    used 4003K, capacity 4428K, committed 4480K, reserved 1048576K
Event: 1.722 GC heap after
Heap after GC invocations=4 (full 1):
 PSYoungGen      total 68608K, used 0K [0x00000000d6f80000, 0x00000000df580000, 0x0000000100000000)
  eden space 63488K, 0% used [0x00000000d6f80000,0x00000000d6f80000,0x00000000dad80000)
  from space 5120K, 0% used [0x00000000dad80000,0x00000000dad80000,0x00000000db280000)
  to   space 5120K, 0% used [0x00000000df080000,0x00000000df080000,0x00000000df580000)
 ParOldGen       total 60416K, used 7390K [0x0000000084e00000, 0x0000000088900000, 0x00000000d6f80000)
  object space 60416K, 12% used [0x0000000084e00000,0x0000000085537990,0x0000000088900000)
 Metaspace       used 20017K, capacity 21242K, committed 21296K, reserved 1067008K
  class space    used 4003K, capacity 4428K, committed 4480K, reserved 1048576K
}

Deoptimization events (0 events):
No events

Internal exceptions (10 events):
Event: 1.977 Thread 0x00007f9c40008000 Exception <a 'java/security/PrivilegedActionException'> (0x00000000d90b2568) thrown at [/home/abuild/rpmbuild/BUILD/jdk8u20-d1a7ea2c3e10/hotspot/src/share/vm/prims/jvm.cpp, line 1275]
Event: 1.977 Thread 0x00007f9c40008000 Exception <a 'java/security/PrivilegedActionException'> (0x00000000d90b3918) thrown at [/home/abuild/rpmbuild/BUILD/jdk8u20-d1a7ea2c3e10/hotspot/src/share/vm/prims/jvm.cpp, line 1275]
Event: 1.977 Thread 0x00007f9c40008000 Exception <a 'java/security/PrivilegedActionException'> (0x00000000d90b4968) thrown at [/home/abuild/rpmbuild/BUILD/jdk8u20-d1a7ea2c3e10/hotspot/src/share/vm/prims/jvm.cpp, line 1275]
Event: 1.977 Thread 0x00007f9c40008000 Exception <a 'java/security/PrivilegedActionException'> (0x00000000d90b59b8) thrown at [/home/abuild/rpmbuild/BUILD/jdk8u20-d1a7ea2c3e10/hotspot/src/share/vm/prims/jvm.cpp, line 1275]
Event: 2.148 Thread 0x00007f9c40008000 Exception <a 'java/security/PrivilegedActionException'> (0x00000000da3a1110) thrown at [/home/abuild/rpmbuild/BUILD/jdk8u20-d1a7ea2c3e10/hotspot/src/share/vm/prims/jvm.cpp, line 1275]
Event: 2.149 Thread 0x00007f9c40008000 Exception <a 'java/security/PrivilegedActionException'> (0x00000000da3a2458) thrown at [/home/abuild/rpmbuild/BUILD/jdk8u20-d1a7ea2c3e10/hotspot/src/share/vm/prims/jvm.cpp, line 1275]
Event: 2.149 Thread 0x00007f9c40008000 Exception <a 'java/lang/ClassNotFoundException': org/sonatype/aether/graph/ExclusionBeanInfo> (0x00000000da3a29b0) thrown at [/home/abuild/rpmbuild/BUILD/jdk8u20-d1a7ea2c3e10/hotspot/src/share/vm/classfile/systemDictionary.cpp, line 202]
Event: 2.149 Thread 0x00007f9c40008000 Exception <a 'java/security/PrivilegedActionException'> (0x00000000da3a3b18) thrown at [/home/abuild/rpmbuild/BUILD/jdk8u20-d1a7ea2c3e10/hotspot/src/share/vm/prims/jvm.cpp, line 1275]
Event: 2.149 Thread 0x00007f9c40008000 Exception <a 'java/security/PrivilegedActionException'> (0x00000000da3a4e98) thrown at [/home/abuild/rpmbuild/BUILD/jdk8u20-d1a7ea2c3e10/hotspot/src/share/vm/prims/jvm.cpp, line 1275]
Event: 2.149 Thread 0x00007f9c40008000 Exception <a 'java/lang/ClassNotFoundException': org/sonatype/aether/graph/ExclusionCustomizer> (0x00000000da3a53f8) thrown at [/home/abuild/rpmbuild/BUILD/jdk8u20-d1a7ea2c3e10/hotspot/src/share/vm/classfile/systemDictionary.cpp, line 202]

Events (10 events):
Event: 2.196 Thread 0x00007f9c405ec800 Thread added: 0x00007f9c405ec800
Event: 2.196 Thread 0x00007f9c405ee000 Thread added: 0x00007f9c405ee000
Event: 2.196 loading class com/hypirion/io/Pipe$PipeOutputStream
Event: 2.196 loading class com/hypirion/io/Pipe$PipeOutputStream done
Event: 2.198 Thread 0x00007f9c405f0000 Thread added: 0x00007f9c405f0000
Event: 2.198 loading class com/hypirion/io/ClosingPipe$OutCloser
Event: 2.198 loading class com/hypirion/io/ClosingPipe$OutCloser done
Event: 2.198 Thread 0x00007f9c405f1800 Thread added: 0x00007f9c405f1800
Event: 4.051 Executing VM operation: EnableBiasedLocking
Event: 4.051 Executing VM operation: EnableBiasedLocking done


Dynamic libraries:
00400000-00401000 r-xp 00000000 00:20 249191                             /usr/lib64/jvm/java-1.8.0-openjdk-1.8.0/jre/bin/java
00600000-00601000 r--p 00000000 00:20 249191                             /usr/lib64/jvm/java-1.8.0-openjdk-1.8.0/jre/bin/java
00601000-00602000 rw-p 00001000 00:20 249191                             /usr/lib64/jvm/java-1.8.0-openjdk-1.8.0/jre/bin/java
00e38000-00e59000 rw-p 00000000 00:00 0                                  [heap]
84e00000-88900000 rw-p 00000000 00:00 0 
88900000-d6f80000 ---p 00000000 00:00 0 
d6f80000-df580000 rw-p 00000000 00:00 0 
df580000-100000000 ---p 00000000 00:00 0 
100000000-100520000 rw-p 00000000 00:00 0 
100520000-140000000 ---p 00000000 00:00 0 
7f9bdc000000-7f9bdc021000 rw-p 00000000 00:00 0 
7f9bdc021000-7f9be0000000 ---p 00000000 00:00 0 
7f9be0000000-7f9be0021000 rw-p 00000000 00:00 0 
7f9be0021000-7f9be4000000 ---p 00000000 00:00 0 
7f9be4000000-7f9be4021000 rw-p 00000000 00:00 0 
7f9be4021000-7f9be8000000 ---p 00000000 00:00 0 
7f9be8000000-7f9be8021000 rw-p 00000000 00:00 0 
7f9be8021000-7f9bec000000 ---p 00000000 00:00 0 
7f9bec000000-7f9bec021000 rw-p 00000000 00:00 0 
7f9bec021000-7f9bf0000000 ---p 00000000 00:00 0 
7f9bf0000000-7f9bf0021000 rw-p 00000000 00:00 0 
7f9bf0021000-7f9bf4000000 ---p 00000000 00:00 0 
7f9bf4000000-7f9bf4021000 rw-p 00000000 00:00 0 
7f9bf4021000-7f9bf8000000 ---p 00000000 00:00 0 
7f9bf8000000-7f9bf8021000 rw-p 00000000 00:00 0 
7f9bf8021000-7f9bfc000000 ---p 00000000 00:00 0 
7f9bfc000000-7f9bfc021000 rw-p 00000000 00:00 0 
7f9bfc021000-7f9c00000000 ---p 00000000 00:00 0 
7f9c00000000-7f9c00592000 rw-p 00000000 00:00 0 
7f9c00592000-7f9c04000000 ---p 00000000 00:00 0 
7f9c04000000-7f9c04021000 rw-p 00000000 00:00 0 
7f9c04021000-7f9c08000000 ---p 00000000 00:00 0 
7f9c08000000-7f9c0802e000 rw-p 00000000 00:00 0 
7f9c0802e000-7f9c0c000000 ---p 00000000 00:00 0 
7f9c0c000000-7f9c0c021000 rw-p 00000000 00:00 0 
7f9c0c021000-7f9c10000000 ---p 00000000 00:00 0 
7f9c10000000-7f9c10021000 rw-p 00000000 00:00 0 
7f9c10021000-7f9c14000000 ---p 00000000 00:00 0 
7f9c14000000-7f9c14021000 rw-p 00000000 00:00 0 
7f9c14021000-7f9c18000000 ---p 00000000 00:00 0 
7f9c18000000-7f9c1803e000 rw-p 00000000 00:00 0 
7f9c1803e000-7f9c1c000000 ---p 00000000 00:00 0 
7f9c1c000000-7f9c1c021000 rw-p 00000000 00:00 0 
7f9c1c021000-7f9c20000000 ---p 00000000 00:00 0 
7f9c20289000-7f9c2028c000 ---p 00000000 00:00 0 
7f9c2028c000-7f9c2038a000 rw-p 00000000 00:00 0                          [stack:26313]
7f9c2038a000-7f9c2038d000 ---p 00000000 00:00 0 
7f9c2038d000-7f9c2048b000 rw-p 00000000 00:00 0                          [stack:26306]
7f9c2048b000-7f9c2048e000 ---p 00000000 00:00 0 
7f9c2048e000-7f9c2058c000 rw-p 00000000 00:00 0                          [stack:26305]
7f9c2058c000-7f9c2058f000 ---p 00000000 00:00 0 
7f9c2058f000-7f9c2068d000 rw-p 00000000 00:00 0                          [stack:26304]
7f9c2068d000-7f9c20690000 ---p 00000000 00:00 0 
7f9c20690000-7f9c2080e000 rw-p 00000000 00:00 0                          [stack:26297]
7f9c2080e000-7f9c2098e000 ---p 00000000 00:00 0 
7f9c2098e000-7f9c20b8e000 rw-p 00000000 00:00 0 
7f9c20b8e000-7f9c20d8e000 rw-p 00000000 00:00 0 
7f9c20d8e000-7f9c20d9f000 r-xp 00000000 00:20 249229                     /usr/lib64/jvm/java-1.8.0-openjdk-1.8.0/jre/lib/amd64/libnio.so
7f9c20d9f000-7f9c20f9e000 ---p 00011000 00:20 249229                     /usr/lib64/jvm/java-1.8.0-openjdk-1.8.0/jre/lib/amd64/libnio.so
7f9c20f9e000-7f9c20f9f000 r--p 00010000 00:20 249229                     /usr/lib64/jvm/java-1.8.0-openjdk-1.8.0/jre/lib/amd64/libnio.so
7f9c20f9f000-7f9c20fa0000 rw-p 00011000 00:20 249229                     /usr/lib64/jvm/java-1.8.0-openjdk-1.8.0/jre/lib/amd64/libnio.so
7f9c20fa0000-7f9c20fb6000 r-xp 00000000 00:20 249228                     /usr/lib64/jvm/java-1.8.0-openjdk-1.8.0/jre/lib/amd64/libnet.so
7f9c20fb6000-7f9c211b5000 ---p 00016000 00:20 249228                     /usr/lib64/jvm/java-1.8.0-openjdk-1.8.0/jre/lib/amd64/libnet.so
7f9c211b5000-7f9c211b6000 r--p 00015000 00:20 249228                     /usr/lib64/jvm/java-1.8.0-openjdk-1.8.0/jre/lib/amd64/libnet.so
7f9c211b6000-7f9c211b7000 rw-p 00016000 00:20 249228                     /usr/lib64/jvm/java-1.8.0-openjdk-1.8.0/jre/lib/amd64/libnet.so
7f9c211b7000-7f9c213b7000 rw-p 00000000 00:00 0 
7f9c213b7000-7f9c215b7000 rw-p 00000000 00:00 0 
7f9c215b7000-7f9c215de000 r-xp 00000000 00:20 249233                     /usr/lib64/jvm/java-1.8.0-openjdk-1.8.0/jre/lib/amd64/libsunec.so
7f9c215de000-7f9c217dd000 ---p 00027000 00:20 249233                     /usr/lib64/jvm/java-1.8.0-openjdk-1.8.0/jre/lib/amd64/libsunec.so
7f9c217dd000-7f9c217e1000 r--p 00026000 00:20 249233                     /usr/lib64/jvm/java-1.8.0-openjdk-1.8.0/jre/lib/amd64/libsunec.so
7f9c217e1000-7f9c217e2000 rw-p 0002a000 00:20 249233                     /usr/lib64/jvm/java-1.8.0-openjdk-1.8.0/jre/lib/amd64/libsunec.so
7f9c217e2000-7f9c219e2000 rw-p 00000000 00:00 0 
7f9c219e2000-7f9c219e3000 ---p 00000000 00:00 0 
7f9c219e3000-7f9c21ae3000 rw-p 00000000 00:00 0                          [stack:26296]
7f9c21ae3000-7f9c21be0000 r--s 00d46000 08:04 406750175                  /home/user/.lein/self-installs/leiningen-2.5.0-standalone.jar
7f9c21be0000-7f9c21be3000 ---p 00000000 00:00 0 
7f9c21be3000-7f9c21ce1000 rw-p 00000000 00:00 0                          [stack:26295]
7f9c21ce1000-7f9c21ce4000 ---p 00000000 00:00 0 
7f9c21ce4000-7f9c21de2000 rw-p 00000000 00:00 0                          [stack:26294]
7f9c21de2000-7f9c21de5000 ---p 00000000 00:00 0 
7f9c21de5000-7f9c21ee3000 rw-p 00000000 00:00 0                          [stack:26293]
7f9c21ee3000-7f9c21ee6000 ---p 00000000 00:00 0 
7f9c21ee6000-7f9c21fe4000 rw-p 00000000 00:00 0                          [stack:26292]
7f9c21fe4000-7f9c21fe7000 ---p 00000000 00:00 0 
7f9c21fe7000-7f9c220e5000 rw-p 00000000 00:00 0                          [stack:26291]
7f9c220e5000-7f9c22215000 r--p 00000000 00:20 111828                     /usr/lib/locale/en_US.utf8/LC_COLLATE
7f9c22215000-7f9c22218000 ---p 00000000 00:00 0 
7f9c22218000-7f9c22316000 rw-p 00000000 00:00 0                          [stack:26290]
7f9c22316000-7f9c22319000 ---p 00000000 00:00 0 
7f9c22319000-7f9c22417000 rw-p 00000000 00:00 0                          [stack:26289]
7f9c22417000-7f9c22418000 ---p 00000000 00:00 0 
7f9c22418000-7f9c24000000 rw-p 00000000 00:00 0                          [stack:26288]
7f9c24000000-7f9c24021000 rw-p 00000000 00:00 0 
7f9c24021000-7f9c28000000 ---p 00000000 00:00 0 
7f9c28003000-7f9c28006000 ---p 00000000 00:00 0 
7f9c28006000-7f9c2803c000 rw-p 00000000 00:00 0                          [stack:26300]
7f9c2803c000-7f9c28076000 r--s 00302000 08:04 7880427                    /home/user/.m2/repository/org/clojure/clojure/1.3.0/clojure-1.3.0.jar
7f9c28076000-7f9c280a3000 rw-p 00000000 00:00 0 
7f9c280a3000-7f9c28270000 r--s 03bb2000 00:20 249295                     /usr/lib64/jvm/java-1.8.0-openjdk-1.8.0/jre/lib/rt.jar
7f9c28270000-7f9c2c000000 rw-p 00000000 00:00 0 
7f9c2c000000-7f9c2c021000 rw-p 00000000 00:00 0 
7f9c2c021000-7f9c30000000 ---p 00000000 00:00 0 
7f9c3000a000-7f9c3000b000 rw-p 00000000 00:00 0 
7f9c3000b000-7f9c30027000 r--s 00393000 00:20 249256                     /usr/lib64/jvm/java-1.8.0-openjdk-1.8.0/jre/lib/ext/cldrdata.jar
7f9c30027000-7f9c30066000 r--p 00000000 00:20 111829                     /usr/lib/locale/en_US.utf8/LC_CTYPE
7f9c30066000-7f9c300c9000 rw-p 00000000 00:00 0 
7f9c300c9000-7f9c300ca000 ---p 00000000 00:00 0 
7f9c300ca000-7f9c301ca000 rw-p 00000000 00:00 0                          [stack:26287]
7f9c301ca000-7f9c301cb000 ---p 00000000 00:00 0 
7f9c301cb000-7f9c302cb000 rw-p 00000000 00:00 0                          [stack:26286]
7f9c302cb000-7f9c302cc000 ---p 00000000 00:00 0 
7f9c302cc000-7f9c303ea000 rw-p 00000000 00:00 0                          [stack:26285]
7f9c303ea000-7f9c3065d000 ---p 00000000 00:00 0 
7f9c3065d000-7f9c3067b000 rw-p 00000000 00:00 0 
7f9c3067b000-7f9c308ed000 ---p 00000000 00:00 0 
7f9c308ed000-7f9c30931000 rw-p 00000000 00:00 0 
7f9c30931000-7f9c30a36000 ---p 00000000 00:00 0 
7f9c30a36000-7f9c30a4c000 rw-p 00000000 00:00 0 
7f9c30a4c000-7f9c30df7000 ---p 00000000 00:00 0 
7f9c30df7000-7f9c31307000 rwxp 00000000 00:00 0 
7f9c31307000-7f9c3fdf7000 ---p 00000000 00:00 0 
7f9c3fdf7000-7f9c3fdff000 r-xp 00000000 00:20 249236                     /usr/lib64/jvm/java-1.8.0-openjdk-1.8.0/jre/lib/amd64/libzip.so
7f9c3fdff000-7f9c3fffe000 ---p 00008000 00:20 249236                     /usr/lib64/jvm/java-1.8.0-openjdk-1.8.0/jre/lib/amd64/libzip.so
7f9c3fffe000-7f9c3ffff000 r--p 00007000 00:20 249236                     /usr/lib64/jvm/java-1.8.0-openjdk-1.8.0/jre/lib/amd64/libzip.so
7f9c3ffff000-7f9c40000000 rw-p 00008000 00:20 249236                     /usr/lib64/jvm/java-1.8.0-openjdk-1.8.0/jre/lib/amd64/libzip.so
7f9c40000000-7f9c4062f000 rw-p 00000000 00:00 0 
7f9c4062f000-7f9c44000000 ---p 00000000 00:00 0 
7f9c44000000-7f9c44003000 r--s 00019000 08:04 406752282                  /home/user/.m2/repository/cljsbuild/cljsbuild/1.0.4-SNAPSHOT/cljsbuild-1.0.4-SNAPSHOT.jar
7f9c44003000-7f9c4400d000 r--s 00116000 00:20 249259                     /usr/lib64/jvm/java-1.8.0-openjdk-1.8.0/jre/lib/ext/localedata.jar
7f9c4400d000-7f9c440f1000 rw-p 00000000 00:00 0 
7f9c440f1000-7f9c440f2000 ---p 00000000 00:00 0 
7f9c440f2000-7f9c441f2000 rw-p 00000000 00:00 0                          [stack:26284]
7f9c441f2000-7f9c4421e000 r-xp 00000000 00:20 249218                     /usr/lib64/jvm/java-1.8.0-openjdk-1.8.0/jre/lib/amd64/libjava.so
7f9c4421e000-7f9c4441d000 ---p 0002c000 00:20 249218                     /usr/lib64/jvm/java-1.8.0-openjdk-1.8.0/jre/lib/amd64/libjava.so
7f9c4441d000-7f9c4441e000 r--p 0002b000 00:20 249218                     /usr/lib64/jvm/java-1.8.0-openjdk-1.8.0/jre/lib/amd64/libjava.so
7f9c4441e000-7f9c44420000 rw-p 0002c000 00:20 249218                     /usr/lib64/jvm/java-1.8.0-openjdk-1.8.0/jre/lib/amd64/libjava.so
7f9c44420000-7f9c4442d000 r-xp 00000000 00:20 249235                     /usr/lib64/jvm/java-1.8.0-openjdk-1.8.0/jre/lib/amd64/libverify.so
7f9c4442d000-7f9c4462c000 ---p 0000d000 00:20 249235                     /usr/lib64/jvm/java-1.8.0-openjdk-1.8.0/jre/lib/amd64/libverify.so
7f9c4462c000-7f9c4462e000 r--p 0000c000 00:20 249235                     /usr/lib64/jvm/java-1.8.0-openjdk-1.8.0/jre/lib/amd64/libverify.so
7f9c4462e000-7f9c4462f000 rw-p 0000e000 00:20 249235                     /usr/lib64/jvm/java-1.8.0-openjdk-1.8.0/jre/lib/amd64/libverify.so
7f9c4462f000-7f9c44636000 r-xp 00000000 00:20 1322                       /lib64/librt-2.19.so
7f9c44636000-7f9c44835000 ---p 00007000 00:20 1322                       /lib64/librt-2.19.so
7f9c44835000-7f9c44836000 r--p 00006000 00:20 1322                       /lib64/librt-2.19.so
7f9c44836000-7f9c44837000 rw-p 00007000 00:20 1322                       /lib64/librt-2.19.so
7f9c44837000-7f9c4484d000 r-xp 00000000 00:20 1318                       /lib64/libgcc_s.so.1
7f9c4484d000-7f9c44a4c000 ---p 00016000 00:20 1318                       /lib64/libgcc_s.so.1
7f9c44a4c000-7f9c44a4d000 r--p 00015000 00:20 1318                       /lib64/libgcc_s.so.1
7f9c44a4d000-7f9c44a4e000 rw-p 00016000 00:20 1318                       /lib64/libgcc_s.so.1
7f9c44a4e000-7f9c44b4e000 r-xp 00000000 00:20 1305                       /lib64/libm-2.19.so
7f9c44b4e000-7f9c44d4d000 ---p 00100000 00:20 1305                       /lib64/libm-2.19.so
7f9c44d4d000-7f9c44d4e000 r--p 000ff000 00:20 1305                       /lib64/libm-2.19.so
7f9c44d4e000-7f9c44d4f000 rw-p 00100000 00:20 1305                       /lib64/libm-2.19.so
7f9c44d4f000-7f9c44e39000 r-xp 00000000 00:20 26739                      /usr/lib64/libstdc++.so.6.0.19
7f9c44e39000-7f9c45038000 ---p 000ea000 00:20 26739                      /usr/lib64/libstdc++.so.6.0.19
7f9c45038000-7f9c45040000 r--p 000e9000 00:20 26739                      /usr/lib64/libstdc++.so.6.0.19
7f9c45040000-7f9c45042000 rw-p 000f1000 00:20 26739                      /usr/lib64/libstdc++.so.6.0.19
7f9c45042000-7f9c45057000 rw-p 00000000 00:00 0 
7f9c45057000-7f9c45bfe000 r-xp 00000000 00:20 249240                     /usr/lib64/jvm/java-1.8.0-openjdk-1.8.0/jre/lib/amd64/server/libjvm.so
7f9c45bfe000-7f9c45dfd000 ---p 00ba7000 00:20 249240                     /usr/lib64/jvm/java-1.8.0-openjdk-1.8.0/jre/lib/amd64/server/libjvm.so
7f9c45dfd000-7f9c45e9b000 r--p 00ba6000 00:20 249240                     /usr/lib64/jvm/java-1.8.0-openjdk-1.8.0/jre/lib/amd64/server/libjvm.so
7f9c45e9b000-7f9c45ec3000 rw-p 00c44000 00:20 249240                     /usr/lib64/jvm/java-1.8.0-openjdk-1.8.0/jre/lib/amd64/server/libjvm.so
7f9c45ec3000-7f9c45ef2000 rw-p 00000000 00:00 0 
7f9c45ef2000-7f9c45f0a000 r-xp 00000000 00:20 1291                       /lib64/libpthread-2.19.so
7f9c45f0a000-7f9c46109000 ---p 00018000 00:20 1291                       /lib64/libpthread-2.19.so
7f9c46109000-7f9c4610a000 r--p 00017000 00:20 1291                       /lib64/libpthread-2.19.so
7f9c4610a000-7f9c4610b000 rw-p 00018000 00:20 1291                       /lib64/libpthread-2.19.so
7f9c4610b000-7f9c4610f000 rw-p 00000000 00:00 0 
7f9c4610f000-7f9c46112000 r-xp 00000000 00:20 1304                       /lib64/libdl-2.19.so
7f9c46112000-7f9c46311000 ---p 00003000 00:20 1304                       /lib64/libdl-2.19.so
7f9c46311000-7f9c46312000 r--p 00002000 00:20 1304                       /lib64/libdl-2.19.so
7f9c46312000-7f9c46313000 rw-p 00003000 00:20 1304                       /lib64/libdl-2.19.so
7f9c46313000-7f9c46328000 r-xp 00000000 00:20 1237                       /lib64/libz.so.1.2.8
7f9c46328000-7f9c46527000 ---p 00015000 00:20 1237                       /lib64/libz.so.1.2.8
7f9c46527000-7f9c46528000 r--p 00014000 00:20 1237                       /lib64/libz.so.1.2.8
7f9c46528000-7f9c46529000 rw-p 00015000 00:20 1237                       /lib64/libz.so.1.2.8
7f9c46529000-7f9c466c7000 r-xp 00000000 00:20 1190                       /lib64/libc-2.19.so
7f9c466c7000-7f9c468c7000 ---p 0019e000 00:20 1190                       /lib64/libc-2.19.so
7f9c468c7000-7f9c468cb000 r--p 0019e000 00:20 1190                       /lib64/libc-2.19.so
7f9c468cb000-7f9c468cd000 rw-p 001a2000 00:20 1190                       /lib64/libc-2.19.so
7f9c468cd000-7f9c468d1000 rw-p 00000000 00:00 0 
7f9c468d1000-7f9c468de000 r-xp 00000000 00:20 249205                     /usr/lib64/jvm/java-1.8.0-openjdk-1.8.0/jre/lib/amd64/jli/libjli.so
7f9c468de000-7f9c46add000 ---p 0000d000 00:20 249205                     /usr/lib64/jvm/java-1.8.0-openjdk-1.8.0/jre/lib/amd64/jli/libjli.so
7f9c46add000-7f9c46ade000 r--p 0000c000 00:20 249205                     /usr/lib64/jvm/java-1.8.0-openjdk-1.8.0/jre/lib/amd64/jli/libjli.so
7f9c46ade000-7f9c46adf000 rw-p 0000d000 00:20 249205                     /usr/lib64/jvm/java-1.8.0-openjdk-1.8.0/jre/lib/amd64/jli/libjli.so
7f9c46adf000-7f9c46aff000 r-xp 00000000 00:20 1327                       /lib64/ld-2.19.so
7f9c46aff000-7f9c46b00000 r--s 00003000 08:04 406763718                  /home/user/.m2/repository/lein-cljsbuild/lein-cljsbuild/1.0.4-SNAPSHOT/lein-cljsbuild-1.0.4-SNAPSHOT.jar
7f9c46b00000-7f9c46b01000 r--s 00000000 08:04 138302104                  /home/user/.m2/repository/lein-cljsbuild/cljs-compat/1.0.0-SNAPSHOT/cljs-compat-1.0.0-SNAPSHOT.jar
7f9c46b01000-7f9c46b02000 r--s 00001000 08:04 7880431                    /home/user/.m2/repository/fs/fs/1.1.2/fs-1.1.2.jar
7f9c46b02000-7f9c46b07000 r--s 00032000 08:04 7880428                    /home/user/.m2/repository/org/apache/commons/commons-compress/1.3/commons-compress-1.3.jar
7f9c46b07000-7f9c46b08000 r--s 00008000 00:20 249262                     /usr/lib64/jvm/java-1.8.0-openjdk-1.8.0/jre/lib/ext/sunec.jar
7f9c46b08000-7f9c46b0a000 r--s 00015000 00:20 249278                     /usr/lib64/jvm/java-1.8.0-openjdk-1.8.0/jre/lib/jce.jar
7f9c46b0a000-7f9c46b0f000 r--s 00092000 00:20 249280                     /usr/lib64/jvm/java-1.8.0-openjdk-1.8.0/jre/lib/jsse.jar
7f9c46b0f000-7f9c46b12000 r--s 0000f000 00:20 249258                     /usr/lib64/jvm/java-1.8.0-openjdk-1.8.0/jre/lib/ext/icedtea-sound.jar
7f9c46b12000-7f9c46b13000 r--p 00000000 00:20 111850                     /usr/lib/locale/en_US.utf8/LC_NUMERIC
7f9c46b13000-7f9c46b14000 r--p 00000000 00:20 109290                     /usr/lib/locale/en_US.utf8/LC_TIME
7f9c46b14000-7f9c46b15000 r--p 00000000 00:20 109289                     /usr/lib/locale/en_US.utf8/LC_MONETARY
7f9c46b15000-7f9c46b16000 r--p 00000000 00:20 112072                     /usr/lib/locale/en_US.utf8/LC_MESSAGES/SYS_LC_MESSAGES
7f9c46b16000-7f9c46b17000 r--p 00000000 00:20 112025                     /usr/lib/locale/en_US.utf8/LC_PAPER
7f9c46b17000-7f9c46b1e000 r--s 00000000 00:20 112236                     /usr/lib64/gconv/gconv-modules.cache
7f9c46b1e000-7f9c46bc8000 rw-p 00000000 00:00 0 
7f9c46bc8000-7f9c46bcb000 ---p 00000000 00:00 0 
7f9c46bcb000-7f9c46cce000 rw-p 00000000 00:00 0                          [stack:26283]
7f9c46cce000-7f9c46ccf000 r--p 00000000 00:20 111972                     /usr/lib/locale/en_US.utf8/LC_NAME
7f9c46ccf000-7f9c46cd0000 r--p 00000000 00:20 109286                     /usr/lib/locale/en_US.utf8/LC_ADDRESS
7f9c46cd0000-7f9c46cd1000 r--p 00000000 00:20 112073                     /usr/lib/locale/en_US.utf8/LC_TELEPHONE
7f9c46cd1000-7f9c46cd2000 r--p 00000000 00:20 112071                     /usr/lib/locale/en_US.utf8/LC_MEASUREMENT
7f9c46cd2000-7f9c46cd3000 r--p 00000000 00:20 109287                     /usr/lib/locale/en_US.utf8/LC_IDENTIFICATION
7f9c46cd3000-7f9c46cf4000 rw-p 00000000 00:00 0 
7f9c46cf4000-7f9c46cfc000 rw-s 00000000 00:3d 40499                      /tmp/hsperfdata_user/26282
7f9c46cfc000-7f9c46cfd000 rw-p 00000000 00:00 0 
7f9c46cfd000-7f9c46cfe000 r--p 00000000 00:00 0 
7f9c46cfe000-7f9c46cff000 rw-p 00000000 00:00 0 
7f9c46cff000-7f9c46d00000 r--p 00020000 00:20 1327                       /lib64/ld-2.19.so
7f9c46d00000-7f9c46d01000 rw-p 00021000 00:20 1327                       /lib64/ld-2.19.so
7f9c46d01000-7f9c46d02000 rw-p 00000000 00:00 0 
7fff26014000-7fff26036000 rw-p 00000000 00:00 0                          [stack]
7fff2612f000-7fff26131000 r-xp 00000000 00:00 0                          [vdso]
7fff26131000-7fff26133000 r--p 00000000 00:00 0                          [vvar]
ffffffffff600000-ffffffffff601000 r-xp 00000000 00:00 0                  [vsyscall]

VM Arguments:
jvm_args: -Xbootclasspath/a:/home/user/.lein/self-installs/leiningen-2.5.0-standalone.jar -Dfile.encoding=UTF-8 -Dmaven.wagon.http.ssl.easy=false -Dmaven.wagon.rto=10000 -XX:+TieredCompilation -XX:TieredStopAtLevel=1 -Dleiningen.original.pwd=/home/user/blogsite/hello-world/app -Dleiningen.script=/home/user/bin/lein 
java_command: clojure.main -m leiningen.core.main cljsbuild auto app
java_class_path (initial): /home/user/.lein/self-installs/leiningen-2.5.0-standalone.jar
Launcher Type: SUN_STANDARD

Environment Variables:
JAVA_HOME=/usr/lib64/jvm/java
JRE_HOME=/usr/lib64/jvm/java/jre
CLASSPATH=/home/user/.lein/self-installs/leiningen-2.5.0-standalone.jar
PATH=/home/user/.kiex/elixirs/elixir-1.0.2/bin:/home/user/.kiex/bin:/home/user/.kiex/elixirs/elixir-1.0.2/bin:/home/user/.kiex/bin:/home/user/.kiex/elixirs/elixir-1.0.2/bin:/home/user/.kiex/bin:/home/user/bin:/usr/local/bin:/usr/bin:/bin:/usr/bin/X11:/usr/games:/opt/kde3/bin:/usr/lib/mit/bin:/usr/lib/mit/sbin
SHELL=/bin/bash
DISPLAY=:0
HOSTTYPE=x86_64
OSTYPE=linux
MACHTYPE=x86_64-suse-linux

Signal Handlers:
SIGSEGV: [libjvm.so+0x9b9700], sa_mask[0]=11111111011111111101111111111110, sa_flags=SA_RESTART|SA_SIGINFO
SIGBUS: [libjvm.so+0x9b9700], sa_mask[0]=11111111011111111101111111111110, sa_flags=SA_RESTART|SA_SIGINFO
SIGFPE: [libjvm.so+0x827fd0], sa_mask[0]=11111111011111111101111111111110, sa_flags=SA_RESTART|SA_SIGINFO
SIGPIPE: [libjvm.so+0x827fd0], sa_mask[0]=11111111011111111101111111111110, sa_flags=SA_RESTART|SA_SIGINFO
SIGXFSZ: [libjvm.so+0x827fd0], sa_mask[0]=11111111011111111101111111111110, sa_flags=SA_RESTART|SA_SIGINFO
SIGILL: [libjvm.so+0x827fd0], sa_mask[0]=11111111011111111101111111111110, sa_flags=SA_RESTART|SA_SIGINFO
SIGUSR1: SIG_DFL, sa_mask[0]=00000000000000000000000000000000, sa_flags=none
SIGUSR2: [libjvm.so+0x827ea0], sa_mask[0]=00000000000000000000000000000000, sa_flags=SA_RESTART|SA_SIGINFO
SIGHUP: [libjvm.so+0x828090], sa_mask[0]=11111111011111111101111111111110, sa_flags=SA_RESTART|SA_SIGINFO
SIGINT: [libjvm.so+0x828090], sa_mask[0]=11111111011111111101111111111110, sa_flags=SA_RESTART|SA_SIGINFO
SIGTERM: [libjvm.so+0x828090], sa_mask[0]=11111111011111111101111111111110, sa_flags=SA_RESTART|SA_SIGINFO
SIGQUIT: [libjvm.so+0x828090], sa_mask[0]=11111111011111111101111111111110, sa_flags=SA_RESTART|SA_SIGINFO


---------------  S Y S T E M  ---------------

OS:LSB_VERSION="core-2.0-noarch:core-3.2-noarch:core-4.0-noarch:core-2.0-x86_64:core-3.2-x86_64:core-4.0-x86_64"

uname:Linux 3.16.3-1.gd2bbe7f-desktop #1 SMP PREEMPT Thu Sep 18 06:32:16 UTC 2014 (d2bbe7f) x86_64
libc:glibc 2.19 NPTL 2.19 
rlimit: STACK 8192k, CORE 0k, NPROC 31152, NOFILE 4096, AS infinity
load average:2.30 1.33 0.79

/proc/meminfo:
MemTotal:        8068304 kB
MemFree:          151164 kB
MemAvailable:    2442252 kB
Buffers:            1672 kB
Cached:          2605308 kB
SwapCached:        11116 kB
Active:          5036744 kB
Inactive:        2267048 kB
Active(anon):    4056528 kB
Inactive(anon):  1065000 kB
Active(file):     980216 kB
Inactive(file):  1202048 kB
Unevictable:           0 kB
Mlocked:               0 kB
SwapTotal:       8393724 kB
SwapFree:        8030600 kB
Dirty:               836 kB
Writeback:             0 kB
AnonPages:       4689076 kB
Mapped:           371136 kB
Shmem:            424580 kB
Slab:             441008 kB
SReclaimable:     362240 kB
SUnreclaim:        78768 kB
KernelStack:       10864 kB
PageTables:        52692 kB
NFS_Unstable:          0 kB
Bounce:                0 kB
WritebackTmp:          0 kB
CommitLimit:    12427876 kB
Committed_AS:    9181688 kB
VmallocTotal:   34359738367 kB
VmallocUsed:      566956 kB
VmallocChunk:   34359074500 kB
HardwareCorrupted:     0 kB
AnonHugePages:   1499136 kB
HugePages_Total:       0
HugePages_Free:        0
HugePages_Rsvd:        0
HugePages_Surp:        0
Hugepagesize:       2048 kB
DirectMap4k:      125696 kB
DirectMap2M:     3946496 kB
DirectMap1G:     4194304 kB


CPU:total 4 (2 cores per cpu, 2 threads per core) family 6 model 69 stepping 1, cmov, cx8, fxsr, mmx, sse, sse2, sse3, ssse3, sse4.1, sse4.2, popcnt, avx, avx2, aes, clmul, erms, lzcnt, ht, tsc, tscinvbit, bmi1, bmi2

/proc/cpuinfo:
processor	: 0
vendor_id	: GenuineIntel
cpu family	: 6
model		: 69
model name	: Intel(R) Core(TM) i5-4200U CPU @ 1.60GHz
stepping	: 1
microcode	: 0x17
cpu MHz		: 2300.718
cache size	: 3072 KB
physical id	: 0
siblings	: 4
core id		: 0
cpu cores	: 2
apicid		: 0
initial apicid	: 0
fpu		: yes
fpu_exception	: yes
cpuid level	: 13
wp		: yes
flags		: fpu vme de pse tsc msr pae mce cx8 apic sep mtrr pge mca cmov pat pse36 clflush dts acpi mmx fxsr sse sse2 ss ht tm pbe syscall nx pdpe1gb rdtscp lm constant_tsc arch_perfmon pebs bts rep_good nopl xtopology nonstop_tsc aperfmperf eagerfpu pni pclmulqdq dtes64 monitor ds_cpl vmx est tm2 ssse3 fma cx16 xtpr pdcm pcid sse4_1 sse4_2 movbe popcnt tsc_deadline_timer aes xsave avx f16c rdrand lahf_lm abm ida arat epb xsaveopt pln pts dtherm tpr_shadow vnmi flexpriority ept vpid fsgsbase tsc_adjust bmi1 avx2 smep bmi2 erms invpcid
bogomips	: 4589.26
clflush size	: 64
cache_alignment	: 64
address sizes	: 39 bits physical, 48 bits virtual
power management:

processor	: 1
vendor_id	: GenuineIntel
cpu family	: 6
model		: 69
model name	: Intel(R) Core(TM) i5-4200U CPU @ 1.60GHz
stepping	: 1
microcode	: 0x17
cpu MHz		: 2300.000
cache size	: 3072 KB
physical id	: 0
siblings	: 4
core id		: 0
cpu cores	: 2
apicid		: 1
initial apicid	: 1
fpu		: yes
fpu_exception	: yes
cpuid level	: 13
wp		: yes
flags		: fpu vme de pse tsc msr pae mce cx8 apic sep mtrr pge mca cmov pat pse36 clflush dts acpi mmx fxsr sse sse2 ss ht tm pbe syscall nx pdpe1gb rdtscp lm constant_tsc arch_perfmon pebs bts rep_good nopl xtopology nonstop_tsc aperfmperf eagerfpu pni pclmulqdq dtes64 monitor ds_cpl vmx est tm2 ssse3 fma cx16 xtpr pdcm pcid sse4_1 sse4_2 movbe popcnt tsc_deadline_timer aes xsave avx f16c rdrand lahf_lm abm ida arat epb xsaveopt pln pts dtherm tpr_shadow vnmi flexpriority ept vpid fsgsbase tsc_adjust bmi1 avx2 smep bmi2 erms invpcid
bogomips	: 4589.26
clflush size	: 64
cache_alignment	: 64
address sizes	: 39 bits physical, 48 bits virtual
power management:

processor	: 2
vendor_id	: GenuineIntel
cpu family	: 6
model		: 69
model name	: Intel(R) Core(TM) i5-4200U CPU @ 1.60GHz
stepping	: 1
microcode	: 0x17
cpu MHz		: 2311.859
cache size	: 3072 KB
physical id	: 0
siblings	: 4
core id		: 1
cpu cores	: 2
apicid		: 2
initial apicid	: 2
fpu		: yes
fpu_exception	: yes
cpuid level	: 13
wp		: yes
flags		: fpu vme de pse tsc msr pae mce cx8 apic sep mtrr pge mca cmov pat pse36 clflush dts acpi mmx fxsr sse sse2 ss ht tm pbe syscall nx pdpe1gb rdtscp lm constant_tsc arch_perfmon pebs bts rep_good nopl xtopology nonstop_tsc aperfmperf eagerfpu pni pclmulqdq dtes64 monitor ds_cpl vmx est tm2 ssse3 fma cx16 xtpr pdcm pcid sse4_1 sse4_2 movbe popcnt tsc_deadline_timer aes xsave avx f16c rdrand lahf_lm abm ida arat epb xsaveopt pln pts dtherm tpr_shadow vnmi flexpriority ept vpid fsgsbase tsc_adjust bmi1 avx2 smep bmi2 erms invpcid
bogomips	: 4589.26
clflush size	: 64
cache_alignment	: 64
address sizes	: 39 bits physical, 48 bits virtual
power management:

processor	: 3
vendor_id	: GenuineIntel
cpu family	: 6
model		: 69
model name	: Intel(R) Core(TM) i5-4200U CPU @ 1.60GHz
stepping	: 1
microcode	: 0x17
cpu MHz		: 2308.804
cache size	: 3072 KB
physical id	: 0
siblings	: 4
core id		: 1
cpu cores	: 2
apicid		: 3
initial apicid	: 3
fpu		: yes
fpu_exception	: yes
cpuid level	: 13
wp		: yes
flags		: fpu vme de pse tsc msr pae mce cx8 apic sep mtrr pge mca cmov pat pse36 clflush dts acpi mmx fxsr sse sse2 ss ht tm pbe syscall nx pdpe1gb rdtscp lm constant_tsc arch_perfmon pebs bts rep_good nopl xtopology nonstop_tsc aperfmperf eagerfpu pni pclmulqdq dtes64 monitor ds_cpl vmx est tm2 ssse3 fma cx16 xtpr pdcm pcid sse4_1 sse4_2 movbe popcnt tsc_deadline_timer aes xsave avx f16c rdrand lahf_lm abm ida arat epb xsaveopt pln pts dtherm tpr_shadow vnmi flexpriority ept vpid fsgsbase tsc_adjust bmi1 avx2 smep bmi2 erms invpcid
bogomips	: 4589.26
clflush size	: 64
cache_alignment	: 64
address sizes	: 39 bits physical, 48 bits virtual
power management:



Memory: 4k page, physical 8068304k(151164k free), swap 8393724k(8030600k free)

vm_info: OpenJDK 64-Bit Server VM (25.20-b23) for linux-amd64 JRE (1.8.0_20-b26), built on Oct  2 2014 10:52:05 by "abuild" with gcc 4.8.3 20140627 [gcc-4_8-branch revision 212064]

time: Fri Dec 12 01:12:42 2014
elapsed time: 8562 seconds (0d 2h 22m 42s)

