0 info it worked if it ends with ok
1 verbose cli [ '/usr/bin/node', '/usr/bin/npm', 'install', '-g', 'slimmerjs' ]
2 info using npm@1.4.28
3 info using node@v0.10.33
4 verbose node symlink /usr/bin/node
5 verbose cache add [ 'slimmerjs', null ]
6 verbose cache add name=undefined spec="slimmerjs" args=["slimmerjs",null]
7 verbose parsed url { protocol: null,
7 verbose parsed url   slashes: null,
7 verbose parsed url   auth: null,
7 verbose parsed url   host: null,
7 verbose parsed url   port: null,
7 verbose parsed url   hostname: null,
7 verbose parsed url   hash: null,
7 verbose parsed url   search: null,
7 verbose parsed url   query: null,
7 verbose parsed url   pathname: 'slimmerjs',
7 verbose parsed url   path: 'slimmerjs',
7 verbose parsed url   href: 'slimmerjs' }
8 silly lockFile 8678da71-slimmerjs slimmerjs
9 verbose lock slimmerjs /home/user/.npm/8678da71-slimmerjs.lock
10 silly lockFile 8678da71-slimmerjs slimmerjs
11 silly lockFile 8678da71-slimmerjs slimmerjs
12 verbose addNamed [ 'slimmerjs', '' ]
13 verbose addNamed [ null, '*' ]
14 silly lockFile 4df515cd-slimmerjs slimmerjs@
15 verbose lock slimmerjs@ /home/user/.npm/4df515cd-slimmerjs.lock
16 silly addNameRange { name: 'slimmerjs', range: '*', hasData: false }
17 verbose request where is /slimmerjs
18 verbose request registry https://registry.npmjs.org/
19 verbose request id 6f2af6be7a510934
20 verbose url raw /slimmerjs
21 verbose url resolving [ 'https://registry.npmjs.org/', './slimmerjs' ]
22 verbose url resolved https://registry.npmjs.org/slimmerjs
23 verbose request where is https://registry.npmjs.org/slimmerjs
24 info trying registry request attempt 1 at 01:58:58
25 http GET https://registry.npmjs.org/slimmerjs
26 http 404 https://registry.npmjs.org/slimmerjs
27 verbose headers { date: 'Sun, 08 Feb 2015 00:58:59 GMT',
27 verbose headers   server: 'CouchDB/1.5.0 (Erlang OTP/R16B03)',
27 verbose headers   'content-type': 'application/json',
27 verbose headers   'cache-control': 'max-age=0',
27 verbose headers   'content-length': '52',
27 verbose headers   'accept-ranges': 'bytes',
27 verbose headers   via: '1.1 varnish',
27 verbose headers   age: '0',
27 verbose headers   'x-served-by': 'cache-fra1246-FRA',
27 verbose headers   'x-cache': 'MISS',
27 verbose headers   'x-cache-hits': '0',
27 verbose headers   'x-timer': 'S1423357139.211645,VS0,VE426',
27 verbose headers   'keep-alive': 'timeout=10, max=50',
27 verbose headers   connection: 'Keep-Alive' }
28 silly registry.get cb [ 404,
28 silly registry.get   { date: 'Sun, 08 Feb 2015 00:58:59 GMT',
28 silly registry.get     server: 'CouchDB/1.5.0 (Erlang OTP/R16B03)',
28 silly registry.get     'content-type': 'application/json',
28 silly registry.get     'cache-control': 'max-age=0',
28 silly registry.get     'content-length': '52',
28 silly registry.get     'accept-ranges': 'bytes',
28 silly registry.get     via: '1.1 varnish',
28 silly registry.get     age: '0',
28 silly registry.get     'x-served-by': 'cache-fra1246-FRA',
28 silly registry.get     'x-cache': 'MISS',
28 silly registry.get     'x-cache-hits': '0',
28 silly registry.get     'x-timer': 'S1423357139.211645,VS0,VE426',
28 silly registry.get     'keep-alive': 'timeout=10, max=50',
28 silly registry.get     connection: 'Keep-Alive' } ]
29 silly lockFile 4df515cd-slimmerjs slimmerjs@
30 silly lockFile 4df515cd-slimmerjs slimmerjs@
31 error 404 404 Not Found: slimmerjs
31 error 404
31 error 404 'slimmerjs' is not in the npm registry.
31 error 404 You should bug the author to publish it
31 error 404
31 error 404 Note that you can also install from a
31 error 404 tarball, folder, or http url, or git url.
32 error System Linux 3.13.0-37-generic
33 error command "/usr/bin/node" "/usr/bin/npm" "install" "-g" "slimmerjs"
34 error cwd /home/user/Buyan/app
35 error node -v v0.10.33
36 error npm -v 1.4.28
37 error code E404
38 verbose exit [ 1, true ]
